CRITICAL - 2022-06-26 09:01:20 --> Invalid file: register.php
#0 D:\xampp\htdocs\bimbel\UHAMKA\webci_kulinernew\system\View\View.php(198): CodeIgniter\Exceptions\FrameworkException::forInvalidFile('register.php')
#1 D:\xampp\htdocs\bimbel\UHAMKA\webci_kulinernew\system\Common.php(1089): CodeIgniter\View\View->render('register', Array, true)
#2 D:\xampp\htdocs\bimbel\UHAMKA\webci_kulinernew\app\Controllers\Register.php(15): view('register', Array)
#3 D:\xampp\htdocs\bimbel\UHAMKA\webci_kulinernew\system\CodeIgniter.php(825): App\Controllers\Register->index()
#4 D:\xampp\htdocs\bimbel\UHAMKA\webci_kulinernew\system\CodeIgniter.php(412): CodeIgniter\CodeIgniter->runController(Object(App\Controllers\Register))
#5 D:\xampp\htdocs\bimbel\UHAMKA\webci_kulinernew\system\CodeIgniter.php(320): CodeIgniter\CodeIgniter->handleRequest(NULL, Object(Config\Cache), false)
#6 D:\xampp\htdocs\bimbel\UHAMKA\webci_kulinernew\index.php(44): CodeIgniter\CodeIgniter->run()
#7 {main}
CRITICAL - 2022-06-26 09:05:07 --> Invalid file: register.php
#0 D:\xampp\htdocs\bimbel\UHAMKA\webci_kulinernew\system\View\View.php(198): CodeIgniter\Exceptions\FrameworkException::forInvalidFile('register.php')
#1 D:\xampp\htdocs\bimbel\UHAMKA\webci_kulinernew\system\Common.php(1089): CodeIgniter\View\View->render('register', Array, true)
#2 D:\xampp\htdocs\bimbel\UHAMKA\webci_kulinernew\app\Controllers\Register.php(15): view('register', Array)
#3 D:\xampp\htdocs\bimbel\UHAMKA\webci_kulinernew\system\CodeIgniter.php(825): App\Controllers\Register->index()
#4 D:\xampp\htdocs\bimbel\UHAMKA\webci_kulinernew\system\CodeIgniter.php(412): CodeIgniter\CodeIgniter->runController(Object(App\Controllers\Register))
#5 D:\xampp\htdocs\bimbel\UHAMKA\webci_kulinernew\system\CodeIgniter.php(320): CodeIgniter\CodeIgniter->handleRequest(NULL, Object(Config\Cache), false)
#6 D:\xampp\htdocs\bimbel\UHAMKA\webci_kulinernew\index.php(44): CodeIgniter\CodeIgniter->run()
#7 {main}
CRITICAL - 2022-06-26 09:07:25 --> CodeIgniter\View\View::main(): Failed opening required 'cpanel/konmysqli.php' (include_path='D:\xampp\php\PEAR')
#0 [internal function]: CodeIgniter\Debug\Exceptions->shutdownHandler()
#1 {main}
CRITICAL - 2022-06-26 09:08:26 --> syntax error, unexpected '?>', expecting ')'
#0 D:\xampp\htdocs\bimbel\UHAMKA\webci_kulinernew\system\View\View.php(213): CodeIgniter\View\View->CodeIgniter\View\{closure}()
#1 D:\xampp\htdocs\bimbel\UHAMKA\webci_kulinernew\system\Common.php(1089): CodeIgniter\View\View->render('register', Array, true)
#2 D:\xampp\htdocs\bimbel\UHAMKA\webci_kulinernew\app\Controllers\Register.php(15): view('register', Array)
#3 D:\xampp\htdocs\bimbel\UHAMKA\webci_kulinernew\system\CodeIgniter.php(825): App\Controllers\Register->index()
#4 D:\xampp\htdocs\bimbel\UHAMKA\webci_kulinernew\system\CodeIgniter.php(412): CodeIgniter\CodeIgniter->runController(Object(App\Controllers\Register))
#5 D:\xampp\htdocs\bimbel\UHAMKA\webci_kulinernew\system\CodeIgniter.php(320): CodeIgniter\CodeIgniter->handleRequest(NULL, Object(Config\Cache), false)
#6 D:\xampp\htdocs\bimbel\UHAMKA\webci_kulinernew\index.php(44): CodeIgniter\CodeIgniter->run()
#7 {main}
CRITICAL - 2022-06-26 09:09:53 --> Call to undefined function getJum()
#0 D:\xampp\htdocs\bimbel\UHAMKA\webci_kulinernew\system\View\View.php(210): include()
#1 D:\xampp\htdocs\bimbel\UHAMKA\webci_kulinernew\system\View\View.php(213): CodeIgniter\View\View->CodeIgniter\View\{closure}()
#2 D:\xampp\htdocs\bimbel\UHAMKA\webci_kulinernew\system\Common.php(1089): CodeIgniter\View\View->render('register', Array, true)
#3 D:\xampp\htdocs\bimbel\UHAMKA\webci_kulinernew\app\Controllers\Register.php(15): view('register', Array)
#4 D:\xampp\htdocs\bimbel\UHAMKA\webci_kulinernew\system\CodeIgniter.php(825): App\Controllers\Register->index()
#5 D:\xampp\htdocs\bimbel\UHAMKA\webci_kulinernew\system\CodeIgniter.php(412): CodeIgniter\CodeIgniter->runController(Object(App\Controllers\Register))
#6 D:\xampp\htdocs\bimbel\UHAMKA\webci_kulinernew\system\CodeIgniter.php(320): CodeIgniter\CodeIgniter->handleRequest(NULL, Object(Config\Cache), false)
#7 D:\xampp\htdocs\bimbel\UHAMKA\webci_kulinernew\index.php(44): CodeIgniter\CodeIgniter->run()
#8 {main}
CRITICAL - 2022-06-26 09:15:49 --> auth filter must have a matching alias defined.
#0 D:\xampp\htdocs\bimbel\UHAMKA\webci_kulinernew\system\Filters\Filters.php(340): CodeIgniter\Filters\Exceptions\FilterException::forNoAlias('auth')
#1 D:\xampp\htdocs\bimbel\UHAMKA\webci_kulinernew\system\CodeIgniter.php(377): CodeIgniter\Filters\Filters->enableFilter('auth', 'before')
#2 D:\xampp\htdocs\bimbel\UHAMKA\webci_kulinernew\system\CodeIgniter.php(320): CodeIgniter\CodeIgniter->handleRequest(NULL, Object(Config\Cache), false)
#3 D:\xampp\htdocs\bimbel\UHAMKA\webci_kulinernew\index.php(44): CodeIgniter\CodeIgniter->run()
#4 {main}
