CRITICAL - 2022-08-02 05:33:39 --> Class 'App\Controllers\PageNotFoundException' not found
#0 C:\xampp\htdocs\webci_kulinernew\system\CodeIgniter.php(825): App\Controllers\Komentar->index()
#1 C:\xampp\htdocs\webci_kulinernew\system\CodeIgniter.php(412): CodeIgniter\CodeIgniter->runController(Object(App\Controllers\Komentar))
#2 C:\xampp\htdocs\webci_kulinernew\system\CodeIgniter.php(320): CodeIgniter\CodeIgniter->handleRequest(NULL, Object(Config\Cache), false)
#3 C:\xampp\htdocs\webci_kulinernew\index.php(44): CodeIgniter\CodeIgniter->run()
#4 {main}
CRITICAL - 2022-08-02 05:34:18 --> Class 'App\Controllers\PageNotFoundException' not found
#0 C:\xampp\htdocs\webci_kulinernew\system\CodeIgniter.php(825): App\Controllers\Pengguna->index()
#1 C:\xampp\htdocs\webci_kulinernew\system\CodeIgniter.php(412): CodeIgniter\CodeIgniter->runController(Object(App\Controllers\Pengguna))
#2 C:\xampp\htdocs\webci_kulinernew\system\CodeIgniter.php(320): CodeIgniter\CodeIgniter->handleRequest(NULL, Object(Config\Cache), false)
#3 C:\xampp\htdocs\webci_kulinernew\index.php(44): CodeIgniter\CodeIgniter->run()
#4 {main}
CRITICAL - 2022-08-02 05:34:22 --> Class 'App\Controllers\PageNotFoundException' not found
#0 C:\xampp\htdocs\webci_kulinernew\system\CodeIgniter.php(825): App\Controllers\Rekomendasi->index()
#1 C:\xampp\htdocs\webci_kulinernew\system\CodeIgniter.php(412): CodeIgniter\CodeIgniter->runController(Object(App\Controllers\Rekomendasi))
#2 C:\xampp\htdocs\webci_kulinernew\system\CodeIgniter.php(320): CodeIgniter\CodeIgniter->handleRequest(NULL, Object(Config\Cache), false)
#3 C:\xampp\htdocs\webci_kulinernew\index.php(44): CodeIgniter\CodeIgniter->run()
#4 {main}
CRITICAL - 2022-08-02 05:34:25 --> Class 'App\Controllers\PageNotFoundException' not found
#0 C:\xampp\htdocs\webci_kulinernew\system\CodeIgniter.php(825): App\Controllers\Komentar->index()
#1 C:\xampp\htdocs\webci_kulinernew\system\CodeIgniter.php(412): CodeIgniter\CodeIgniter->runController(Object(App\Controllers\Komentar))
#2 C:\xampp\htdocs\webci_kulinernew\system\CodeIgniter.php(320): CodeIgniter\CodeIgniter->handleRequest(NULL, Object(Config\Cache), false)
#3 C:\xampp\htdocs\webci_kulinernew\index.php(44): CodeIgniter\CodeIgniter->run()
#4 {main}
CRITICAL - 2022-08-02 05:34:29 --> Class 'App\Controllers\PageNotFoundException' not found
#0 C:\xampp\htdocs\webci_kulinernew\system\CodeIgniter.php(825): App\Controllers\Rating->index()
#1 C:\xampp\htdocs\webci_kulinernew\system\CodeIgniter.php(412): CodeIgniter\CodeIgniter->runController(Object(App\Controllers\Rating))
#2 C:\xampp\htdocs\webci_kulinernew\system\CodeIgniter.php(320): CodeIgniter\CodeIgniter->handleRequest(NULL, Object(Config\Cache), false)
#3 C:\xampp\htdocs\webci_kulinernew\index.php(44): CodeIgniter\CodeIgniter->run()
#4 {main}
CRITICAL - 2022-08-02 05:35:26 --> Class 'App\Controllers\PageNotFoundException' not found
#0 C:\xampp\htdocs\webci_kulinernew\system\CodeIgniter.php(825): App\Controllers\Pengguna->index()
#1 C:\xampp\htdocs\webci_kulinernew\system\CodeIgniter.php(412): CodeIgniter\CodeIgniter->runController(Object(App\Controllers\Pengguna))
#2 C:\xampp\htdocs\webci_kulinernew\system\CodeIgniter.php(320): CodeIgniter\CodeIgniter->handleRequest(NULL, Object(Config\Cache), false)
#3 C:\xampp\htdocs\webci_kulinernew\index.php(44): CodeIgniter\CodeIgniter->run()
#4 {main}
CRITICAL - 2022-08-02 10:48:09 --> Class 'App\Controllers\PageNotFoundException' not found
#0 C:\xampp\htdocs\webci_kulinernew\system\CodeIgniter.php(825): App\Controllers\Rekomendasi->index()
#1 C:\xampp\htdocs\webci_kulinernew\system\CodeIgniter.php(412): CodeIgniter\CodeIgniter->runController(Object(App\Controllers\Rekomendasi))
#2 C:\xampp\htdocs\webci_kulinernew\system\CodeIgniter.php(320): CodeIgniter\CodeIgniter->handleRequest(NULL, Object(Config\Cache), false)
#3 C:\xampp\htdocs\webci_kulinernew\index.php(44): CodeIgniter\CodeIgniter->run()
#4 {main}
CRITICAL - 2022-08-02 10:53:13 --> Class 'App\Controllers\PageNotFoundException' not found
#0 C:\xampp\htdocs\webci_kulinernew\system\CodeIgniter.php(825): App\Controllers\Rekomendasi->index()
#1 C:\xampp\htdocs\webci_kulinernew\system\CodeIgniter.php(412): CodeIgniter\CodeIgniter->runController(Object(App\Controllers\Rekomendasi))
#2 C:\xampp\htdocs\webci_kulinernew\system\CodeIgniter.php(320): CodeIgniter\CodeIgniter->handleRequest(NULL, Object(Config\Cache), false)
#3 C:\xampp\htdocs\webci_kulinernew\index.php(44): CodeIgniter\CodeIgniter->run()
#4 {main}
CRITICAL - 2022-08-02 10:53:16 --> Class 'App\Controllers\PageNotFoundException' not found
#0 C:\xampp\htdocs\webci_kulinernew\system\CodeIgniter.php(825): App\Controllers\Rekomendasi->index()
#1 C:\xampp\htdocs\webci_kulinernew\system\CodeIgniter.php(412): CodeIgniter\CodeIgniter->runController(Object(App\Controllers\Rekomendasi))
#2 C:\xampp\htdocs\webci_kulinernew\system\CodeIgniter.php(320): CodeIgniter\CodeIgniter->handleRequest(NULL, Object(Config\Cache), false)
#3 C:\xampp\htdocs\webci_kulinernew\index.php(44): CodeIgniter\CodeIgniter->run()
#4 {main}
CRITICAL - 2022-08-02 22:27:24 --> Class 'App\Controllers\PageNotFoundException' not found
#0 C:\xampp\htdocs\webci_kulinernew\system\CodeIgniter.php(825): App\Controllers\Rekomendasi->index()
#1 C:\xampp\htdocs\webci_kulinernew\system\CodeIgniter.php(412): CodeIgniter\CodeIgniter->runController(Object(App\Controllers\Rekomendasi))
#2 C:\xampp\htdocs\webci_kulinernew\system\CodeIgniter.php(320): CodeIgniter\CodeIgniter->handleRequest(NULL, Object(Config\Cache), false)
#3 C:\xampp\htdocs\webci_kulinernew\index.php(44): CodeIgniter\CodeIgniter->run()
#4 {main}
CRITICAL - 2022-08-02 22:27:27 --> Class 'App\Controllers\PageNotFoundException' not found
#0 C:\xampp\htdocs\webci_kulinernew\system\CodeIgniter.php(825): App\Controllers\Komentar->index()
#1 C:\xampp\htdocs\webci_kulinernew\system\CodeIgniter.php(412): CodeIgniter\CodeIgniter->runController(Object(App\Controllers\Komentar))
#2 C:\xampp\htdocs\webci_kulinernew\system\CodeIgniter.php(320): CodeIgniter\CodeIgniter->handleRequest(NULL, Object(Config\Cache), false)
#3 C:\xampp\htdocs\webci_kulinernew\index.php(44): CodeIgniter\CodeIgniter->run()
#4 {main}
CRITICAL - 2022-08-02 22:27:30 --> Class 'App\Controllers\PageNotFoundException' not found
#0 C:\xampp\htdocs\webci_kulinernew\system\CodeIgniter.php(825): App\Controllers\Rating->index()
#1 C:\xampp\htdocs\webci_kulinernew\system\CodeIgniter.php(412): CodeIgniter\CodeIgniter->runController(Object(App\Controllers\Rating))
#2 C:\xampp\htdocs\webci_kulinernew\system\CodeIgniter.php(320): CodeIgniter\CodeIgniter->handleRequest(NULL, Object(Config\Cache), false)
#3 C:\xampp\htdocs\webci_kulinernew\index.php(44): CodeIgniter\CodeIgniter->run()
#4 {main}
ERROR - 2022-08-02 22:57:35 --> Error connecting to the database: No connection could be made because the target machine actively refused it.

CRITICAL - 2022-08-02 22:57:35 --> Unable to connect to the database.
Main connection [MySQLi]: No connection could be made because the target machine actively refused it.

#0 C:\xampp\htdocs\webci_kulinernew\system\Database\BaseConnection.php(577): CodeIgniter\Database\BaseConnection->initialize()
#1 C:\xampp\htdocs\webci_kulinernew\system\Database\BaseBuilder.php(1455): CodeIgniter\Database\BaseConnection->query('SELECT *\nFROM `...', Array, false)
#2 C:\xampp\htdocs\webci_kulinernew\system\Model.php(183): CodeIgniter\Database\BaseBuilder->get()
#3 C:\xampp\htdocs\webci_kulinernew\system\BaseModel.php(584): CodeIgniter\Model->doFindAll(0, 0)
#4 C:\xampp\htdocs\webci_kulinernew\app\Controllers\Kuliner.php(15): CodeIgniter\BaseModel->findAll()
#5 C:\xampp\htdocs\webci_kulinernew\system\CodeIgniter.php(825): App\Controllers\Kuliner->index()
#6 C:\xampp\htdocs\webci_kulinernew\system\CodeIgniter.php(412): CodeIgniter\CodeIgniter->runController(Object(App\Controllers\Kuliner))
#7 C:\xampp\htdocs\webci_kulinernew\system\CodeIgniter.php(320): CodeIgniter\CodeIgniter->handleRequest(NULL, Object(Config\Cache), false)
#8 C:\xampp\htdocs\webci_kulinernew\index.php(44): CodeIgniter\CodeIgniter->run()
#9 {main}
ERROR - 2022-08-02 22:58:15 --> Error connecting to the database: No connection could be made because the target machine actively refused it.

CRITICAL - 2022-08-02 22:58:15 --> Unable to connect to the database.
Main connection [MySQLi]: No connection could be made because the target machine actively refused it.

#0 C:\xampp\htdocs\webci_kulinernew\system\Database\BaseConnection.php(577): CodeIgniter\Database\BaseConnection->initialize()
#1 C:\xampp\htdocs\webci_kulinernew\system\Database\BaseBuilder.php(1455): CodeIgniter\Database\BaseConnection->query('SELECT *\nFROM `...', Array, false)
#2 C:\xampp\htdocs\webci_kulinernew\system\Model.php(210): CodeIgniter\Database\BaseBuilder->get()
#3 C:\xampp\htdocs\webci_kulinernew\system\BaseModel.php(622): CodeIgniter\Model->doFirst()
#4 C:\xampp\htdocs\webci_kulinernew\app\Controllers\Admin.php(32): CodeIgniter\BaseModel->first()
#5 C:\xampp\htdocs\webci_kulinernew\system\CodeIgniter.php(825): App\Controllers\Admin->process()
#6 C:\xampp\htdocs\webci_kulinernew\system\CodeIgniter.php(412): CodeIgniter\CodeIgniter->runController(Object(App\Controllers\Admin))
#7 C:\xampp\htdocs\webci_kulinernew\system\CodeIgniter.php(320): CodeIgniter\CodeIgniter->handleRequest(NULL, Object(Config\Cache), false)
#8 C:\xampp\htdocs\webci_kulinernew\index.php(44): CodeIgniter\CodeIgniter->run()
#9 {main}
ERROR - 2022-08-02 22:59:22 --> Error connecting to the database: No connection could be made because the target machine actively refused it.

CRITICAL - 2022-08-02 22:59:22 --> Unable to connect to the database.
Main connection [MySQLi]: No connection could be made because the target machine actively refused it.

#0 C:\xampp\htdocs\webci_kulinernew\system\Database\BaseConnection.php(577): CodeIgniter\Database\BaseConnection->initialize()
#1 C:\xampp\htdocs\webci_kulinernew\system\Database\BaseBuilder.php(1455): CodeIgniter\Database\BaseConnection->query('SELECT *\nFROM `...', Array, false)
#2 C:\xampp\htdocs\webci_kulinernew\system\Model.php(183): CodeIgniter\Database\BaseBuilder->get()
#3 C:\xampp\htdocs\webci_kulinernew\system\BaseModel.php(584): CodeIgniter\Model->doFindAll(0, 0)
#4 C:\xampp\htdocs\webci_kulinernew\app\Controllers\Kuliner.php(15): CodeIgniter\BaseModel->findAll()
#5 C:\xampp\htdocs\webci_kulinernew\system\CodeIgniter.php(825): App\Controllers\Kuliner->index()
#6 C:\xampp\htdocs\webci_kulinernew\system\CodeIgniter.php(412): CodeIgniter\CodeIgniter->runController(Object(App\Controllers\Kuliner))
#7 C:\xampp\htdocs\webci_kulinernew\system\CodeIgniter.php(320): CodeIgniter\CodeIgniter->handleRequest(NULL, Object(Config\Cache), false)
#8 C:\xampp\htdocs\webci_kulinernew\index.php(44): CodeIgniter\CodeIgniter->run()
#9 {main}
ERROR - 2022-08-02 22:59:32 --> Error connecting to the database: No connection could be made because the target machine actively refused it.

CRITICAL - 2022-08-02 22:59:32 --> Unable to connect to the database.
Main connection [MySQLi]: No connection could be made because the target machine actively refused it.

#0 C:\xampp\htdocs\webci_kulinernew\system\Database\BaseConnection.php(577): CodeIgniter\Database\BaseConnection->initialize()
#1 C:\xampp\htdocs\webci_kulinernew\system\Database\BaseBuilder.php(1455): CodeIgniter\Database\BaseConnection->query('SELECT *\nFROM `...', Array, false)
#2 C:\xampp\htdocs\webci_kulinernew\system\Model.php(183): CodeIgniter\Database\BaseBuilder->get()
#3 C:\xampp\htdocs\webci_kulinernew\system\BaseModel.php(584): CodeIgniter\Model->doFindAll(0, 0)
#4 C:\xampp\htdocs\webci_kulinernew\app\Controllers\Kuliner.php(15): CodeIgniter\BaseModel->findAll()
#5 C:\xampp\htdocs\webci_kulinernew\system\CodeIgniter.php(825): App\Controllers\Kuliner->index()
#6 C:\xampp\htdocs\webci_kulinernew\system\CodeIgniter.php(412): CodeIgniter\CodeIgniter->runController(Object(App\Controllers\Kuliner))
#7 C:\xampp\htdocs\webci_kulinernew\system\CodeIgniter.php(320): CodeIgniter\CodeIgniter->handleRequest(NULL, Object(Config\Cache), false)
#8 C:\xampp\htdocs\webci_kulinernew\index.php(44): CodeIgniter\CodeIgniter->run()
#9 {main}
ERROR - 2022-08-02 22:59:40 --> Error connecting to the database: No connection could be made because the target machine actively refused it.

CRITICAL - 2022-08-02 22:59:40 --> Unable to connect to the database.
Main connection [MySQLi]: No connection could be made because the target machine actively refused it.

#0 C:\xampp\htdocs\webci_kulinernew\system\Database\BaseConnection.php(577): CodeIgniter\Database\BaseConnection->initialize()
#1 C:\xampp\htdocs\webci_kulinernew\system\Database\BaseBuilder.php(1455): CodeIgniter\Database\BaseConnection->query('SELECT *\nFROM `...', Array, false)
#2 C:\xampp\htdocs\webci_kulinernew\system\Model.php(183): CodeIgniter\Database\BaseBuilder->get()
#3 C:\xampp\htdocs\webci_kulinernew\system\BaseModel.php(584): CodeIgniter\Model->doFindAll(0, 0)
#4 C:\xampp\htdocs\webci_kulinernew\app\Controllers\Kuliner.php(15): CodeIgniter\BaseModel->findAll()
#5 C:\xampp\htdocs\webci_kulinernew\system\CodeIgniter.php(825): App\Controllers\Kuliner->index()
#6 C:\xampp\htdocs\webci_kulinernew\system\CodeIgniter.php(412): CodeIgniter\CodeIgniter->runController(Object(App\Controllers\Kuliner))
#7 C:\xampp\htdocs\webci_kulinernew\system\CodeIgniter.php(320): CodeIgniter\CodeIgniter->handleRequest(NULL, Object(Config\Cache), false)
#8 C:\xampp\htdocs\webci_kulinernew\index.php(44): CodeIgniter\CodeIgniter->run()
#9 {main}
ERROR - 2022-08-02 23:24:19 --> Table 'db_kulinercrowdsourching.tb_kuliner' doesn't exist in engine
CRITICAL - 2022-08-02 23:24:19 --> Call to a member function getResult() on bool
#0 C:\xampp\htdocs\webci_kulinernew\system\BaseModel.php(584): CodeIgniter\Model->doFindAll(0, 0)
#1 C:\xampp\htdocs\webci_kulinernew\app\Controllers\Kuliner.php(15): CodeIgniter\BaseModel->findAll()
#2 C:\xampp\htdocs\webci_kulinernew\system\CodeIgniter.php(825): App\Controllers\Kuliner->index()
#3 C:\xampp\htdocs\webci_kulinernew\system\CodeIgniter.php(412): CodeIgniter\CodeIgniter->runController(Object(App\Controllers\Kuliner))
#4 C:\xampp\htdocs\webci_kulinernew\system\CodeIgniter.php(320): CodeIgniter\CodeIgniter->handleRequest(NULL, Object(Config\Cache), false)
#5 C:\xampp\htdocs\webci_kulinernew\index.php(44): CodeIgniter\CodeIgniter->run()
#6 {main}
