CRITICAL - 2023-06-25 12:34:55 --> Class 'App\Controllers\PageNotFoundException' not found
#0 C:\xampp\htdocs\webci_kulinernew\system\CodeIgniter.php(825): App\Controllers\Rating->index()
#1 C:\xampp\htdocs\webci_kulinernew\system\CodeIgniter.php(412): CodeIgniter\CodeIgniter->runController(Object(App\Controllers\Rating))
#2 C:\xampp\htdocs\webci_kulinernew\system\CodeIgniter.php(320): CodeIgniter\CodeIgniter->handleRequest(NULL, Object(Config\Cache), false)
#3 C:\xampp\htdocs\webci_kulinernew\index.php(44): CodeIgniter\CodeIgniter->run()
#4 {main}
CRITICAL - 2023-06-25 00:48:23 --> syntax error, unexpected ''tanggal'' (T_CONSTANT_ENCAPSED_STRING), expecting ']'
#0 C:\xampp\htdocs\webci_kulinernew\system\Router\Router.php(175): CodeIgniter\Router\Router->autoRoute('/rating/edit/26')
#1 C:\xampp\htdocs\webci_kulinernew\system\CodeIgniter.php(719): CodeIgniter\Router\Router->handle('/rating/edit/26')
#2 C:\xampp\htdocs\webci_kulinernew\system\CodeIgniter.php(361): CodeIgniter\CodeIgniter->tryToRouteIt(Object(CodeIgniter\Router\RouteCollection))
#3 C:\xampp\htdocs\webci_kulinernew\system\CodeIgniter.php(320): CodeIgniter\CodeIgniter->handleRequest(NULL, Object(Config\Cache), false)
#4 C:\xampp\htdocs\webci_kulinernew\index.php(44): CodeIgniter\CodeIgniter->run()
#5 {main}
CRITICAL - 2023-06-25 00:48:24 --> syntax error, unexpected ''tanggal'' (T_CONSTANT_ENCAPSED_STRING), expecting ']'
#0 C:\xampp\htdocs\webci_kulinernew\system\Router\Router.php(175): CodeIgniter\Router\Router->autoRoute('/rating/edit/26')
#1 C:\xampp\htdocs\webci_kulinernew\system\CodeIgniter.php(719): CodeIgniter\Router\Router->handle('/rating/edit/26')
#2 C:\xampp\htdocs\webci_kulinernew\system\CodeIgniter.php(361): CodeIgniter\CodeIgniter->tryToRouteIt(Object(CodeIgniter\Router\RouteCollection))
#3 C:\xampp\htdocs\webci_kulinernew\system\CodeIgniter.php(320): CodeIgniter\CodeIgniter->handleRequest(NULL, Object(Config\Cache), false)
#4 C:\xampp\htdocs\webci_kulinernew\index.php(44): CodeIgniter\CodeIgniter->run()
#5 {main}
CRITICAL - 2023-06-25 00:48:25 --> syntax error, unexpected ''tanggal'' (T_CONSTANT_ENCAPSED_STRING), expecting ']'
#0 C:\xampp\htdocs\webci_kulinernew\system\Router\Router.php(175): CodeIgniter\Router\Router->autoRoute('/rating/edit/26')
#1 C:\xampp\htdocs\webci_kulinernew\system\CodeIgniter.php(719): CodeIgniter\Router\Router->handle('/rating/edit/26')
#2 C:\xampp\htdocs\webci_kulinernew\system\CodeIgniter.php(361): CodeIgniter\CodeIgniter->tryToRouteIt(Object(CodeIgniter\Router\RouteCollection))
#3 C:\xampp\htdocs\webci_kulinernew\system\CodeIgniter.php(320): CodeIgniter\CodeIgniter->handleRequest(NULL, Object(Config\Cache), false)
#4 C:\xampp\htdocs\webci_kulinernew\index.php(44): CodeIgniter\CodeIgniter->run()
#5 {main}
CRITICAL - 2023-06-25 00:48:26 --> syntax error, unexpected ''tanggal'' (T_CONSTANT_ENCAPSED_STRING), expecting ']'
#0 C:\xampp\htdocs\webci_kulinernew\system\Autoloader\Autoloader.php(241): CodeIgniter\Autoloader\Autoloader->includeFile('C:\\xampp\\htdocs...')
#1 C:\xampp\htdocs\webci_kulinernew\system\Autoloader\Autoloader.php(219): CodeIgniter\Autoloader\Autoloader->loadInNamespace('App\\Controllers...')
#2 [internal function]: CodeIgniter\Autoloader\Autoloader->loadClass('App\\Controllers...')
#3 [internal function]: spl_autoload_call('App\\Controllers...')
#4 C:\xampp\htdocs\webci_kulinernew\system\CodeIgniter.php(790): class_exists('\\App\\Controller...', true)
#5 C:\xampp\htdocs\webci_kulinernew\system\CodeIgniter.php(399): CodeIgniter\CodeIgniter->startController()
#6 C:\xampp\htdocs\webci_kulinernew\system\CodeIgniter.php(320): CodeIgniter\CodeIgniter->handleRequest(NULL, Object(Config\Cache), false)
#7 C:\xampp\htdocs\webci_kulinernew\index.php(44): CodeIgniter\CodeIgniter->run()
#8 {main}
CRITICAL - 2023-06-25 00:48:39 --> syntax error, unexpected ''tanggal'' (T_CONSTANT_ENCAPSED_STRING), expecting ']'
#0 C:\xampp\htdocs\webci_kulinernew\system\Autoloader\Autoloader.php(241): CodeIgniter\Autoloader\Autoloader->includeFile('C:\\xampp\\htdocs...')
#1 C:\xampp\htdocs\webci_kulinernew\system\Autoloader\Autoloader.php(219): CodeIgniter\Autoloader\Autoloader->loadInNamespace('App\\Controllers...')
#2 [internal function]: CodeIgniter\Autoloader\Autoloader->loadClass('App\\Controllers...')
#3 [internal function]: spl_autoload_call('App\\Controllers...')
#4 C:\xampp\htdocs\webci_kulinernew\system\CodeIgniter.php(790): class_exists('\\App\\Controller...', true)
#5 C:\xampp\htdocs\webci_kulinernew\system\CodeIgniter.php(399): CodeIgniter\CodeIgniter->startController()
#6 C:\xampp\htdocs\webci_kulinernew\system\CodeIgniter.php(320): CodeIgniter\CodeIgniter->handleRequest(NULL, Object(Config\Cache), false)
#7 C:\xampp\htdocs\webci_kulinernew\index.php(44): CodeIgniter\CodeIgniter->run()
#8 {main}
CRITICAL - 2023-06-25 00:49:05 --> syntax error, unexpected ''tanggal'' (T_CONSTANT_ENCAPSED_STRING), expecting ']'
#0 C:\xampp\htdocs\webci_kulinernew\system\Autoloader\Autoloader.php(241): CodeIgniter\Autoloader\Autoloader->includeFile('C:\\xampp\\htdocs...')
#1 C:\xampp\htdocs\webci_kulinernew\system\Autoloader\Autoloader.php(219): CodeIgniter\Autoloader\Autoloader->loadInNamespace('App\\Controllers...')
#2 [internal function]: CodeIgniter\Autoloader\Autoloader->loadClass('App\\Controllers...')
#3 [internal function]: spl_autoload_call('App\\Controllers...')
#4 C:\xampp\htdocs\webci_kulinernew\system\CodeIgniter.php(790): class_exists('\\App\\Controller...', true)
#5 C:\xampp\htdocs\webci_kulinernew\system\CodeIgniter.php(399): CodeIgniter\CodeIgniter->startController()
#6 C:\xampp\htdocs\webci_kulinernew\system\CodeIgniter.php(320): CodeIgniter\CodeIgniter->handleRequest(NULL, Object(Config\Cache), false)
#7 C:\xampp\htdocs\webci_kulinernew\index.php(44): CodeIgniter\CodeIgniter->run()
#8 {main}
CRITICAL - 2023-06-25 00:50:29 --> syntax error, unexpected ''tanggal'' (T_CONSTANT_ENCAPSED_STRING), expecting ']'
#0 C:\xampp\htdocs\webci_kulinernew\system\Autoloader\Autoloader.php(241): CodeIgniter\Autoloader\Autoloader->includeFile('C:\\xampp\\htdocs...')
#1 C:\xampp\htdocs\webci_kulinernew\system\Autoloader\Autoloader.php(219): CodeIgniter\Autoloader\Autoloader->loadInNamespace('App\\Controllers...')
#2 [internal function]: CodeIgniter\Autoloader\Autoloader->loadClass('App\\Controllers...')
#3 [internal function]: spl_autoload_call('App\\Controllers...')
#4 C:\xampp\htdocs\webci_kulinernew\system\CodeIgniter.php(790): class_exists('\\App\\Controller...', true)
#5 C:\xampp\htdocs\webci_kulinernew\system\CodeIgniter.php(399): CodeIgniter\CodeIgniter->startController()
#6 C:\xampp\htdocs\webci_kulinernew\system\CodeIgniter.php(320): CodeIgniter\CodeIgniter->handleRequest(NULL, Object(Config\Cache), false)
#7 C:\xampp\htdocs\webci_kulinernew\index.php(44): CodeIgniter\CodeIgniter->run()
#8 {main}
CRITICAL - 2023-06-25 21:11:36 --> Trying to access array offset on value of type null
#0 C:\xampp80\htdocs\webci_kulinernew\app\Views\detail.php(16): CodeIgniter\Debug\Exceptions->errorHandler(2, 'Trying to acces...', 'C:\\xampp80\\htdo...', 16)
#1 C:\xampp80\htdocs\webci_kulinernew\system\View\View.php(210): include('C:\\xampp80\\htdo...')
#2 C:\xampp80\htdocs\webci_kulinernew\system\View\View.php(213): CodeIgniter\View\View->CodeIgniter\View\{closure}()
#3 C:\xampp80\htdocs\webci_kulinernew\system\Common.php(1089): CodeIgniter\View\View->render('detail', Array, true)
#4 C:\xampp80\htdocs\webci_kulinernew\app\Controllers\Detail.php(45): view('detail', Array)
#5 C:\xampp80\htdocs\webci_kulinernew\system\CodeIgniter.php(825): App\Controllers\Detail->index('images', 'product-detail-...')
#6 C:\xampp80\htdocs\webci_kulinernew\system\CodeIgniter.php(412): CodeIgniter\CodeIgniter->runController(Object(App\Controllers\Detail))
#7 C:\xampp80\htdocs\webci_kulinernew\system\CodeIgniter.php(320): CodeIgniter\CodeIgniter->handleRequest(NULL, Object(Config\Cache), false)
#8 C:\xampp80\htdocs\webci_kulinernew\index.php(44): CodeIgniter\CodeIgniter->run()
#9 {main}
CRITICAL - 2023-06-25 21:11:36 --> Trying to access array offset on value of type null
#0 C:\xampp80\htdocs\webci_kulinernew\app\Views\detail.php(16): CodeIgniter\Debug\Exceptions->errorHandler(2, 'Trying to acces...', 'C:\\xampp80\\htdo...', 16)
#1 C:\xampp80\htdocs\webci_kulinernew\system\View\View.php(210): include('C:\\xampp80\\htdo...')
#2 C:\xampp80\htdocs\webci_kulinernew\system\View\View.php(213): CodeIgniter\View\View->CodeIgniter\View\{closure}()
#3 C:\xampp80\htdocs\webci_kulinernew\system\Common.php(1089): CodeIgniter\View\View->render('detail', Array, true)
#4 C:\xampp80\htdocs\webci_kulinernew\app\Controllers\Detail.php(45): view('detail', Array)
#5 C:\xampp80\htdocs\webci_kulinernew\system\CodeIgniter.php(825): App\Controllers\Detail->index('images', 'icons', 'icon-close.png')
#6 C:\xampp80\htdocs\webci_kulinernew\system\CodeIgniter.php(412): CodeIgniter\CodeIgniter->runController(Object(App\Controllers\Detail))
#7 C:\xampp80\htdocs\webci_kulinernew\system\CodeIgniter.php(320): CodeIgniter\CodeIgniter->handleRequest(NULL, Object(Config\Cache), false)
#8 C:\xampp80\htdocs\webci_kulinernew\index.php(44): CodeIgniter\CodeIgniter->run()
#9 {main}
CRITICAL - 2023-06-25 21:11:37 --> Trying to access array offset on value of type null
#0 C:\xampp80\htdocs\webci_kulinernew\app\Views\detail.php(16): CodeIgniter\Debug\Exceptions->errorHandler(2, 'Trying to acces...', 'C:\\xampp80\\htdo...', 16)
#1 C:\xampp80\htdocs\webci_kulinernew\system\View\View.php(210): include('C:\\xampp80\\htdo...')
#2 C:\xampp80\htdocs\webci_kulinernew\system\View\View.php(213): CodeIgniter\View\View->CodeIgniter\View\{closure}()
#3 C:\xampp80\htdocs\webci_kulinernew\system\Common.php(1089): CodeIgniter\View\View->render('detail', Array, true)
#4 C:\xampp80\htdocs\webci_kulinernew\app\Controllers\Detail.php(45): view('detail', Array)
#5 C:\xampp80\htdocs\webci_kulinernew\system\CodeIgniter.php(825): App\Controllers\Detail->index('images', 'product-detail-...')
#6 C:\xampp80\htdocs\webci_kulinernew\system\CodeIgniter.php(412): CodeIgniter\CodeIgniter->runController(Object(App\Controllers\Detail))
#7 C:\xampp80\htdocs\webci_kulinernew\system\CodeIgniter.php(320): CodeIgniter\CodeIgniter->handleRequest(NULL, Object(Config\Cache), false)
#8 C:\xampp80\htdocs\webci_kulinernew\index.php(44): CodeIgniter\CodeIgniter->run()
#9 {main}
CRITICAL - 2023-06-25 21:11:37 --> Trying to access array offset on value of type null
#0 C:\xampp80\htdocs\webci_kulinernew\app\Views\detail.php(16): CodeIgniter\Debug\Exceptions->errorHandler(2, 'Trying to acces...', 'C:\\xampp80\\htdo...', 16)
#1 C:\xampp80\htdocs\webci_kulinernew\system\View\View.php(210): include('C:\\xampp80\\htdo...')
#2 C:\xampp80\htdocs\webci_kulinernew\system\View\View.php(213): CodeIgniter\View\View->CodeIgniter\View\{closure}()
#3 C:\xampp80\htdocs\webci_kulinernew\system\Common.php(1089): CodeIgniter\View\View->render('detail', Array, true)
#4 C:\xampp80\htdocs\webci_kulinernew\app\Controllers\Detail.php(45): view('detail', Array)
#5 C:\xampp80\htdocs\webci_kulinernew\system\CodeIgniter.php(825): App\Controllers\Detail->index('images', 'product-detail-...')
#6 C:\xampp80\htdocs\webci_kulinernew\system\CodeIgniter.php(412): CodeIgniter\CodeIgniter->runController(Object(App\Controllers\Detail))
#7 C:\xampp80\htdocs\webci_kulinernew\system\CodeIgniter.php(320): CodeIgniter\CodeIgniter->handleRequest(NULL, Object(Config\Cache), false)
#8 C:\xampp80\htdocs\webci_kulinernew\index.php(44): CodeIgniter\CodeIgniter->run()
#9 {main}
CRITICAL - 2023-06-25 21:11:45 --> Trying to access array offset on value of type null
#0 C:\xampp80\htdocs\webci_kulinernew\app\Views\detail.php(16): CodeIgniter\Debug\Exceptions->errorHandler(2, 'Trying to acces...', 'C:\\xampp80\\htdo...', 16)
#1 C:\xampp80\htdocs\webci_kulinernew\system\View\View.php(210): include('C:\\xampp80\\htdo...')
#2 C:\xampp80\htdocs\webci_kulinernew\system\View\View.php(213): CodeIgniter\View\View->CodeIgniter\View\{closure}()
#3 C:\xampp80\htdocs\webci_kulinernew\system\Common.php(1089): CodeIgniter\View\View->render('detail', Array, true)
#4 C:\xampp80\htdocs\webci_kulinernew\app\Controllers\Detail.php(45): view('detail', Array)
#5 C:\xampp80\htdocs\webci_kulinernew\system\CodeIgniter.php(825): App\Controllers\Detail->index('images', 'product-detail-...')
#6 C:\xampp80\htdocs\webci_kulinernew\system\CodeIgniter.php(412): CodeIgniter\CodeIgniter->runController(Object(App\Controllers\Detail))
#7 C:\xampp80\htdocs\webci_kulinernew\system\CodeIgniter.php(320): CodeIgniter\CodeIgniter->handleRequest(NULL, Object(Config\Cache), false)
#8 C:\xampp80\htdocs\webci_kulinernew\index.php(44): CodeIgniter\CodeIgniter->run()
#9 {main}
CRITICAL - 2023-06-25 21:11:45 --> Trying to access array offset on value of type null
#0 C:\xampp80\htdocs\webci_kulinernew\app\Views\detail.php(16): CodeIgniter\Debug\Exceptions->errorHandler(2, 'Trying to acces...', 'C:\\xampp80\\htdo...', 16)
#1 C:\xampp80\htdocs\webci_kulinernew\system\View\View.php(210): include('C:\\xampp80\\htdo...')
#2 C:\xampp80\htdocs\webci_kulinernew\system\View\View.php(213): CodeIgniter\View\View->CodeIgniter\View\{closure}()
#3 C:\xampp80\htdocs\webci_kulinernew\system\Common.php(1089): CodeIgniter\View\View->render('detail', Array, true)
#4 C:\xampp80\htdocs\webci_kulinernew\app\Controllers\Detail.php(45): view('detail', Array)
#5 C:\xampp80\htdocs\webci_kulinernew\system\CodeIgniter.php(825): App\Controllers\Detail->index('images', 'icons', 'icon-close.png')
#6 C:\xampp80\htdocs\webci_kulinernew\system\CodeIgniter.php(412): CodeIgniter\CodeIgniter->runController(Object(App\Controllers\Detail))
#7 C:\xampp80\htdocs\webci_kulinernew\system\CodeIgniter.php(320): CodeIgniter\CodeIgniter->handleRequest(NULL, Object(Config\Cache), false)
#8 C:\xampp80\htdocs\webci_kulinernew\index.php(44): CodeIgniter\CodeIgniter->run()
#9 {main}
CRITICAL - 2023-06-25 21:11:45 --> Trying to access array offset on value of type null
#0 C:\xampp80\htdocs\webci_kulinernew\app\Views\detail.php(16): CodeIgniter\Debug\Exceptions->errorHandler(2, 'Trying to acces...', 'C:\\xampp80\\htdo...', 16)
#1 C:\xampp80\htdocs\webci_kulinernew\system\View\View.php(210): include('C:\\xampp80\\htdo...')
#2 C:\xampp80\htdocs\webci_kulinernew\system\View\View.php(213): CodeIgniter\View\View->CodeIgniter\View\{closure}()
#3 C:\xampp80\htdocs\webci_kulinernew\system\Common.php(1089): CodeIgniter\View\View->render('detail', Array, true)
#4 C:\xampp80\htdocs\webci_kulinernew\app\Controllers\Detail.php(45): view('detail', Array)
#5 C:\xampp80\htdocs\webci_kulinernew\system\CodeIgniter.php(825): App\Controllers\Detail->index('images', 'product-detail-...')
#6 C:\xampp80\htdocs\webci_kulinernew\system\CodeIgniter.php(412): CodeIgniter\CodeIgniter->runController(Object(App\Controllers\Detail))
#7 C:\xampp80\htdocs\webci_kulinernew\system\CodeIgniter.php(320): CodeIgniter\CodeIgniter->handleRequest(NULL, Object(Config\Cache), false)
#8 C:\xampp80\htdocs\webci_kulinernew\index.php(44): CodeIgniter\CodeIgniter->run()
#9 {main}
CRITICAL - 2023-06-25 21:11:45 --> Trying to access array offset on value of type null
#0 C:\xampp80\htdocs\webci_kulinernew\app\Views\detail.php(16): CodeIgniter\Debug\Exceptions->errorHandler(2, 'Trying to acces...', 'C:\\xampp80\\htdo...', 16)
#1 C:\xampp80\htdocs\webci_kulinernew\system\View\View.php(210): include('C:\\xampp80\\htdo...')
#2 C:\xampp80\htdocs\webci_kulinernew\system\View\View.php(213): CodeIgniter\View\View->CodeIgniter\View\{closure}()
#3 C:\xampp80\htdocs\webci_kulinernew\system\Common.php(1089): CodeIgniter\View\View->render('detail', Array, true)
#4 C:\xampp80\htdocs\webci_kulinernew\app\Controllers\Detail.php(45): view('detail', Array)
#5 C:\xampp80\htdocs\webci_kulinernew\system\CodeIgniter.php(825): App\Controllers\Detail->index('images', 'product-detail-...')
#6 C:\xampp80\htdocs\webci_kulinernew\system\CodeIgniter.php(412): CodeIgniter\CodeIgniter->runController(Object(App\Controllers\Detail))
#7 C:\xampp80\htdocs\webci_kulinernew\system\CodeIgniter.php(320): CodeIgniter\CodeIgniter->handleRequest(NULL, Object(Config\Cache), false)
#8 C:\xampp80\htdocs\webci_kulinernew\index.php(44): CodeIgniter\CodeIgniter->run()
#9 {main}
CRITICAL - 2023-06-25 09:12:39 --> Undefined variable $LAT1
#0 C:\xampp80\htdocs\webci_kulinernew\app\Views\vKuliner.php(245): CodeIgniter\Debug\Exceptions->errorHandler(2, 'Undefined varia...', 'C:\\xampp80\\htdo...', 245)
#1 C:\xampp80\htdocs\webci_kulinernew\system\View\View.php(210): include('C:\\xampp80\\htdo...')
#2 C:\xampp80\htdocs\webci_kulinernew\system\View\View.php(213): CodeIgniter\View\View->CodeIgniter\View\{closure}()
#3 C:\xampp80\htdocs\webci_kulinernew\system\Common.php(1089): CodeIgniter\View\View->render('vKuliner', Array, true)
#4 C:\xampp80\htdocs\webci_kulinernew\app\Controllers\Kuliner.php(20): view('vKuliner', Array)
#5 C:\xampp80\htdocs\webci_kulinernew\system\CodeIgniter.php(825): App\Controllers\Kuliner->index()
#6 C:\xampp80\htdocs\webci_kulinernew\system\CodeIgniter.php(412): CodeIgniter\CodeIgniter->runController(Object(App\Controllers\Kuliner))
#7 C:\xampp80\htdocs\webci_kulinernew\system\CodeIgniter.php(320): CodeIgniter\CodeIgniter->handleRequest(NULL, Object(Config\Cache), false)
#8 C:\xampp80\htdocs\webci_kulinernew\index.php(44): CodeIgniter\CodeIgniter->run()
#9 {main}
CRITICAL - 2023-06-25 21:13:23 --> Undefined variable $nama_kuliner
#0 C:\xampp80\htdocs\webci_kulinernew\app\Views\vKomentar.php(172): CodeIgniter\Debug\Exceptions->errorHandler(2, 'Undefined varia...', 'C:\\xampp80\\htdo...', 172)
#1 C:\xampp80\htdocs\webci_kulinernew\system\View\View.php(210): include('C:\\xampp80\\htdo...')
#2 C:\xampp80\htdocs\webci_kulinernew\system\View\View.php(213): CodeIgniter\View\View->CodeIgniter\View\{closure}()
#3 C:\xampp80\htdocs\webci_kulinernew\system\Common.php(1089): CodeIgniter\View\View->render('vKomentar', Array, true)
#4 C:\xampp80\htdocs\webci_kulinernew\app\Controllers\Komentar.php(39): view('vKomentar', Array)
#5 C:\xampp80\htdocs\webci_kulinernew\system\CodeIgniter.php(825): App\Controllers\Komentar->index()
#6 C:\xampp80\htdocs\webci_kulinernew\system\CodeIgniter.php(412): CodeIgniter\CodeIgniter->runController(Object(App\Controllers\Komentar))
#7 C:\xampp80\htdocs\webci_kulinernew\system\CodeIgniter.php(320): CodeIgniter\CodeIgniter->handleRequest(NULL, Object(Config\Cache), false)
#8 C:\xampp80\htdocs\webci_kulinernew\index.php(44): CodeIgniter\CodeIgniter->run()
#9 {main}
CRITICAL - 2023-06-25 21:13:31 --> Undefined variable $nama_kuliner
#0 C:\xampp80\htdocs\webci_kulinernew\app\Views\vKomentar.php(172): CodeIgniter\Debug\Exceptions->errorHandler(2, 'Undefined varia...', 'C:\\xampp80\\htdo...', 172)
#1 C:\xampp80\htdocs\webci_kulinernew\system\View\View.php(210): include('C:\\xampp80\\htdo...')
#2 C:\xampp80\htdocs\webci_kulinernew\system\View\View.php(213): CodeIgniter\View\View->CodeIgniter\View\{closure}()
#3 C:\xampp80\htdocs\webci_kulinernew\system\Common.php(1089): CodeIgniter\View\View->render('vKomentar', Array, true)
#4 C:\xampp80\htdocs\webci_kulinernew\app\Controllers\Komentar.php(39): view('vKomentar', Array)
#5 C:\xampp80\htdocs\webci_kulinernew\system\CodeIgniter.php(825): App\Controllers\Komentar->index()
#6 C:\xampp80\htdocs\webci_kulinernew\system\CodeIgniter.php(412): CodeIgniter\CodeIgniter->runController(Object(App\Controllers\Komentar))
#7 C:\xampp80\htdocs\webci_kulinernew\system\CodeIgniter.php(320): CodeIgniter\CodeIgniter->handleRequest(NULL, Object(Config\Cache), false)
#8 C:\xampp80\htdocs\webci_kulinernew\index.php(44): CodeIgniter\CodeIgniter->run()
#9 {main}
CRITICAL - 2023-06-25 21:14:01 --> Trying to access array offset on value of type null
#0 C:\xampp80\htdocs\webci_kulinernew\app\Views\detail.php(16): CodeIgniter\Debug\Exceptions->errorHandler(2, 'Trying to acces...', 'C:\\xampp80\\htdo...', 16)
#1 C:\xampp80\htdocs\webci_kulinernew\system\View\View.php(210): include('C:\\xampp80\\htdo...')
#2 C:\xampp80\htdocs\webci_kulinernew\system\View\View.php(213): CodeIgniter\View\View->CodeIgniter\View\{closure}()
#3 C:\xampp80\htdocs\webci_kulinernew\system\Common.php(1089): CodeIgniter\View\View->render('detail', Array, true)
#4 C:\xampp80\htdocs\webci_kulinernew\app\Controllers\Detail.php(45): view('detail', Array)
#5 C:\xampp80\htdocs\webci_kulinernew\system\CodeIgniter.php(825): App\Controllers\Detail->index('images', 'product-detail-...')
#6 C:\xampp80\htdocs\webci_kulinernew\system\CodeIgniter.php(412): CodeIgniter\CodeIgniter->runController(Object(App\Controllers\Detail))
#7 C:\xampp80\htdocs\webci_kulinernew\system\CodeIgniter.php(320): CodeIgniter\CodeIgniter->handleRequest(NULL, Object(Config\Cache), false)
#8 C:\xampp80\htdocs\webci_kulinernew\index.php(44): CodeIgniter\CodeIgniter->run()
#9 {main}
CRITICAL - 2023-06-25 21:14:01 --> Trying to access array offset on value of type null
#0 C:\xampp80\htdocs\webci_kulinernew\app\Views\detail.php(16): CodeIgniter\Debug\Exceptions->errorHandler(2, 'Trying to acces...', 'C:\\xampp80\\htdo...', 16)
#1 C:\xampp80\htdocs\webci_kulinernew\system\View\View.php(210): include('C:\\xampp80\\htdo...')
#2 C:\xampp80\htdocs\webci_kulinernew\system\View\View.php(213): CodeIgniter\View\View->CodeIgniter\View\{closure}()
#3 C:\xampp80\htdocs\webci_kulinernew\system\Common.php(1089): CodeIgniter\View\View->render('detail', Array, true)
#4 C:\xampp80\htdocs\webci_kulinernew\app\Controllers\Detail.php(45): view('detail', Array)
#5 C:\xampp80\htdocs\webci_kulinernew\system\CodeIgniter.php(825): App\Controllers\Detail->index('images', 'icons', 'icon-close.png')
#6 C:\xampp80\htdocs\webci_kulinernew\system\CodeIgniter.php(412): CodeIgniter\CodeIgniter->runController(Object(App\Controllers\Detail))
#7 C:\xampp80\htdocs\webci_kulinernew\system\CodeIgniter.php(320): CodeIgniter\CodeIgniter->handleRequest(NULL, Object(Config\Cache), false)
#8 C:\xampp80\htdocs\webci_kulinernew\index.php(44): CodeIgniter\CodeIgniter->run()
#9 {main}
CRITICAL - 2023-06-25 21:14:01 --> Trying to access array offset on value of type null
#0 C:\xampp80\htdocs\webci_kulinernew\app\Views\detail.php(16): CodeIgniter\Debug\Exceptions->errorHandler(2, 'Trying to acces...', 'C:\\xampp80\\htdo...', 16)
#1 C:\xampp80\htdocs\webci_kulinernew\system\View\View.php(210): include('C:\\xampp80\\htdo...')
#2 C:\xampp80\htdocs\webci_kulinernew\system\View\View.php(213): CodeIgniter\View\View->CodeIgniter\View\{closure}()
#3 C:\xampp80\htdocs\webci_kulinernew\system\Common.php(1089): CodeIgniter\View\View->render('detail', Array, true)
#4 C:\xampp80\htdocs\webci_kulinernew\app\Controllers\Detail.php(45): view('detail', Array)
#5 C:\xampp80\htdocs\webci_kulinernew\system\CodeIgniter.php(825): App\Controllers\Detail->index('images', 'product-detail-...')
#6 C:\xampp80\htdocs\webci_kulinernew\system\CodeIgniter.php(412): CodeIgniter\CodeIgniter->runController(Object(App\Controllers\Detail))
#7 C:\xampp80\htdocs\webci_kulinernew\system\CodeIgniter.php(320): CodeIgniter\CodeIgniter->handleRequest(NULL, Object(Config\Cache), false)
#8 C:\xampp80\htdocs\webci_kulinernew\index.php(44): CodeIgniter\CodeIgniter->run()
#9 {main}
CRITICAL - 2023-06-25 21:14:01 --> Trying to access array offset on value of type null
#0 C:\xampp80\htdocs\webci_kulinernew\app\Views\detail.php(16): CodeIgniter\Debug\Exceptions->errorHandler(2, 'Trying to acces...', 'C:\\xampp80\\htdo...', 16)
#1 C:\xampp80\htdocs\webci_kulinernew\system\View\View.php(210): include('C:\\xampp80\\htdo...')
#2 C:\xampp80\htdocs\webci_kulinernew\system\View\View.php(213): CodeIgniter\View\View->CodeIgniter\View\{closure}()
#3 C:\xampp80\htdocs\webci_kulinernew\system\Common.php(1089): CodeIgniter\View\View->render('detail', Array, true)
#4 C:\xampp80\htdocs\webci_kulinernew\app\Controllers\Detail.php(45): view('detail', Array)
#5 C:\xampp80\htdocs\webci_kulinernew\system\CodeIgniter.php(825): App\Controllers\Detail->index('images', 'product-detail-...')
#6 C:\xampp80\htdocs\webci_kulinernew\system\CodeIgniter.php(412): CodeIgniter\CodeIgniter->runController(Object(App\Controllers\Detail))
#7 C:\xampp80\htdocs\webci_kulinernew\system\CodeIgniter.php(320): CodeIgniter\CodeIgniter->handleRequest(NULL, Object(Config\Cache), false)
#8 C:\xampp80\htdocs\webci_kulinernew\index.php(44): CodeIgniter\CodeIgniter->run()
#9 {main}
CRITICAL - 2023-06-25 21:14:01 --> Trying to access array offset on value of type null
#0 C:\xampp80\htdocs\webci_kulinernew\app\Views\detail.php(16): CodeIgniter\Debug\Exceptions->errorHandler(2, 'Trying to acces...', 'C:\\xampp80\\htdo...', 16)
#1 C:\xampp80\htdocs\webci_kulinernew\system\View\View.php(210): include('C:\\xampp80\\htdo...')
#2 C:\xampp80\htdocs\webci_kulinernew\system\View\View.php(213): CodeIgniter\View\View->CodeIgniter\View\{closure}()
#3 C:\xampp80\htdocs\webci_kulinernew\system\Common.php(1089): CodeIgniter\View\View->render('detail', Array, true)
#4 C:\xampp80\htdocs\webci_kulinernew\app\Controllers\Detail.php(45): view('detail', Array)
#5 C:\xampp80\htdocs\webci_kulinernew\system\CodeIgniter.php(825): App\Controllers\Detail->index('images', 'product-detail-...')
#6 C:\xampp80\htdocs\webci_kulinernew\system\CodeIgniter.php(412): CodeIgniter\CodeIgniter->runController(Object(App\Controllers\Detail))
#7 C:\xampp80\htdocs\webci_kulinernew\system\CodeIgniter.php(320): CodeIgniter\CodeIgniter->handleRequest(NULL, Object(Config\Cache), false)
#8 C:\xampp80\htdocs\webci_kulinernew\index.php(44): CodeIgniter\CodeIgniter->run()
#9 {main}
CRITICAL - 2023-06-25 21:15:10 --> Trying to access array offset on value of type null
#0 C:\xampp80\htdocs\webci_kulinernew\app\Views\detail.php(16): CodeIgniter\Debug\Exceptions->errorHandler(2, 'Trying to acces...', 'C:\\xampp80\\htdo...', 16)
#1 C:\xampp80\htdocs\webci_kulinernew\system\View\View.php(210): include('C:\\xampp80\\htdo...')
#2 C:\xampp80\htdocs\webci_kulinernew\system\View\View.php(213): CodeIgniter\View\View->CodeIgniter\View\{closure}()
#3 C:\xampp80\htdocs\webci_kulinernew\system\Common.php(1089): CodeIgniter\View\View->render('detail', Array, true)
#4 C:\xampp80\htdocs\webci_kulinernew\app\Controllers\Detail.php(45): view('detail', Array)
#5 C:\xampp80\htdocs\webci_kulinernew\system\CodeIgniter.php(825): App\Controllers\Detail->index('images', 'product-detail-...')
#6 C:\xampp80\htdocs\webci_kulinernew\system\CodeIgniter.php(412): CodeIgniter\CodeIgniter->runController(Object(App\Controllers\Detail))
#7 C:\xampp80\htdocs\webci_kulinernew\system\CodeIgniter.php(320): CodeIgniter\CodeIgniter->handleRequest(NULL, Object(Config\Cache), false)
#8 C:\xampp80\htdocs\webci_kulinernew\index.php(44): CodeIgniter\CodeIgniter->run()
#9 {main}
CRITICAL - 2023-06-25 21:15:10 --> Trying to access array offset on value of type null
#0 C:\xampp80\htdocs\webci_kulinernew\app\Views\detail.php(16): CodeIgniter\Debug\Exceptions->errorHandler(2, 'Trying to acces...', 'C:\\xampp80\\htdo...', 16)
#1 C:\xampp80\htdocs\webci_kulinernew\system\View\View.php(210): include('C:\\xampp80\\htdo...')
#2 C:\xampp80\htdocs\webci_kulinernew\system\View\View.php(213): CodeIgniter\View\View->CodeIgniter\View\{closure}()
#3 C:\xampp80\htdocs\webci_kulinernew\system\Common.php(1089): CodeIgniter\View\View->render('detail', Array, true)
#4 C:\xampp80\htdocs\webci_kulinernew\app\Controllers\Detail.php(45): view('detail', Array)
#5 C:\xampp80\htdocs\webci_kulinernew\system\CodeIgniter.php(825): App\Controllers\Detail->index('images', 'product-detail-...')
#6 C:\xampp80\htdocs\webci_kulinernew\system\CodeIgniter.php(412): CodeIgniter\CodeIgniter->runController(Object(App\Controllers\Detail))
#7 C:\xampp80\htdocs\webci_kulinernew\system\CodeIgniter.php(320): CodeIgniter\CodeIgniter->handleRequest(NULL, Object(Config\Cache), false)
#8 C:\xampp80\htdocs\webci_kulinernew\index.php(44): CodeIgniter\CodeIgniter->run()
#9 {main}
CRITICAL - 2023-06-25 21:15:10 --> Trying to access array offset on value of type null
#0 C:\xampp80\htdocs\webci_kulinernew\app\Views\detail.php(16): CodeIgniter\Debug\Exceptions->errorHandler(2, 'Trying to acces...', 'C:\\xampp80\\htdo...', 16)
#1 C:\xampp80\htdocs\webci_kulinernew\system\View\View.php(210): include('C:\\xampp80\\htdo...')
#2 C:\xampp80\htdocs\webci_kulinernew\system\View\View.php(213): CodeIgniter\View\View->CodeIgniter\View\{closure}()
#3 C:\xampp80\htdocs\webci_kulinernew\system\Common.php(1089): CodeIgniter\View\View->render('detail', Array, true)
#4 C:\xampp80\htdocs\webci_kulinernew\app\Controllers\Detail.php(45): view('detail', Array)
#5 C:\xampp80\htdocs\webci_kulinernew\system\CodeIgniter.php(825): App\Controllers\Detail->index('images', 'icons', 'icon-close.png')
#6 C:\xampp80\htdocs\webci_kulinernew\system\CodeIgniter.php(412): CodeIgniter\CodeIgniter->runController(Object(App\Controllers\Detail))
#7 C:\xampp80\htdocs\webci_kulinernew\system\CodeIgniter.php(320): CodeIgniter\CodeIgniter->handleRequest(NULL, Object(Config\Cache), false)
#8 C:\xampp80\htdocs\webci_kulinernew\index.php(44): CodeIgniter\CodeIgniter->run()
#9 {main}
CRITICAL - 2023-06-25 21:15:10 --> Trying to access array offset on value of type null
#0 C:\xampp80\htdocs\webci_kulinernew\app\Views\detail.php(16): CodeIgniter\Debug\Exceptions->errorHandler(2, 'Trying to acces...', 'C:\\xampp80\\htdo...', 16)
#1 C:\xampp80\htdocs\webci_kulinernew\system\View\View.php(210): include('C:\\xampp80\\htdo...')
#2 C:\xampp80\htdocs\webci_kulinernew\system\View\View.php(213): CodeIgniter\View\View->CodeIgniter\View\{closure}()
#3 C:\xampp80\htdocs\webci_kulinernew\system\Common.php(1089): CodeIgniter\View\View->render('detail', Array, true)
#4 C:\xampp80\htdocs\webci_kulinernew\app\Controllers\Detail.php(45): view('detail', Array)
#5 C:\xampp80\htdocs\webci_kulinernew\system\CodeIgniter.php(825): App\Controllers\Detail->index('images', 'product-detail-...')
#6 C:\xampp80\htdocs\webci_kulinernew\system\CodeIgniter.php(412): CodeIgniter\CodeIgniter->runController(Object(App\Controllers\Detail))
#7 C:\xampp80\htdocs\webci_kulinernew\system\CodeIgniter.php(320): CodeIgniter\CodeIgniter->handleRequest(NULL, Object(Config\Cache), false)
#8 C:\xampp80\htdocs\webci_kulinernew\index.php(44): CodeIgniter\CodeIgniter->run()
#9 {main}
CRITICAL - 2023-06-25 21:15:11 --> Trying to access array offset on value of type null
#0 C:\xampp80\htdocs\webci_kulinernew\app\Views\detail.php(16): CodeIgniter\Debug\Exceptions->errorHandler(2, 'Trying to acces...', 'C:\\xampp80\\htdo...', 16)
#1 C:\xampp80\htdocs\webci_kulinernew\system\View\View.php(210): include('C:\\xampp80\\htdo...')
#2 C:\xampp80\htdocs\webci_kulinernew\system\View\View.php(213): CodeIgniter\View\View->CodeIgniter\View\{closure}()
#3 C:\xampp80\htdocs\webci_kulinernew\system\Common.php(1089): CodeIgniter\View\View->render('detail', Array, true)
#4 C:\xampp80\htdocs\webci_kulinernew\app\Controllers\Detail.php(45): view('detail', Array)
#5 C:\xampp80\htdocs\webci_kulinernew\system\CodeIgniter.php(825): App\Controllers\Detail->index('images', 'product-detail-...')
#6 C:\xampp80\htdocs\webci_kulinernew\system\CodeIgniter.php(412): CodeIgniter\CodeIgniter->runController(Object(App\Controllers\Detail))
#7 C:\xampp80\htdocs\webci_kulinernew\system\CodeIgniter.php(320): CodeIgniter\CodeIgniter->handleRequest(NULL, Object(Config\Cache), false)
#8 C:\xampp80\htdocs\webci_kulinernew\index.php(44): CodeIgniter\CodeIgniter->run()
#9 {main}
CRITICAL - 2023-06-25 21:15:11 --> Trying to access array offset on value of type null
#0 C:\xampp80\htdocs\webci_kulinernew\app\Views\detail.php(16): CodeIgniter\Debug\Exceptions->errorHandler(2, 'Trying to acces...', 'C:\\xampp80\\htdo...', 16)
#1 C:\xampp80\htdocs\webci_kulinernew\system\View\View.php(210): include('C:\\xampp80\\htdo...')
#2 C:\xampp80\htdocs\webci_kulinernew\system\View\View.php(213): CodeIgniter\View\View->CodeIgniter\View\{closure}()
#3 C:\xampp80\htdocs\webci_kulinernew\system\Common.php(1089): CodeIgniter\View\View->render('detail', Array, true)
#4 C:\xampp80\htdocs\webci_kulinernew\app\Controllers\Detail.php(45): view('detail', Array)
#5 C:\xampp80\htdocs\webci_kulinernew\system\CodeIgniter.php(825): App\Controllers\Detail->index('images', 'product-detail-...')
#6 C:\xampp80\htdocs\webci_kulinernew\system\CodeIgniter.php(412): CodeIgniter\CodeIgniter->runController(Object(App\Controllers\Detail))
#7 C:\xampp80\htdocs\webci_kulinernew\system\CodeIgniter.php(320): CodeIgniter\CodeIgniter->handleRequest(NULL, Object(Config\Cache), false)
#8 C:\xampp80\htdocs\webci_kulinernew\index.php(44): CodeIgniter\CodeIgniter->run()
#9 {main}
CRITICAL - 2023-06-25 21:15:11 --> Trying to access array offset on value of type null
#0 C:\xampp80\htdocs\webci_kulinernew\app\Views\detail.php(16): CodeIgniter\Debug\Exceptions->errorHandler(2, 'Trying to acces...', 'C:\\xampp80\\htdo...', 16)
#1 C:\xampp80\htdocs\webci_kulinernew\system\View\View.php(210): include('C:\\xampp80\\htdo...')
#2 C:\xampp80\htdocs\webci_kulinernew\system\View\View.php(213): CodeIgniter\View\View->CodeIgniter\View\{closure}()
#3 C:\xampp80\htdocs\webci_kulinernew\system\Common.php(1089): CodeIgniter\View\View->render('detail', Array, true)
#4 C:\xampp80\htdocs\webci_kulinernew\app\Controllers\Detail.php(45): view('detail', Array)
#5 C:\xampp80\htdocs\webci_kulinernew\system\CodeIgniter.php(825): App\Controllers\Detail->index('images', 'product-detail-...')
#6 C:\xampp80\htdocs\webci_kulinernew\system\CodeIgniter.php(412): CodeIgniter\CodeIgniter->runController(Object(App\Controllers\Detail))
#7 C:\xampp80\htdocs\webci_kulinernew\system\CodeIgniter.php(320): CodeIgniter\CodeIgniter->handleRequest(NULL, Object(Config\Cache), false)
#8 C:\xampp80\htdocs\webci_kulinernew\index.php(44): CodeIgniter\CodeIgniter->run()
#9 {main}
CRITICAL - 2023-06-25 09:15:32 --> Undefined variable $LAT1
#0 C:\xampp80\htdocs\webci_kulinernew\app\Views\vKuliner.php(245): CodeIgniter\Debug\Exceptions->errorHandler(2, 'Undefined varia...', 'C:\\xampp80\\htdo...', 245)
#1 C:\xampp80\htdocs\webci_kulinernew\system\View\View.php(210): include('C:\\xampp80\\htdo...')
#2 C:\xampp80\htdocs\webci_kulinernew\system\View\View.php(213): CodeIgniter\View\View->CodeIgniter\View\{closure}()
#3 C:\xampp80\htdocs\webci_kulinernew\system\Common.php(1089): CodeIgniter\View\View->render('vKuliner', Array, true)
#4 C:\xampp80\htdocs\webci_kulinernew\app\Controllers\Kuliner.php(20): view('vKuliner', Array)
#5 C:\xampp80\htdocs\webci_kulinernew\system\CodeIgniter.php(825): App\Controllers\Kuliner->index()
#6 C:\xampp80\htdocs\webci_kulinernew\system\CodeIgniter.php(412): CodeIgniter\CodeIgniter->runController(Object(App\Controllers\Kuliner))
#7 C:\xampp80\htdocs\webci_kulinernew\system\CodeIgniter.php(320): CodeIgniter\CodeIgniter->handleRequest(NULL, Object(Config\Cache), false)
#8 C:\xampp80\htdocs\webci_kulinernew\index.php(44): CodeIgniter\CodeIgniter->run()
#9 {main}
CRITICAL - 2023-06-25 09:15:38 --> Undefined variable $LAT1
#0 C:\xampp80\htdocs\webci_kulinernew\app\Views\vKuliner.php(245): CodeIgniter\Debug\Exceptions->errorHandler(2, 'Undefined varia...', 'C:\\xampp80\\htdo...', 245)
#1 C:\xampp80\htdocs\webci_kulinernew\system\View\View.php(210): include('C:\\xampp80\\htdo...')
#2 C:\xampp80\htdocs\webci_kulinernew\system\View\View.php(213): CodeIgniter\View\View->CodeIgniter\View\{closure}()
#3 C:\xampp80\htdocs\webci_kulinernew\system\Common.php(1089): CodeIgniter\View\View->render('vKuliner', Array, true)
#4 C:\xampp80\htdocs\webci_kulinernew\app\Controllers\Kuliner.php(20): view('vKuliner', Array)
#5 C:\xampp80\htdocs\webci_kulinernew\system\CodeIgniter.php(825): App\Controllers\Kuliner->index()
#6 C:\xampp80\htdocs\webci_kulinernew\system\CodeIgniter.php(412): CodeIgniter\CodeIgniter->runController(Object(App\Controllers\Kuliner))
#7 C:\xampp80\htdocs\webci_kulinernew\system\CodeIgniter.php(320): CodeIgniter\CodeIgniter->handleRequest(NULL, Object(Config\Cache), false)
#8 C:\xampp80\htdocs\webci_kulinernew\index.php(44): CodeIgniter\CodeIgniter->run()
#9 {main}
CRITICAL - 2023-06-25 21:15:59 --> Undefined variable $nama_kuliner
#0 C:\xampp80\htdocs\webci_kulinernew\app\Views\vKomentar.php(172): CodeIgniter\Debug\Exceptions->errorHandler(2, 'Undefined varia...', 'C:\\xampp80\\htdo...', 172)
#1 C:\xampp80\htdocs\webci_kulinernew\system\View\View.php(210): include('C:\\xampp80\\htdo...')
#2 C:\xampp80\htdocs\webci_kulinernew\system\View\View.php(213): CodeIgniter\View\View->CodeIgniter\View\{closure}()
#3 C:\xampp80\htdocs\webci_kulinernew\system\Common.php(1089): CodeIgniter\View\View->render('vKomentar', Array, true)
#4 C:\xampp80\htdocs\webci_kulinernew\app\Controllers\Komentar.php(39): view('vKomentar', Array)
#5 C:\xampp80\htdocs\webci_kulinernew\system\CodeIgniter.php(825): App\Controllers\Komentar->index()
#6 C:\xampp80\htdocs\webci_kulinernew\system\CodeIgniter.php(412): CodeIgniter\CodeIgniter->runController(Object(App\Controllers\Komentar))
#7 C:\xampp80\htdocs\webci_kulinernew\system\CodeIgniter.php(320): CodeIgniter\CodeIgniter->handleRequest(NULL, Object(Config\Cache), false)
#8 C:\xampp80\htdocs\webci_kulinernew\index.php(44): CodeIgniter\CodeIgniter->run()
#9 {main}
CRITICAL - 2023-06-25 09:17:20 --> Undefined variable $LAT1
#0 C:\xampp80\htdocs\webci_kulinernew\app\Views\vKuliner.php(245): CodeIgniter\Debug\Exceptions->errorHandler(2, 'Undefined varia...', 'C:\\xampp80\\htdo...', 245)
#1 C:\xampp80\htdocs\webci_kulinernew\system\View\View.php(210): include('C:\\xampp80\\htdo...')
#2 C:\xampp80\htdocs\webci_kulinernew\system\View\View.php(213): CodeIgniter\View\View->CodeIgniter\View\{closure}()
#3 C:\xampp80\htdocs\webci_kulinernew\system\Common.php(1089): CodeIgniter\View\View->render('vKuliner', Array, true)
#4 C:\xampp80\htdocs\webci_kulinernew\app\Controllers\Kuliner.php(20): view('vKuliner', Array)
#5 C:\xampp80\htdocs\webci_kulinernew\system\CodeIgniter.php(825): App\Controllers\Kuliner->index()
#6 C:\xampp80\htdocs\webci_kulinernew\system\CodeIgniter.php(412): CodeIgniter\CodeIgniter->runController(Object(App\Controllers\Kuliner))
#7 C:\xampp80\htdocs\webci_kulinernew\system\CodeIgniter.php(320): CodeIgniter\CodeIgniter->handleRequest(NULL, Object(Config\Cache), false)
#8 C:\xampp80\htdocs\webci_kulinernew\index.php(44): CodeIgniter\CodeIgniter->run()
#9 {main}
CRITICAL - 2023-06-25 09:17:28 --> Undefined variable $LAT1
#0 C:\xampp80\htdocs\webci_kulinernew\app\Views\vKuliner.php(245): CodeIgniter\Debug\Exceptions->errorHandler(2, 'Undefined varia...', 'C:\\xampp80\\htdo...', 245)
#1 C:\xampp80\htdocs\webci_kulinernew\system\View\View.php(210): include('C:\\xampp80\\htdo...')
#2 C:\xampp80\htdocs\webci_kulinernew\system\View\View.php(213): CodeIgniter\View\View->CodeIgniter\View\{closure}()
#3 C:\xampp80\htdocs\webci_kulinernew\system\Common.php(1089): CodeIgniter\View\View->render('vKuliner', Array, true)
#4 C:\xampp80\htdocs\webci_kulinernew\app\Controllers\Kuliner.php(20): view('vKuliner', Array)
#5 C:\xampp80\htdocs\webci_kulinernew\system\CodeIgniter.php(825): App\Controllers\Kuliner->index()
#6 C:\xampp80\htdocs\webci_kulinernew\system\CodeIgniter.php(412): CodeIgniter\CodeIgniter->runController(Object(App\Controllers\Kuliner))
#7 C:\xampp80\htdocs\webci_kulinernew\system\CodeIgniter.php(320): CodeIgniter\CodeIgniter->handleRequest(NULL, Object(Config\Cache), false)
#8 C:\xampp80\htdocs\webci_kulinernew\index.php(44): CodeIgniter\CodeIgniter->run()
#9 {main}
CRITICAL - 2023-06-25 09:18:14 --> Undefined variable $LAT1
#0 C:\xampp80\htdocs\webci_kulinernew\app\Views\vKuliner.php(245): CodeIgniter\Debug\Exceptions->errorHandler(2, 'Undefined varia...', 'C:\\xampp80\\htdo...', 245)
#1 C:\xampp80\htdocs\webci_kulinernew\system\View\View.php(210): include('C:\\xampp80\\htdo...')
#2 C:\xampp80\htdocs\webci_kulinernew\system\View\View.php(213): CodeIgniter\View\View->CodeIgniter\View\{closure}()
#3 C:\xampp80\htdocs\webci_kulinernew\system\Common.php(1089): CodeIgniter\View\View->render('vKuliner', Array, true)
#4 C:\xampp80\htdocs\webci_kulinernew\app\Controllers\Kuliner.php(20): view('vKuliner', Array)
#5 C:\xampp80\htdocs\webci_kulinernew\system\CodeIgniter.php(825): App\Controllers\Kuliner->index()
#6 C:\xampp80\htdocs\webci_kulinernew\system\CodeIgniter.php(412): CodeIgniter\CodeIgniter->runController(Object(App\Controllers\Kuliner))
#7 C:\xampp80\htdocs\webci_kulinernew\system\CodeIgniter.php(320): CodeIgniter\CodeIgniter->handleRequest(NULL, Object(Config\Cache), false)
#8 C:\xampp80\htdocs\webci_kulinernew\index.php(44): CodeIgniter\CodeIgniter->run()
#9 {main}
CRITICAL - 2023-06-25 09:18:25 --> Undefined variable $LAT1
#0 C:\xampp80\htdocs\webci_kulinernew\app\Views\vKuliner.php(246): CodeIgniter\Debug\Exceptions->errorHandler(2, 'Undefined varia...', 'C:\\xampp80\\htdo...', 246)
#1 C:\xampp80\htdocs\webci_kulinernew\system\View\View.php(210): include('C:\\xampp80\\htdo...')
#2 C:\xampp80\htdocs\webci_kulinernew\system\View\View.php(213): CodeIgniter\View\View->CodeIgniter\View\{closure}()
#3 C:\xampp80\htdocs\webci_kulinernew\system\Common.php(1089): CodeIgniter\View\View->render('vKuliner', Array, true)
#4 C:\xampp80\htdocs\webci_kulinernew\app\Controllers\Kuliner.php(20): view('vKuliner', Array)
#5 C:\xampp80\htdocs\webci_kulinernew\system\CodeIgniter.php(825): App\Controllers\Kuliner->index()
#6 C:\xampp80\htdocs\webci_kulinernew\system\CodeIgniter.php(412): CodeIgniter\CodeIgniter->runController(Object(App\Controllers\Kuliner))
#7 C:\xampp80\htdocs\webci_kulinernew\system\CodeIgniter.php(320): CodeIgniter\CodeIgniter->handleRequest(NULL, Object(Config\Cache), false)
#8 C:\xampp80\htdocs\webci_kulinernew\index.php(44): CodeIgniter\CodeIgniter->run()
#9 {main}
CRITICAL - 2023-06-25 09:18:32 --> Undefined variable $LINK2
#0 C:\xampp80\htdocs\webci_kulinernew\app\Views\vKuliner.php(275): CodeIgniter\Debug\Exceptions->errorHandler(2, 'Undefined varia...', 'C:\\xampp80\\htdo...', 275)
#1 C:\xampp80\htdocs\webci_kulinernew\system\View\View.php(210): include('C:\\xampp80\\htdo...')
#2 C:\xampp80\htdocs\webci_kulinernew\system\View\View.php(213): CodeIgniter\View\View->CodeIgniter\View\{closure}()
#3 C:\xampp80\htdocs\webci_kulinernew\system\Common.php(1089): CodeIgniter\View\View->render('vKuliner', Array, true)
#4 C:\xampp80\htdocs\webci_kulinernew\app\Controllers\Kuliner.php(20): view('vKuliner', Array)
#5 C:\xampp80\htdocs\webci_kulinernew\system\CodeIgniter.php(825): App\Controllers\Kuliner->index()
#6 C:\xampp80\htdocs\webci_kulinernew\system\CodeIgniter.php(412): CodeIgniter\CodeIgniter->runController(Object(App\Controllers\Kuliner))
#7 C:\xampp80\htdocs\webci_kulinernew\system\CodeIgniter.php(320): CodeIgniter\CodeIgniter->handleRequest(NULL, Object(Config\Cache), false)
#8 C:\xampp80\htdocs\webci_kulinernew\index.php(44): CodeIgniter\CodeIgniter->run()
#9 {main}
CRITICAL - 2023-06-25 21:19:05 --> Undefined variable $nama_kuliner
#0 C:\xampp80\htdocs\webci_kulinernew\app\Views\vKomentar.php(172): CodeIgniter\Debug\Exceptions->errorHandler(2, 'Undefined varia...', 'C:\\xampp80\\htdo...', 172)
#1 C:\xampp80\htdocs\webci_kulinernew\system\View\View.php(210): include('C:\\xampp80\\htdo...')
#2 C:\xampp80\htdocs\webci_kulinernew\system\View\View.php(213): CodeIgniter\View\View->CodeIgniter\View\{closure}()
#3 C:\xampp80\htdocs\webci_kulinernew\system\Common.php(1089): CodeIgniter\View\View->render('vKomentar', Array, true)
#4 C:\xampp80\htdocs\webci_kulinernew\app\Controllers\Komentar.php(39): view('vKomentar', Array)
#5 C:\xampp80\htdocs\webci_kulinernew\system\CodeIgniter.php(825): App\Controllers\Komentar->index()
#6 C:\xampp80\htdocs\webci_kulinernew\system\CodeIgniter.php(412): CodeIgniter\CodeIgniter->runController(Object(App\Controllers\Komentar))
#7 C:\xampp80\htdocs\webci_kulinernew\system\CodeIgniter.php(320): CodeIgniter\CodeIgniter->handleRequest(NULL, Object(Config\Cache), false)
#8 C:\xampp80\htdocs\webci_kulinernew\index.php(44): CodeIgniter\CodeIgniter->run()
#9 {main}
CRITICAL - 2023-06-25 21:19:36 --> Undefined variable $kuliner
#0 C:\xampp80\htdocs\webci_kulinernew\app\Views\vKomentar.php(176): CodeIgniter\Debug\Exceptions->errorHandler(2, 'Undefined varia...', 'C:\\xampp80\\htdo...', 176)
#1 C:\xampp80\htdocs\webci_kulinernew\system\View\View.php(210): include('C:\\xampp80\\htdo...')
#2 C:\xampp80\htdocs\webci_kulinernew\system\View\View.php(213): CodeIgniter\View\View->CodeIgniter\View\{closure}()
#3 C:\xampp80\htdocs\webci_kulinernew\system\Common.php(1089): CodeIgniter\View\View->render('vKomentar', Array, true)
#4 C:\xampp80\htdocs\webci_kulinernew\app\Controllers\Komentar.php(39): view('vKomentar', Array)
#5 C:\xampp80\htdocs\webci_kulinernew\system\CodeIgniter.php(825): App\Controllers\Komentar->index()
#6 C:\xampp80\htdocs\webci_kulinernew\system\CodeIgniter.php(412): CodeIgniter\CodeIgniter->runController(Object(App\Controllers\Komentar))
#7 C:\xampp80\htdocs\webci_kulinernew\system\CodeIgniter.php(320): CodeIgniter\CodeIgniter->handleRequest(NULL, Object(Config\Cache), false)
#8 C:\xampp80\htdocs\webci_kulinernew\index.php(44): CodeIgniter\CodeIgniter->run()
#9 {main}
CRITICAL - 2023-06-25 09:19:48 --> Undefined variable $LINK2
#0 C:\xampp80\htdocs\webci_kulinernew\app\Views\vKuliner.php(275): CodeIgniter\Debug\Exceptions->errorHandler(2, 'Undefined varia...', 'C:\\xampp80\\htdo...', 275)
#1 C:\xampp80\htdocs\webci_kulinernew\system\View\View.php(210): include('C:\\xampp80\\htdo...')
#2 C:\xampp80\htdocs\webci_kulinernew\system\View\View.php(213): CodeIgniter\View\View->CodeIgniter\View\{closure}()
#3 C:\xampp80\htdocs\webci_kulinernew\system\Common.php(1089): CodeIgniter\View\View->render('vKuliner', Array, true)
#4 C:\xampp80\htdocs\webci_kulinernew\app\Controllers\Kuliner.php(20): view('vKuliner', Array)
#5 C:\xampp80\htdocs\webci_kulinernew\system\CodeIgniter.php(825): App\Controllers\Kuliner->index()
#6 C:\xampp80\htdocs\webci_kulinernew\system\CodeIgniter.php(412): CodeIgniter\CodeIgniter->runController(Object(App\Controllers\Kuliner))
#7 C:\xampp80\htdocs\webci_kulinernew\system\CodeIgniter.php(320): CodeIgniter\CodeIgniter->handleRequest(NULL, Object(Config\Cache), false)
#8 C:\xampp80\htdocs\webci_kulinernew\index.php(44): CodeIgniter\CodeIgniter->run()
#9 {main}
CRITICAL - 2023-06-25 09:20:00 --> Undefined variable $LAT1
#0 C:\xampp80\htdocs\webci_kulinernew\app\Views\vKuliner.php(245): CodeIgniter\Debug\Exceptions->errorHandler(2, 'Undefined varia...', 'C:\\xampp80\\htdo...', 245)
#1 C:\xampp80\htdocs\webci_kulinernew\system\View\View.php(210): include('C:\\xampp80\\htdo...')
#2 C:\xampp80\htdocs\webci_kulinernew\system\View\View.php(213): CodeIgniter\View\View->CodeIgniter\View\{closure}()
#3 C:\xampp80\htdocs\webci_kulinernew\system\Common.php(1089): CodeIgniter\View\View->render('vKuliner', Array, true)
#4 C:\xampp80\htdocs\webci_kulinernew\app\Controllers\Kuliner.php(20): view('vKuliner', Array)
#5 C:\xampp80\htdocs\webci_kulinernew\system\CodeIgniter.php(825): App\Controllers\Kuliner->index()
#6 C:\xampp80\htdocs\webci_kulinernew\system\CodeIgniter.php(412): CodeIgniter\CodeIgniter->runController(Object(App\Controllers\Kuliner))
#7 C:\xampp80\htdocs\webci_kulinernew\system\CodeIgniter.php(320): CodeIgniter\CodeIgniter->handleRequest(NULL, Object(Config\Cache), false)
#8 C:\xampp80\htdocs\webci_kulinernew\index.php(44): CodeIgniter\CodeIgniter->run()
#9 {main}
CRITICAL - 2023-06-25 09:20:08 --> Undefined variable $LAT1
#0 C:\xampp80\htdocs\webci_kulinernew\app\Views\vKuliner.php(245): CodeIgniter\Debug\Exceptions->errorHandler(2, 'Undefined varia...', 'C:\\xampp80\\htdo...', 245)
#1 C:\xampp80\htdocs\webci_kulinernew\system\View\View.php(210): include('C:\\xampp80\\htdo...')
#2 C:\xampp80\htdocs\webci_kulinernew\system\View\View.php(213): CodeIgniter\View\View->CodeIgniter\View\{closure}()
#3 C:\xampp80\htdocs\webci_kulinernew\system\Common.php(1089): CodeIgniter\View\View->render('vKuliner', Array, true)
#4 C:\xampp80\htdocs\webci_kulinernew\app\Controllers\Kuliner.php(20): view('vKuliner', Array)
#5 C:\xampp80\htdocs\webci_kulinernew\system\CodeIgniter.php(825): App\Controllers\Kuliner->index()
#6 C:\xampp80\htdocs\webci_kulinernew\system\CodeIgniter.php(412): CodeIgniter\CodeIgniter->runController(Object(App\Controllers\Kuliner))
#7 C:\xampp80\htdocs\webci_kulinernew\system\CodeIgniter.php(320): CodeIgniter\CodeIgniter->handleRequest(NULL, Object(Config\Cache), false)
#8 C:\xampp80\htdocs\webci_kulinernew\index.php(44): CodeIgniter\CodeIgniter->run()
#9 {main}
CRITICAL - 2023-06-25 09:20:23 --> Undefined variable $LINK2
#0 C:\xampp80\htdocs\webci_kulinernew\app\Views\vKuliner.php(275): CodeIgniter\Debug\Exceptions->errorHandler(2, 'Undefined varia...', 'C:\\xampp80\\htdo...', 275)
#1 C:\xampp80\htdocs\webci_kulinernew\system\View\View.php(210): include('C:\\xampp80\\htdo...')
#2 C:\xampp80\htdocs\webci_kulinernew\system\View\View.php(213): CodeIgniter\View\View->CodeIgniter\View\{closure}()
#3 C:\xampp80\htdocs\webci_kulinernew\system\Common.php(1089): CodeIgniter\View\View->render('vKuliner', Array, true)
#4 C:\xampp80\htdocs\webci_kulinernew\app\Controllers\Kuliner.php(20): view('vKuliner', Array)
#5 C:\xampp80\htdocs\webci_kulinernew\system\CodeIgniter.php(825): App\Controllers\Kuliner->index()
#6 C:\xampp80\htdocs\webci_kulinernew\system\CodeIgniter.php(412): CodeIgniter\CodeIgniter->runController(Object(App\Controllers\Kuliner))
#7 C:\xampp80\htdocs\webci_kulinernew\system\CodeIgniter.php(320): CodeIgniter\CodeIgniter->handleRequest(NULL, Object(Config\Cache), false)
#8 C:\xampp80\htdocs\webci_kulinernew\index.php(44): CodeIgniter\CodeIgniter->run()
#9 {main}
CRITICAL - 2023-06-25 09:21:22 --> Undefined variable $LINK2
#0 C:\xampp80\htdocs\webci_kulinernew\app\Views\vKuliner.php(275): CodeIgniter\Debug\Exceptions->errorHandler(2, 'Undefined varia...', 'C:\\xampp80\\htdo...', 275)
#1 C:\xampp80\htdocs\webci_kulinernew\system\View\View.php(210): include('C:\\xampp80\\htdo...')
#2 C:\xampp80\htdocs\webci_kulinernew\system\View\View.php(213): CodeIgniter\View\View->CodeIgniter\View\{closure}()
#3 C:\xampp80\htdocs\webci_kulinernew\system\Common.php(1089): CodeIgniter\View\View->render('vKuliner', Array, true)
#4 C:\xampp80\htdocs\webci_kulinernew\app\Controllers\Kuliner.php(20): view('vKuliner', Array)
#5 C:\xampp80\htdocs\webci_kulinernew\system\CodeIgniter.php(825): App\Controllers\Kuliner->index()
#6 C:\xampp80\htdocs\webci_kulinernew\system\CodeIgniter.php(412): CodeIgniter\CodeIgniter->runController(Object(App\Controllers\Kuliner))
#7 C:\xampp80\htdocs\webci_kulinernew\system\CodeIgniter.php(320): CodeIgniter\CodeIgniter->handleRequest(NULL, Object(Config\Cache), false)
#8 C:\xampp80\htdocs\webci_kulinernew\index.php(44): CodeIgniter\CodeIgniter->run()
#9 {main}
CRITICAL - 2023-06-25 21:24:51 --> Trying to access array offset on value of type null
#0 C:\xampp80\htdocs\webci_kulinernew\app\Views\detail.php(16): CodeIgniter\Debug\Exceptions->errorHandler(2, 'Trying to acces...', 'C:\\xampp80\\htdo...', 16)
#1 C:\xampp80\htdocs\webci_kulinernew\system\View\View.php(210): include('C:\\xampp80\\htdo...')
#2 C:\xampp80\htdocs\webci_kulinernew\system\View\View.php(213): CodeIgniter\View\View->CodeIgniter\View\{closure}()
#3 C:\xampp80\htdocs\webci_kulinernew\system\Common.php(1089): CodeIgniter\View\View->render('detail', Array, true)
#4 C:\xampp80\htdocs\webci_kulinernew\app\Controllers\Detail.php(45): view('detail', Array)
#5 C:\xampp80\htdocs\webci_kulinernew\system\CodeIgniter.php(825): App\Controllers\Detail->index('images', 'product-detail-...')
#6 C:\xampp80\htdocs\webci_kulinernew\system\CodeIgniter.php(412): CodeIgniter\CodeIgniter->runController(Object(App\Controllers\Detail))
#7 C:\xampp80\htdocs\webci_kulinernew\system\CodeIgniter.php(320): CodeIgniter\CodeIgniter->handleRequest(NULL, Object(Config\Cache), false)
#8 C:\xampp80\htdocs\webci_kulinernew\index.php(44): CodeIgniter\CodeIgniter->run()
#9 {main}
CRITICAL - 2023-06-25 21:24:51 --> Trying to access array offset on value of type null
#0 C:\xampp80\htdocs\webci_kulinernew\app\Views\detail.php(16): CodeIgniter\Debug\Exceptions->errorHandler(2, 'Trying to acces...', 'C:\\xampp80\\htdo...', 16)
#1 C:\xampp80\htdocs\webci_kulinernew\system\View\View.php(210): include('C:\\xampp80\\htdo...')
#2 C:\xampp80\htdocs\webci_kulinernew\system\View\View.php(213): CodeIgniter\View\View->CodeIgniter\View\{closure}()
#3 C:\xampp80\htdocs\webci_kulinernew\system\Common.php(1089): CodeIgniter\View\View->render('detail', Array, true)
#4 C:\xampp80\htdocs\webci_kulinernew\app\Controllers\Detail.php(45): view('detail', Array)
#5 C:\xampp80\htdocs\webci_kulinernew\system\CodeIgniter.php(825): App\Controllers\Detail->index('images', 'product-detail-...')
#6 C:\xampp80\htdocs\webci_kulinernew\system\CodeIgniter.php(412): CodeIgniter\CodeIgniter->runController(Object(App\Controllers\Detail))
#7 C:\xampp80\htdocs\webci_kulinernew\system\CodeIgniter.php(320): CodeIgniter\CodeIgniter->handleRequest(NULL, Object(Config\Cache), false)
#8 C:\xampp80\htdocs\webci_kulinernew\index.php(44): CodeIgniter\CodeIgniter->run()
#9 {main}
CRITICAL - 2023-06-25 21:24:52 --> Trying to access array offset on value of type null
#0 C:\xampp80\htdocs\webci_kulinernew\app\Views\detail.php(16): CodeIgniter\Debug\Exceptions->errorHandler(2, 'Trying to acces...', 'C:\\xampp80\\htdo...', 16)
#1 C:\xampp80\htdocs\webci_kulinernew\system\View\View.php(210): include('C:\\xampp80\\htdo...')
#2 C:\xampp80\htdocs\webci_kulinernew\system\View\View.php(213): CodeIgniter\View\View->CodeIgniter\View\{closure}()
#3 C:\xampp80\htdocs\webci_kulinernew\system\Common.php(1089): CodeIgniter\View\View->render('detail', Array, true)
#4 C:\xampp80\htdocs\webci_kulinernew\app\Controllers\Detail.php(45): view('detail', Array)
#5 C:\xampp80\htdocs\webci_kulinernew\system\CodeIgniter.php(825): App\Controllers\Detail->index('images', 'icons', 'icon-close.png')
#6 C:\xampp80\htdocs\webci_kulinernew\system\CodeIgniter.php(412): CodeIgniter\CodeIgniter->runController(Object(App\Controllers\Detail))
#7 C:\xampp80\htdocs\webci_kulinernew\system\CodeIgniter.php(320): CodeIgniter\CodeIgniter->handleRequest(NULL, Object(Config\Cache), false)
#8 C:\xampp80\htdocs\webci_kulinernew\index.php(44): CodeIgniter\CodeIgniter->run()
#9 {main}
CRITICAL - 2023-06-25 21:24:52 --> Trying to access array offset on value of type null
#0 C:\xampp80\htdocs\webci_kulinernew\app\Views\detail.php(16): CodeIgniter\Debug\Exceptions->errorHandler(2, 'Trying to acces...', 'C:\\xampp80\\htdo...', 16)
#1 C:\xampp80\htdocs\webci_kulinernew\system\View\View.php(210): include('C:\\xampp80\\htdo...')
#2 C:\xampp80\htdocs\webci_kulinernew\system\View\View.php(213): CodeIgniter\View\View->CodeIgniter\View\{closure}()
#3 C:\xampp80\htdocs\webci_kulinernew\system\Common.php(1089): CodeIgniter\View\View->render('detail', Array, true)
#4 C:\xampp80\htdocs\webci_kulinernew\app\Controllers\Detail.php(45): view('detail', Array)
#5 C:\xampp80\htdocs\webci_kulinernew\system\CodeIgniter.php(825): App\Controllers\Detail->index('images', 'product-detail-...')
#6 C:\xampp80\htdocs\webci_kulinernew\system\CodeIgniter.php(412): CodeIgniter\CodeIgniter->runController(Object(App\Controllers\Detail))
#7 C:\xampp80\htdocs\webci_kulinernew\system\CodeIgniter.php(320): CodeIgniter\CodeIgniter->handleRequest(NULL, Object(Config\Cache), false)
#8 C:\xampp80\htdocs\webci_kulinernew\index.php(44): CodeIgniter\CodeIgniter->run()
#9 {main}
CRITICAL - 2023-06-25 21:25:07 --> Trying to access array offset on value of type null
#0 C:\xampp80\htdocs\webci_kulinernew\app\Views\detail.php(16): CodeIgniter\Debug\Exceptions->errorHandler(2, 'Trying to acces...', 'C:\\xampp80\\htdo...', 16)
#1 C:\xampp80\htdocs\webci_kulinernew\system\View\View.php(210): include('C:\\xampp80\\htdo...')
#2 C:\xampp80\htdocs\webci_kulinernew\system\View\View.php(213): CodeIgniter\View\View->CodeIgniter\View\{closure}()
#3 C:\xampp80\htdocs\webci_kulinernew\system\Common.php(1089): CodeIgniter\View\View->render('detail', Array, true)
#4 C:\xampp80\htdocs\webci_kulinernew\app\Controllers\Detail.php(45): view('detail', Array)
#5 C:\xampp80\htdocs\webci_kulinernew\system\CodeIgniter.php(825): App\Controllers\Detail->index('images', 'product-detail-...')
#6 C:\xampp80\htdocs\webci_kulinernew\system\CodeIgniter.php(412): CodeIgniter\CodeIgniter->runController(Object(App\Controllers\Detail))
#7 C:\xampp80\htdocs\webci_kulinernew\system\CodeIgniter.php(320): CodeIgniter\CodeIgniter->handleRequest(NULL, Object(Config\Cache), false)
#8 C:\xampp80\htdocs\webci_kulinernew\index.php(44): CodeIgniter\CodeIgniter->run()
#9 {main}
CRITICAL - 2023-06-25 21:25:07 --> Trying to access array offset on value of type null
#0 C:\xampp80\htdocs\webci_kulinernew\app\Views\detail.php(16): CodeIgniter\Debug\Exceptions->errorHandler(2, 'Trying to acces...', 'C:\\xampp80\\htdo...', 16)
#1 C:\xampp80\htdocs\webci_kulinernew\system\View\View.php(210): include('C:\\xampp80\\htdo...')
#2 C:\xampp80\htdocs\webci_kulinernew\system\View\View.php(213): CodeIgniter\View\View->CodeIgniter\View\{closure}()
#3 C:\xampp80\htdocs\webci_kulinernew\system\Common.php(1089): CodeIgniter\View\View->render('detail', Array, true)
#4 C:\xampp80\htdocs\webci_kulinernew\app\Controllers\Detail.php(45): view('detail', Array)
#5 C:\xampp80\htdocs\webci_kulinernew\system\CodeIgniter.php(825): App\Controllers\Detail->index('images', 'product-detail-...')
#6 C:\xampp80\htdocs\webci_kulinernew\system\CodeIgniter.php(412): CodeIgniter\CodeIgniter->runController(Object(App\Controllers\Detail))
#7 C:\xampp80\htdocs\webci_kulinernew\system\CodeIgniter.php(320): CodeIgniter\CodeIgniter->handleRequest(NULL, Object(Config\Cache), false)
#8 C:\xampp80\htdocs\webci_kulinernew\index.php(44): CodeIgniter\CodeIgniter->run()
#9 {main}
CRITICAL - 2023-06-25 21:25:07 --> Trying to access array offset on value of type null
#0 C:\xampp80\htdocs\webci_kulinernew\app\Views\detail.php(16): CodeIgniter\Debug\Exceptions->errorHandler(2, 'Trying to acces...', 'C:\\xampp80\\htdo...', 16)
#1 C:\xampp80\htdocs\webci_kulinernew\system\View\View.php(210): include('C:\\xampp80\\htdo...')
#2 C:\xampp80\htdocs\webci_kulinernew\system\View\View.php(213): CodeIgniter\View\View->CodeIgniter\View\{closure}()
#3 C:\xampp80\htdocs\webci_kulinernew\system\Common.php(1089): CodeIgniter\View\View->render('detail', Array, true)
#4 C:\xampp80\htdocs\webci_kulinernew\app\Controllers\Detail.php(45): view('detail', Array)
#5 C:\xampp80\htdocs\webci_kulinernew\system\CodeIgniter.php(825): App\Controllers\Detail->index('images', 'product-detail-...')
#6 C:\xampp80\htdocs\webci_kulinernew\system\CodeIgniter.php(412): CodeIgniter\CodeIgniter->runController(Object(App\Controllers\Detail))
#7 C:\xampp80\htdocs\webci_kulinernew\system\CodeIgniter.php(320): CodeIgniter\CodeIgniter->handleRequest(NULL, Object(Config\Cache), false)
#8 C:\xampp80\htdocs\webci_kulinernew\index.php(44): CodeIgniter\CodeIgniter->run()
#9 {main}
CRITICAL - 2023-06-25 21:25:07 --> Trying to access array offset on value of type null
#0 C:\xampp80\htdocs\webci_kulinernew\app\Views\detail.php(16): CodeIgniter\Debug\Exceptions->errorHandler(2, 'Trying to acces...', 'C:\\xampp80\\htdo...', 16)
#1 C:\xampp80\htdocs\webci_kulinernew\system\View\View.php(210): include('C:\\xampp80\\htdo...')
#2 C:\xampp80\htdocs\webci_kulinernew\system\View\View.php(213): CodeIgniter\View\View->CodeIgniter\View\{closure}()
#3 C:\xampp80\htdocs\webci_kulinernew\system\Common.php(1089): CodeIgniter\View\View->render('detail', Array, true)
#4 C:\xampp80\htdocs\webci_kulinernew\app\Controllers\Detail.php(45): view('detail', Array)
#5 C:\xampp80\htdocs\webci_kulinernew\system\CodeIgniter.php(825): App\Controllers\Detail->index('images', 'icons', 'icon-close.png')
#6 C:\xampp80\htdocs\webci_kulinernew\system\CodeIgniter.php(412): CodeIgniter\CodeIgniter->runController(Object(App\Controllers\Detail))
#7 C:\xampp80\htdocs\webci_kulinernew\system\CodeIgniter.php(320): CodeIgniter\CodeIgniter->handleRequest(NULL, Object(Config\Cache), false)
#8 C:\xampp80\htdocs\webci_kulinernew\index.php(44): CodeIgniter\CodeIgniter->run()
#9 {main}
CRITICAL - 2023-06-25 21:26:15 --> Undefined variable $cid
#0 C:\xampp80\htdocs\webci_kulinernew\app\Controllers\Pengguna.php(153): CodeIgniter\Debug\Exceptions->errorHandler(2, 'Undefined varia...', 'C:\\xampp80\\htdo...', 153)
#1 C:\xampp80\htdocs\webci_kulinernew\system\CodeIgniter.php(825): App\Controllers\Pengguna->process()
#2 C:\xampp80\htdocs\webci_kulinernew\system\CodeIgniter.php(412): CodeIgniter\CodeIgniter->runController(Object(App\Controllers\Pengguna))
#3 C:\xampp80\htdocs\webci_kulinernew\system\CodeIgniter.php(320): CodeIgniter\CodeIgniter->handleRequest(NULL, Object(Config\Cache), false)
#4 C:\xampp80\htdocs\webci_kulinernew\index.php(44): CodeIgniter\CodeIgniter->run()
#5 {main}
CRITICAL - 2023-06-25 21:26:32 --> Undefined variable $cid
#0 C:\xampp80\htdocs\webci_kulinernew\app\Controllers\Pengguna.php(153): CodeIgniter\Debug\Exceptions->errorHandler(2, 'Undefined varia...', 'C:\\xampp80\\htdo...', 153)
#1 C:\xampp80\htdocs\webci_kulinernew\system\CodeIgniter.php(825): App\Controllers\Pengguna->process()
#2 C:\xampp80\htdocs\webci_kulinernew\system\CodeIgniter.php(412): CodeIgniter\CodeIgniter->runController(Object(App\Controllers\Pengguna))
#3 C:\xampp80\htdocs\webci_kulinernew\system\CodeIgniter.php(320): CodeIgniter\CodeIgniter->handleRequest(NULL, Object(Config\Cache), false)
#4 C:\xampp80\htdocs\webci_kulinernew\index.php(44): CodeIgniter\CodeIgniter->run()
#5 {main}
CRITICAL - 2023-06-25 21:27:11 --> Trying to access array offset on value of type null
#0 C:\xampp80\htdocs\webci_kulinernew\app\Views\detail.php(16): CodeIgniter\Debug\Exceptions->errorHandler(2, 'Trying to acces...', 'C:\\xampp80\\htdo...', 16)
#1 C:\xampp80\htdocs\webci_kulinernew\system\View\View.php(210): include('C:\\xampp80\\htdo...')
#2 C:\xampp80\htdocs\webci_kulinernew\system\View\View.php(213): CodeIgniter\View\View->CodeIgniter\View\{closure}()
#3 C:\xampp80\htdocs\webci_kulinernew\system\Common.php(1089): CodeIgniter\View\View->render('detail', Array, true)
#4 C:\xampp80\htdocs\webci_kulinernew\app\Controllers\Detail.php(45): view('detail', Array)
#5 C:\xampp80\htdocs\webci_kulinernew\system\CodeIgniter.php(825): App\Controllers\Detail->index('images', 'product-detail-...')
#6 C:\xampp80\htdocs\webci_kulinernew\system\CodeIgniter.php(412): CodeIgniter\CodeIgniter->runController(Object(App\Controllers\Detail))
#7 C:\xampp80\htdocs\webci_kulinernew\system\CodeIgniter.php(320): CodeIgniter\CodeIgniter->handleRequest(NULL, Object(Config\Cache), false)
#8 C:\xampp80\htdocs\webci_kulinernew\index.php(44): CodeIgniter\CodeIgniter->run()
#9 {main}
CRITICAL - 2023-06-25 21:27:11 --> Trying to access array offset on value of type null
#0 C:\xampp80\htdocs\webci_kulinernew\app\Views\detail.php(16): CodeIgniter\Debug\Exceptions->errorHandler(2, 'Trying to acces...', 'C:\\xampp80\\htdo...', 16)
#1 C:\xampp80\htdocs\webci_kulinernew\system\View\View.php(210): include('C:\\xampp80\\htdo...')
#2 C:\xampp80\htdocs\webci_kulinernew\system\View\View.php(213): CodeIgniter\View\View->CodeIgniter\View\{closure}()
#3 C:\xampp80\htdocs\webci_kulinernew\system\Common.php(1089): CodeIgniter\View\View->render('detail', Array, true)
#4 C:\xampp80\htdocs\webci_kulinernew\app\Controllers\Detail.php(45): view('detail', Array)
#5 C:\xampp80\htdocs\webci_kulinernew\system\CodeIgniter.php(825): App\Controllers\Detail->index('images', 'product-detail-...')
#6 C:\xampp80\htdocs\webci_kulinernew\system\CodeIgniter.php(412): CodeIgniter\CodeIgniter->runController(Object(App\Controllers\Detail))
#7 C:\xampp80\htdocs\webci_kulinernew\system\CodeIgniter.php(320): CodeIgniter\CodeIgniter->handleRequest(NULL, Object(Config\Cache), false)
#8 C:\xampp80\htdocs\webci_kulinernew\index.php(44): CodeIgniter\CodeIgniter->run()
#9 {main}
CRITICAL - 2023-06-25 21:27:11 --> Trying to access array offset on value of type null
#0 C:\xampp80\htdocs\webci_kulinernew\app\Views\detail.php(16): CodeIgniter\Debug\Exceptions->errorHandler(2, 'Trying to acces...', 'C:\\xampp80\\htdo...', 16)
#1 C:\xampp80\htdocs\webci_kulinernew\system\View\View.php(210): include('C:\\xampp80\\htdo...')
#2 C:\xampp80\htdocs\webci_kulinernew\system\View\View.php(213): CodeIgniter\View\View->CodeIgniter\View\{closure}()
#3 C:\xampp80\htdocs\webci_kulinernew\system\Common.php(1089): CodeIgniter\View\View->render('detail', Array, true)
#4 C:\xampp80\htdocs\webci_kulinernew\app\Controllers\Detail.php(45): view('detail', Array)
#5 C:\xampp80\htdocs\webci_kulinernew\system\CodeIgniter.php(825): App\Controllers\Detail->index('images', 'product-detail-...')
#6 C:\xampp80\htdocs\webci_kulinernew\system\CodeIgniter.php(412): CodeIgniter\CodeIgniter->runController(Object(App\Controllers\Detail))
#7 C:\xampp80\htdocs\webci_kulinernew\system\CodeIgniter.php(320): CodeIgniter\CodeIgniter->handleRequest(NULL, Object(Config\Cache), false)
#8 C:\xampp80\htdocs\webci_kulinernew\index.php(44): CodeIgniter\CodeIgniter->run()
#9 {main}
CRITICAL - 2023-06-25 21:27:11 --> Trying to access array offset on value of type null
#0 C:\xampp80\htdocs\webci_kulinernew\app\Views\detail.php(16): CodeIgniter\Debug\Exceptions->errorHandler(2, 'Trying to acces...', 'C:\\xampp80\\htdo...', 16)
#1 C:\xampp80\htdocs\webci_kulinernew\system\View\View.php(210): include('C:\\xampp80\\htdo...')
#2 C:\xampp80\htdocs\webci_kulinernew\system\View\View.php(213): CodeIgniter\View\View->CodeIgniter\View\{closure}()
#3 C:\xampp80\htdocs\webci_kulinernew\system\Common.php(1089): CodeIgniter\View\View->render('detail', Array, true)
#4 C:\xampp80\htdocs\webci_kulinernew\app\Controllers\Detail.php(45): view('detail', Array)
#5 C:\xampp80\htdocs\webci_kulinernew\system\CodeIgniter.php(825): App\Controllers\Detail->index('images', 'icons', 'icon-close.png')
#6 C:\xampp80\htdocs\webci_kulinernew\system\CodeIgniter.php(412): CodeIgniter\CodeIgniter->runController(Object(App\Controllers\Detail))
#7 C:\xampp80\htdocs\webci_kulinernew\system\CodeIgniter.php(320): CodeIgniter\CodeIgniter->handleRequest(NULL, Object(Config\Cache), false)
#8 C:\xampp80\htdocs\webci_kulinernew\index.php(44): CodeIgniter\CodeIgniter->run()
#9 {main}
CRITICAL - 2023-06-25 21:27:11 --> Trying to access array offset on value of type null
#0 C:\xampp80\htdocs\webci_kulinernew\app\Views\detail.php(16): CodeIgniter\Debug\Exceptions->errorHandler(2, 'Trying to acces...', 'C:\\xampp80\\htdo...', 16)
#1 C:\xampp80\htdocs\webci_kulinernew\system\View\View.php(210): include('C:\\xampp80\\htdo...')
#2 C:\xampp80\htdocs\webci_kulinernew\system\View\View.php(213): CodeIgniter\View\View->CodeIgniter\View\{closure}()
#3 C:\xampp80\htdocs\webci_kulinernew\system\Common.php(1089): CodeIgniter\View\View->render('detail', Array, true)
#4 C:\xampp80\htdocs\webci_kulinernew\app\Controllers\Detail.php(45): view('detail', Array)
#5 C:\xampp80\htdocs\webci_kulinernew\system\CodeIgniter.php(825): App\Controllers\Detail->index('images', 'product-detail-...')
#6 C:\xampp80\htdocs\webci_kulinernew\system\CodeIgniter.php(412): CodeIgniter\CodeIgniter->runController(Object(App\Controllers\Detail))
#7 C:\xampp80\htdocs\webci_kulinernew\system\CodeIgniter.php(320): CodeIgniter\CodeIgniter->handleRequest(NULL, Object(Config\Cache), false)
#8 C:\xampp80\htdocs\webci_kulinernew\index.php(44): CodeIgniter\CodeIgniter->run()
#9 {main}
CRITICAL - 2023-06-25 21:27:20 --> Trying to access array offset on value of type null
#0 C:\xampp80\htdocs\webci_kulinernew\app\Views\detail.php(16): CodeIgniter\Debug\Exceptions->errorHandler(2, 'Trying to acces...', 'C:\\xampp80\\htdo...', 16)
#1 C:\xampp80\htdocs\webci_kulinernew\system\View\View.php(210): include('C:\\xampp80\\htdo...')
#2 C:\xampp80\htdocs\webci_kulinernew\system\View\View.php(213): CodeIgniter\View\View->CodeIgniter\View\{closure}()
#3 C:\xampp80\htdocs\webci_kulinernew\system\Common.php(1089): CodeIgniter\View\View->render('detail', Array, true)
#4 C:\xampp80\htdocs\webci_kulinernew\app\Controllers\Detail.php(45): view('detail', Array)
#5 C:\xampp80\htdocs\webci_kulinernew\system\CodeIgniter.php(825): App\Controllers\Detail->index('images', 'product-detail-...')
#6 C:\xampp80\htdocs\webci_kulinernew\system\CodeIgniter.php(412): CodeIgniter\CodeIgniter->runController(Object(App\Controllers\Detail))
#7 C:\xampp80\htdocs\webci_kulinernew\system\CodeIgniter.php(320): CodeIgniter\CodeIgniter->handleRequest(NULL, Object(Config\Cache), false)
#8 C:\xampp80\htdocs\webci_kulinernew\index.php(44): CodeIgniter\CodeIgniter->run()
#9 {main}
CRITICAL - 2023-06-25 21:27:20 --> Trying to access array offset on value of type null
#0 C:\xampp80\htdocs\webci_kulinernew\app\Views\detail.php(16): CodeIgniter\Debug\Exceptions->errorHandler(2, 'Trying to acces...', 'C:\\xampp80\\htdo...', 16)
#1 C:\xampp80\htdocs\webci_kulinernew\system\View\View.php(210): include('C:\\xampp80\\htdo...')
#2 C:\xampp80\htdocs\webci_kulinernew\system\View\View.php(213): CodeIgniter\View\View->CodeIgniter\View\{closure}()
#3 C:\xampp80\htdocs\webci_kulinernew\system\Common.php(1089): CodeIgniter\View\View->render('detail', Array, true)
#4 C:\xampp80\htdocs\webci_kulinernew\app\Controllers\Detail.php(45): view('detail', Array)
#5 C:\xampp80\htdocs\webci_kulinernew\system\CodeIgniter.php(825): App\Controllers\Detail->index('images', 'icons', 'icon-close.png')
#6 C:\xampp80\htdocs\webci_kulinernew\system\CodeIgniter.php(412): CodeIgniter\CodeIgniter->runController(Object(App\Controllers\Detail))
#7 C:\xampp80\htdocs\webci_kulinernew\system\CodeIgniter.php(320): CodeIgniter\CodeIgniter->handleRequest(NULL, Object(Config\Cache), false)
#8 C:\xampp80\htdocs\webci_kulinernew\index.php(44): CodeIgniter\CodeIgniter->run()
#9 {main}
CRITICAL - 2023-06-25 21:27:20 --> Trying to access array offset on value of type null
#0 C:\xampp80\htdocs\webci_kulinernew\app\Views\detail.php(16): CodeIgniter\Debug\Exceptions->errorHandler(2, 'Trying to acces...', 'C:\\xampp80\\htdo...', 16)
#1 C:\xampp80\htdocs\webci_kulinernew\system\View\View.php(210): include('C:\\xampp80\\htdo...')
#2 C:\xampp80\htdocs\webci_kulinernew\system\View\View.php(213): CodeIgniter\View\View->CodeIgniter\View\{closure}()
#3 C:\xampp80\htdocs\webci_kulinernew\system\Common.php(1089): CodeIgniter\View\View->render('detail', Array, true)
#4 C:\xampp80\htdocs\webci_kulinernew\app\Controllers\Detail.php(45): view('detail', Array)
#5 C:\xampp80\htdocs\webci_kulinernew\system\CodeIgniter.php(825): App\Controllers\Detail->index('images', 'product-detail-...')
#6 C:\xampp80\htdocs\webci_kulinernew\system\CodeIgniter.php(412): CodeIgniter\CodeIgniter->runController(Object(App\Controllers\Detail))
#7 C:\xampp80\htdocs\webci_kulinernew\system\CodeIgniter.php(320): CodeIgniter\CodeIgniter->handleRequest(NULL, Object(Config\Cache), false)
#8 C:\xampp80\htdocs\webci_kulinernew\index.php(44): CodeIgniter\CodeIgniter->run()
#9 {main}
CRITICAL - 2023-06-25 21:27:20 --> Trying to access array offset on value of type null
#0 C:\xampp80\htdocs\webci_kulinernew\app\Views\detail.php(16): CodeIgniter\Debug\Exceptions->errorHandler(2, 'Trying to acces...', 'C:\\xampp80\\htdo...', 16)
#1 C:\xampp80\htdocs\webci_kulinernew\system\View\View.php(210): include('C:\\xampp80\\htdo...')
#2 C:\xampp80\htdocs\webci_kulinernew\system\View\View.php(213): CodeIgniter\View\View->CodeIgniter\View\{closure}()
#3 C:\xampp80\htdocs\webci_kulinernew\system\Common.php(1089): CodeIgniter\View\View->render('detail', Array, true)
#4 C:\xampp80\htdocs\webci_kulinernew\app\Controllers\Detail.php(45): view('detail', Array)
#5 C:\xampp80\htdocs\webci_kulinernew\system\CodeIgniter.php(825): App\Controllers\Detail->index('images', 'product-detail-...')
#6 C:\xampp80\htdocs\webci_kulinernew\system\CodeIgniter.php(412): CodeIgniter\CodeIgniter->runController(Object(App\Controllers\Detail))
#7 C:\xampp80\htdocs\webci_kulinernew\system\CodeIgniter.php(320): CodeIgniter\CodeIgniter->handleRequest(NULL, Object(Config\Cache), false)
#8 C:\xampp80\htdocs\webci_kulinernew\index.php(44): CodeIgniter\CodeIgniter->run()
#9 {main}
CRITICAL - 2023-06-25 21:28:28 --> Undefined variable $cid
#0 C:\xampp80\htdocs\webci_kulinernew\app\Controllers\Pengguna.php(153): CodeIgniter\Debug\Exceptions->errorHandler(2, 'Undefined varia...', 'C:\\xampp80\\htdo...', 153)
#1 C:\xampp80\htdocs\webci_kulinernew\system\CodeIgniter.php(825): App\Controllers\Pengguna->process()
#2 C:\xampp80\htdocs\webci_kulinernew\system\CodeIgniter.php(412): CodeIgniter\CodeIgniter->runController(Object(App\Controllers\Pengguna))
#3 C:\xampp80\htdocs\webci_kulinernew\system\CodeIgniter.php(320): CodeIgniter\CodeIgniter->handleRequest(NULL, Object(Config\Cache), false)
#4 C:\xampp80\htdocs\webci_kulinernew\index.php(44): CodeIgniter\CodeIgniter->run()
#5 {main}
CRITICAL - 2023-06-25 09:29:47 --> Undefined variable $LAT1
#0 C:\xampp80\htdocs\webci_kulinernew\app\Views\vKuliner.php(245): CodeIgniter\Debug\Exceptions->errorHandler(2, 'Undefined varia...', 'C:\\xampp80\\htdo...', 245)
#1 C:\xampp80\htdocs\webci_kulinernew\system\View\View.php(210): include('C:\\xampp80\\htdo...')
#2 C:\xampp80\htdocs\webci_kulinernew\system\View\View.php(213): CodeIgniter\View\View->CodeIgniter\View\{closure}()
#3 C:\xampp80\htdocs\webci_kulinernew\system\Common.php(1089): CodeIgniter\View\View->render('vKuliner', Array, true)
#4 C:\xampp80\htdocs\webci_kulinernew\app\Controllers\Kuliner.php(20): view('vKuliner', Array)
#5 C:\xampp80\htdocs\webci_kulinernew\system\CodeIgniter.php(825): App\Controllers\Kuliner->index()
#6 C:\xampp80\htdocs\webci_kulinernew\system\CodeIgniter.php(412): CodeIgniter\CodeIgniter->runController(Object(App\Controllers\Kuliner))
#7 C:\xampp80\htdocs\webci_kulinernew\system\CodeIgniter.php(320): CodeIgniter\CodeIgniter->handleRequest(NULL, Object(Config\Cache), false)
#8 C:\xampp80\htdocs\webci_kulinernew\index.php(44): CodeIgniter\CodeIgniter->run()
#9 {main}
CRITICAL - 2023-06-25 09:31:28 --> Undefined variable $PATH
#0 C:\xampp80\htdocs\webci_kulinernew\app\Views\vKuliner.php(247): CodeIgniter\Debug\Exceptions->errorHandler(2, 'Undefined varia...', 'C:\\xampp80\\htdo...', 247)
#1 C:\xampp80\htdocs\webci_kulinernew\system\View\View.php(210): include('C:\\xampp80\\htdo...')
#2 C:\xampp80\htdocs\webci_kulinernew\system\View\View.php(213): CodeIgniter\View\View->CodeIgniter\View\{closure}()
#3 C:\xampp80\htdocs\webci_kulinernew\system\Common.php(1089): CodeIgniter\View\View->render('vKuliner', Array, true)
#4 C:\xampp80\htdocs\webci_kulinernew\app\Controllers\Kuliner.php(20): view('vKuliner', Array)
#5 C:\xampp80\htdocs\webci_kulinernew\system\CodeIgniter.php(825): App\Controllers\Kuliner->index()
#6 C:\xampp80\htdocs\webci_kulinernew\system\CodeIgniter.php(412): CodeIgniter\CodeIgniter->runController(Object(App\Controllers\Kuliner))
#7 C:\xampp80\htdocs\webci_kulinernew\system\CodeIgniter.php(320): CodeIgniter\CodeIgniter->handleRequest(NULL, Object(Config\Cache), false)
#8 C:\xampp80\htdocs\webci_kulinernew\index.php(44): CodeIgniter\CodeIgniter->run()
#9 {main}
CRITICAL - 2023-06-25 21:32:54 --> Undefined variable $rating2
#0 C:\xampp80\htdocs\webci_kulinernew\app\Controllers\Detail.php(37): CodeIgniter\Debug\Exceptions->errorHandler(2, 'Undefined varia...', 'C:\\xampp80\\htdo...', 37)
#1 C:\xampp80\htdocs\webci_kulinernew\system\CodeIgniter.php(825): App\Controllers\Detail->index('21')
#2 C:\xampp80\htdocs\webci_kulinernew\system\CodeIgniter.php(412): CodeIgniter\CodeIgniter->runController(Object(App\Controllers\Detail))
#3 C:\xampp80\htdocs\webci_kulinernew\system\CodeIgniter.php(320): CodeIgniter\CodeIgniter->handleRequest(NULL, Object(Config\Cache), false)
#4 C:\xampp80\htdocs\webci_kulinernew\index.php(44): CodeIgniter\CodeIgniter->run()
#5 {main}
CRITICAL - 2023-06-25 21:33:10 --> Undefined variable $rating
#0 C:\xampp80\htdocs\webci_kulinernew\app\Views\detail.php(298): CodeIgniter\Debug\Exceptions->errorHandler(2, 'Undefined varia...', 'C:\\xampp80\\htdo...', 298)
#1 C:\xampp80\htdocs\webci_kulinernew\system\View\View.php(210): include('C:\\xampp80\\htdo...')
#2 C:\xampp80\htdocs\webci_kulinernew\system\View\View.php(213): CodeIgniter\View\View->CodeIgniter\View\{closure}()
#3 C:\xampp80\htdocs\webci_kulinernew\system\Common.php(1089): CodeIgniter\View\View->render('detail', Array, true)
#4 C:\xampp80\htdocs\webci_kulinernew\app\Controllers\Detail.php(45): view('detail', Array)
#5 C:\xampp80\htdocs\webci_kulinernew\system\CodeIgniter.php(825): App\Controllers\Detail->index('25')
#6 C:\xampp80\htdocs\webci_kulinernew\system\CodeIgniter.php(412): CodeIgniter\CodeIgniter->runController(Object(App\Controllers\Detail))
#7 C:\xampp80\htdocs\webci_kulinernew\system\CodeIgniter.php(320): CodeIgniter\CodeIgniter->handleRequest(NULL, Object(Config\Cache), false)
#8 C:\xampp80\htdocs\webci_kulinernew\index.php(44): CodeIgniter\CodeIgniter->run()
#9 {main}
CRITICAL - 2023-06-25 21:33:40 --> Undefined variable $rating
#0 C:\xampp80\htdocs\webci_kulinernew\app\Views\detail.php(298): CodeIgniter\Debug\Exceptions->errorHandler(2, 'Undefined varia...', 'C:\\xampp80\\htdo...', 298)
#1 C:\xampp80\htdocs\webci_kulinernew\system\View\View.php(210): include('C:\\xampp80\\htdo...')
#2 C:\xampp80\htdocs\webci_kulinernew\system\View\View.php(213): CodeIgniter\View\View->CodeIgniter\View\{closure}()
#3 C:\xampp80\htdocs\webci_kulinernew\system\Common.php(1089): CodeIgniter\View\View->render('detail', Array, true)
#4 C:\xampp80\htdocs\webci_kulinernew\app\Controllers\Detail.php(45): view('detail', Array)
#5 C:\xampp80\htdocs\webci_kulinernew\system\CodeIgniter.php(825): App\Controllers\Detail->index('24')
#6 C:\xampp80\htdocs\webci_kulinernew\system\CodeIgniter.php(412): CodeIgniter\CodeIgniter->runController(Object(App\Controllers\Detail))
#7 C:\xampp80\htdocs\webci_kulinernew\system\CodeIgniter.php(320): CodeIgniter\CodeIgniter->handleRequest(NULL, Object(Config\Cache), false)
#8 C:\xampp80\htdocs\webci_kulinernew\index.php(44): CodeIgniter\CodeIgniter->run()
#9 {main}
CRITICAL - 2023-06-25 21:33:48 --> Undefined variable $nama_kuliner
#0 C:\xampp80\htdocs\webci_kulinernew\app\Views\rekom.php(50): CodeIgniter\Debug\Exceptions->errorHandler(2, 'Undefined varia...', 'C:\\xampp80\\htdo...', 50)
#1 C:\xampp80\htdocs\webci_kulinernew\system\View\View.php(210): include('C:\\xampp80\\htdo...')
#2 C:\xampp80\htdocs\webci_kulinernew\system\View\View.php(213): CodeIgniter\View\View->CodeIgniter\View\{closure}()
#3 C:\xampp80\htdocs\webci_kulinernew\system\Common.php(1089): CodeIgniter\View\View->render('rekom', Array, true)
#4 C:\xampp80\htdocs\webci_kulinernew\app\Controllers\Rekom.php(22): view('rekom', Array)
#5 C:\xampp80\htdocs\webci_kulinernew\system\CodeIgniter.php(825): App\Controllers\Rekom->index()
#6 C:\xampp80\htdocs\webci_kulinernew\system\CodeIgniter.php(412): CodeIgniter\CodeIgniter->runController(Object(App\Controllers\Rekom))
#7 C:\xampp80\htdocs\webci_kulinernew\system\CodeIgniter.php(320): CodeIgniter\CodeIgniter->handleRequest(NULL, Object(Config\Cache), false)
#8 C:\xampp80\htdocs\webci_kulinernew\index.php(44): CodeIgniter\CodeIgniter->run()
#9 {main}
CRITICAL - 2023-06-25 21:38:59 --> Trying to access array offset on value of type null
#0 C:\xampp80\htdocs\webci_kulinernew\app\Controllers\Detail.php(36): CodeIgniter\Debug\Exceptions->errorHandler(2, 'Trying to acces...', 'C:\\xampp80\\htdo...', 36)
#1 C:\xampp80\htdocs\webci_kulinernew\system\CodeIgniter.php(825): App\Controllers\Detail->index('22')
#2 C:\xampp80\htdocs\webci_kulinernew\system\CodeIgniter.php(412): CodeIgniter\CodeIgniter->runController(Object(App\Controllers\Detail))
#3 C:\xampp80\htdocs\webci_kulinernew\system\CodeIgniter.php(320): CodeIgniter\CodeIgniter->handleRequest(NULL, Object(Config\Cache), false)
#4 C:\xampp80\htdocs\webci_kulinernew\index.php(44): CodeIgniter\CodeIgniter->run()
#5 {main}
CRITICAL - 2023-06-25 21:40:03 --> Trying to access array offset on value of type null
#0 C:\xampp80\htdocs\webci_kulinernew\app\Controllers\Detail.php(36): CodeIgniter\Debug\Exceptions->errorHandler(2, 'Trying to acces...', 'C:\\xampp80\\htdo...', 36)
#1 C:\xampp80\htdocs\webci_kulinernew\system\CodeIgniter.php(825): App\Controllers\Detail->index('22')
#2 C:\xampp80\htdocs\webci_kulinernew\system\CodeIgniter.php(412): CodeIgniter\CodeIgniter->runController(Object(App\Controllers\Detail))
#3 C:\xampp80\htdocs\webci_kulinernew\system\CodeIgniter.php(320): CodeIgniter\CodeIgniter->handleRequest(NULL, Object(Config\Cache), false)
#4 C:\xampp80\htdocs\webci_kulinernew\index.php(44): CodeIgniter\CodeIgniter->run()
#5 {main}
CRITICAL - 2023-06-25 21:40:20 --> Undefined array key "rating"
#0 C:\xampp80\htdocs\webci_kulinernew\app\Views\detail.php(152): CodeIgniter\Debug\Exceptions->errorHandler(2, 'Undefined array...', 'C:\\xampp80\\htdo...', 152)
#1 C:\xampp80\htdocs\webci_kulinernew\system\View\View.php(210): include('C:\\xampp80\\htdo...')
#2 C:\xampp80\htdocs\webci_kulinernew\system\View\View.php(213): CodeIgniter\View\View->CodeIgniter\View\{closure}()
#3 C:\xampp80\htdocs\webci_kulinernew\system\Common.php(1089): CodeIgniter\View\View->render('detail', Array, true)
#4 C:\xampp80\htdocs\webci_kulinernew\app\Controllers\Detail.php(45): view('detail', Array)
#5 C:\xampp80\htdocs\webci_kulinernew\system\CodeIgniter.php(825): App\Controllers\Detail->index('22')
#6 C:\xampp80\htdocs\webci_kulinernew\system\CodeIgniter.php(412): CodeIgniter\CodeIgniter->runController(Object(App\Controllers\Detail))
#7 C:\xampp80\htdocs\webci_kulinernew\system\CodeIgniter.php(320): CodeIgniter\CodeIgniter->handleRequest(NULL, Object(Config\Cache), false)
#8 C:\xampp80\htdocs\webci_kulinernew\index.php(44): CodeIgniter\CodeIgniter->run()
#9 {main}
ERROR - 2023-06-25 21:54:25 --> Error connecting to the database: Unknown database 'db_kulinercrowdsourching'
CRITICAL - 2023-06-25 21:54:25 --> Unable to connect to the database.
Main connection [MySQLi]: Unknown database 'db_kulinercrowdsourching'
#0 C:\xampp74\htdocs\webci_kulinernew\system\Database\BaseConnection.php(577): CodeIgniter\Database\BaseConnection->initialize()
#1 C:\xampp74\htdocs\webci_kulinernew\system\Database\BaseBuilder.php(1455): CodeIgniter\Database\BaseConnection->query('SELECT *\nFROM `...', Array, false)
#2 C:\xampp74\htdocs\webci_kulinernew\system\Model.php(210): CodeIgniter\Database\BaseBuilder->get()
#3 C:\xampp74\htdocs\webci_kulinernew\system\BaseModel.php(622): CodeIgniter\Model->doFirst()
#4 C:\xampp74\htdocs\webci_kulinernew\app\Controllers\Detail.php(26): CodeIgniter\BaseModel->first()
#5 C:\xampp74\htdocs\webci_kulinernew\system\CodeIgniter.php(825): App\Controllers\Detail->index('22')
#6 C:\xampp74\htdocs\webci_kulinernew\system\CodeIgniter.php(412): CodeIgniter\CodeIgniter->runController(Object(App\Controllers\Detail))
#7 C:\xampp74\htdocs\webci_kulinernew\system\CodeIgniter.php(320): CodeIgniter\CodeIgniter->handleRequest(NULL, Object(Config\Cache), false)
#8 C:\xampp74\htdocs\webci_kulinernew\index.php(44): CodeIgniter\CodeIgniter->run()
#9 {main}
