CRITICAL - 2022-07-13 03:05:08 --> syntax error, unexpected '=>' (T_DOUBLE_ARROW), expecting ')'
#0 C:\xampp\htdocs\webci_kulinernew\system\Autoloader\Autoloader.php(241): CodeIgniter\Autoloader\Autoloader->includeFile('C:\\xampp\\htdocs...')
#1 C:\xampp\htdocs\webci_kulinernew\system\Autoloader\Autoloader.php(219): CodeIgniter\Autoloader\Autoloader->loadInNamespace('App\\Controllers...')
#2 [internal function]: CodeIgniter\Autoloader\Autoloader->loadClass('App\\Controllers...')
#3 [internal function]: spl_autoload_call('App\\Controllers...')
#4 C:\xampp\htdocs\webci_kulinernew\system\CodeIgniter.php(790): class_exists('\\App\\Controller...', true)
#5 C:\xampp\htdocs\webci_kulinernew\system\CodeIgniter.php(399): CodeIgniter\CodeIgniter->startController()
#6 C:\xampp\htdocs\webci_kulinernew\system\CodeIgniter.php(320): CodeIgniter\CodeIgniter->handleRequest(NULL, Object(Config\Cache), false)
#7 C:\xampp\htdocs\webci_kulinernew\index.php(44): CodeIgniter\CodeIgniter->run()
#8 {main}
CRITICAL - 2022-07-13 03:24:24 --> syntax error, unexpected 'logout' (T_STRING), expecting function (T_FUNCTION) or const (T_CONST)
#0 C:\xampp\htdocs\webci_kulinernew\system\Autoloader\Autoloader.php(241): CodeIgniter\Autoloader\Autoloader->includeFile('C:\\xampp\\htdocs...')
#1 C:\xampp\htdocs\webci_kulinernew\system\Autoloader\Autoloader.php(219): CodeIgniter\Autoloader\Autoloader->loadInNamespace('App\\Controllers...')
#2 [internal function]: CodeIgniter\Autoloader\Autoloader->loadClass('App\\Controllers...')
#3 [internal function]: spl_autoload_call('App\\Controllers...')
#4 C:\xampp\htdocs\webci_kulinernew\system\CodeIgniter.php(790): class_exists('\\App\\Controller...', true)
#5 C:\xampp\htdocs\webci_kulinernew\system\CodeIgniter.php(399): CodeIgniter\CodeIgniter->startController()
#6 C:\xampp\htdocs\webci_kulinernew\system\CodeIgniter.php(320): CodeIgniter\CodeIgniter->handleRequest(NULL, Object(Config\Cache), false)
#7 C:\xampp\htdocs\webci_kulinernew\index.php(44): CodeIgniter\CodeIgniter->run()
#8 {main}
CRITICAL - 2022-07-13 03:25:14 --> syntax error, unexpected 'logout' (T_STRING), expecting function (T_FUNCTION) or const (T_CONST)
#0 C:\xampp\htdocs\webci_kulinernew\system\Autoloader\Autoloader.php(241): CodeIgniter\Autoloader\Autoloader->includeFile('C:\\xampp\\htdocs...')
#1 C:\xampp\htdocs\webci_kulinernew\system\Autoloader\Autoloader.php(219): CodeIgniter\Autoloader\Autoloader->loadInNamespace('App\\Controllers...')
#2 [internal function]: CodeIgniter\Autoloader\Autoloader->loadClass('App\\Controllers...')
#3 [internal function]: spl_autoload_call('App\\Controllers...')
#4 C:\xampp\htdocs\webci_kulinernew\system\CodeIgniter.php(790): class_exists('\\App\\Controller...', true)
#5 C:\xampp\htdocs\webci_kulinernew\system\CodeIgniter.php(399): CodeIgniter\CodeIgniter->startController()
#6 C:\xampp\htdocs\webci_kulinernew\system\CodeIgniter.php(320): CodeIgniter\CodeIgniter->handleRequest(NULL, Object(Config\Cache), false)
#7 C:\xampp\htdocs\webci_kulinernew\index.php(44): CodeIgniter\CodeIgniter->run()
#8 {main}
CRITICAL - 2022-07-13 03:27:39 --> Invalid file: myloginadmin.php
#0 C:\xampp\htdocs\webci_kulinernew\system\View\View.php(198): CodeIgniter\Exceptions\FrameworkException::forInvalidFile('myloginadmin.ph...')
#1 C:\xampp\htdocs\webci_kulinernew\system\Common.php(1089): CodeIgniter\View\View->render('myloginadmin', Array, true)
#2 C:\xampp\htdocs\webci_kulinernew\app\Controllers\Admin.php(55): view('myloginadmin')
#3 C:\xampp\htdocs\webci_kulinernew\system\CodeIgniter.php(825): App\Controllers\Admin->logout()
#4 C:\xampp\htdocs\webci_kulinernew\system\CodeIgniter.php(412): CodeIgniter\CodeIgniter->runController(Object(App\Controllers\Admin))
#5 C:\xampp\htdocs\webci_kulinernew\system\CodeIgniter.php(320): CodeIgniter\CodeIgniter->handleRequest(NULL, Object(Config\Cache), false)
#6 C:\xampp\htdocs\webci_kulinernew\index.php(44): CodeIgniter\CodeIgniter->run()
#7 {main}
CRITICAL - 2022-07-13 03:27:59 --> Invalid file: /myloginadmin.php
#0 C:\xampp\htdocs\webci_kulinernew\system\View\View.php(198): CodeIgniter\Exceptions\FrameworkException::forInvalidFile('/myloginadmin.p...')
#1 C:\xampp\htdocs\webci_kulinernew\system\Common.php(1089): CodeIgniter\View\View->render('/myloginadmin', Array, true)
#2 C:\xampp\htdocs\webci_kulinernew\app\Controllers\Admin.php(55): view('/myloginadmin')
#3 C:\xampp\htdocs\webci_kulinernew\system\CodeIgniter.php(825): App\Controllers\Admin->logout()
#4 C:\xampp\htdocs\webci_kulinernew\system\CodeIgniter.php(412): CodeIgniter\CodeIgniter->runController(Object(App\Controllers\Admin))
#5 C:\xampp\htdocs\webci_kulinernew\system\CodeIgniter.php(320): CodeIgniter\CodeIgniter->handleRequest(NULL, Object(Config\Cache), false)
#6 C:\xampp\htdocs\webci_kulinernew\index.php(44): CodeIgniter\CodeIgniter->run()
#7 {main}
CRITICAL - 2022-07-13 03:28:36 --> Invalid file: /loginadmin.php
#0 C:\xampp\htdocs\webci_kulinernew\system\View\View.php(198): CodeIgniter\Exceptions\FrameworkException::forInvalidFile('/loginadmin.php')
#1 C:\xampp\htdocs\webci_kulinernew\system\Common.php(1089): CodeIgniter\View\View->render('/loginadmin', Array, true)
#2 C:\xampp\htdocs\webci_kulinernew\app\Controllers\Admin.php(55): view('/loginadmin')
#3 C:\xampp\htdocs\webci_kulinernew\system\CodeIgniter.php(825): App\Controllers\Admin->logout()
#4 C:\xampp\htdocs\webci_kulinernew\system\CodeIgniter.php(412): CodeIgniter\CodeIgniter->runController(Object(App\Controllers\Admin))
#5 C:\xampp\htdocs\webci_kulinernew\system\CodeIgniter.php(320): CodeIgniter\CodeIgniter->handleRequest(NULL, Object(Config\Cache), false)
#6 C:\xampp\htdocs\webci_kulinernew\index.php(44): CodeIgniter\CodeIgniter->run()
#7 {main}
CRITICAL - 2022-07-13 03:28:39 --> Invalid file: /loginadmin.php
#0 C:\xampp\htdocs\webci_kulinernew\system\View\View.php(198): CodeIgniter\Exceptions\FrameworkException::forInvalidFile('/loginadmin.php')
#1 C:\xampp\htdocs\webci_kulinernew\system\Common.php(1089): CodeIgniter\View\View->render('/loginadmin', Array, true)
#2 C:\xampp\htdocs\webci_kulinernew\app\Controllers\Admin.php(55): view('/loginadmin')
#3 C:\xampp\htdocs\webci_kulinernew\system\CodeIgniter.php(825): App\Controllers\Admin->logout()
#4 C:\xampp\htdocs\webci_kulinernew\system\CodeIgniter.php(412): CodeIgniter\CodeIgniter->runController(Object(App\Controllers\Admin))
#5 C:\xampp\htdocs\webci_kulinernew\system\CodeIgniter.php(320): CodeIgniter\CodeIgniter->handleRequest(NULL, Object(Config\Cache), false)
#6 C:\xampp\htdocs\webci_kulinernew\index.php(44): CodeIgniter\CodeIgniter->run()
#7 {main}
CRITICAL - 2022-07-13 03:31:21 --> Invalid file: /myloginadmin.php
#0 C:\xampp\htdocs\webci_kulinernew\system\View\View.php(198): CodeIgniter\Exceptions\FrameworkException::forInvalidFile('/myloginadmin.p...')
#1 C:\xampp\htdocs\webci_kulinernew\system\Common.php(1089): CodeIgniter\View\View->render('/myloginadmin', Array, true)
#2 C:\xampp\htdocs\webci_kulinernew\app\Controllers\Admin.php(55): view('/myloginadmin')
#3 C:\xampp\htdocs\webci_kulinernew\system\CodeIgniter.php(825): App\Controllers\Admin->logout()
#4 C:\xampp\htdocs\webci_kulinernew\system\CodeIgniter.php(412): CodeIgniter\CodeIgniter->runController(Object(App\Controllers\Admin))
#5 C:\xampp\htdocs\webci_kulinernew\system\CodeIgniter.php(320): CodeIgniter\CodeIgniter->handleRequest(NULL, Object(Config\Cache), false)
#6 C:\xampp\htdocs\webci_kulinernew\index.php(44): CodeIgniter\CodeIgniter->run()
#7 {main}
CRITICAL - 2022-07-13 03:31:53 --> Invalid file: /myloginadmin.php
#0 C:\xampp\htdocs\webci_kulinernew\system\View\View.php(198): CodeIgniter\Exceptions\FrameworkException::forInvalidFile('/myloginadmin.p...')
#1 C:\xampp\htdocs\webci_kulinernew\system\Common.php(1089): CodeIgniter\View\View->render('/myloginadmin', Array, true)
#2 C:\xampp\htdocs\webci_kulinernew\app\Controllers\Admin.php(55): view('/myloginadmin')
#3 C:\xampp\htdocs\webci_kulinernew\system\CodeIgniter.php(825): App\Controllers\Admin->logout()
#4 C:\xampp\htdocs\webci_kulinernew\system\CodeIgniter.php(412): CodeIgniter\CodeIgniter->runController(Object(App\Controllers\Admin))
#5 C:\xampp\htdocs\webci_kulinernew\system\CodeIgniter.php(320): CodeIgniter\CodeIgniter->handleRequest(NULL, Object(Config\Cache), false)
#6 C:\xampp\htdocs\webci_kulinernew\index.php(44): CodeIgniter\CodeIgniter->run()
#7 {main}
CRITICAL - 2022-07-13 03:41:03 --> Invalid file: /myloginadmin.php
#0 C:\xampp\htdocs\webci_kulinernew\system\View\View.php(198): CodeIgniter\Exceptions\FrameworkException::forInvalidFile('/myloginadmin.p...')
#1 C:\xampp\htdocs\webci_kulinernew\system\Common.php(1089): CodeIgniter\View\View->render('/myloginadmin', Array, true)
#2 C:\xampp\htdocs\webci_kulinernew\app\Controllers\Admin.php(55): view('/myloginadmin')
#3 C:\xampp\htdocs\webci_kulinernew\system\CodeIgniter.php(825): App\Controllers\Admin->logout()
#4 C:\xampp\htdocs\webci_kulinernew\system\CodeIgniter.php(412): CodeIgniter\CodeIgniter->runController(Object(App\Controllers\Admin))
#5 C:\xampp\htdocs\webci_kulinernew\system\CodeIgniter.php(320): CodeIgniter\CodeIgniter->handleRequest(NULL, Object(Config\Cache), false)
#6 C:\xampp\htdocs\webci_kulinernew\index.php(44): CodeIgniter\CodeIgniter->run()
#7 {main}
CRITICAL - 2022-07-13 03:41:06 --> Invalid file: /myloginadmin.php
#0 C:\xampp\htdocs\webci_kulinernew\system\View\View.php(198): CodeIgniter\Exceptions\FrameworkException::forInvalidFile('/myloginadmin.p...')
#1 C:\xampp\htdocs\webci_kulinernew\system\Common.php(1089): CodeIgniter\View\View->render('/myloginadmin', Array, true)
#2 C:\xampp\htdocs\webci_kulinernew\app\Controllers\Admin.php(55): view('/myloginadmin')
#3 C:\xampp\htdocs\webci_kulinernew\system\CodeIgniter.php(825): App\Controllers\Admin->logout()
#4 C:\xampp\htdocs\webci_kulinernew\system\CodeIgniter.php(412): CodeIgniter\CodeIgniter->runController(Object(App\Controllers\Admin))
#5 C:\xampp\htdocs\webci_kulinernew\system\CodeIgniter.php(320): CodeIgniter\CodeIgniter->handleRequest(NULL, Object(Config\Cache), false)
#6 C:\xampp\htdocs\webci_kulinernew\index.php(44): CodeIgniter\CodeIgniter->run()
#7 {main}
CRITICAL - 2022-07-13 03:41:09 --> Invalid file: /myloginadmin.php
#0 C:\xampp\htdocs\webci_kulinernew\system\View\View.php(198): CodeIgniter\Exceptions\FrameworkException::forInvalidFile('/myloginadmin.p...')
#1 C:\xampp\htdocs\webci_kulinernew\system\Common.php(1089): CodeIgniter\View\View->render('/myloginadmin', Array, true)
#2 C:\xampp\htdocs\webci_kulinernew\app\Controllers\Admin.php(55): view('/myloginadmin')
#3 C:\xampp\htdocs\webci_kulinernew\system\CodeIgniter.php(825): App\Controllers\Admin->logout()
#4 C:\xampp\htdocs\webci_kulinernew\system\CodeIgniter.php(412): CodeIgniter\CodeIgniter->runController(Object(App\Controllers\Admin))
#5 C:\xampp\htdocs\webci_kulinernew\system\CodeIgniter.php(320): CodeIgniter\CodeIgniter->handleRequest(NULL, Object(Config\Cache), false)
#6 C:\xampp\htdocs\webci_kulinernew\index.php(44): CodeIgniter\CodeIgniter->run()
#7 {main}
CRITICAL - 2022-07-13 03:43:30 --> Invalid file: /myloginadmin.php
#0 C:\xampp\htdocs\webci_kulinernew\system\View\View.php(198): CodeIgniter\Exceptions\FrameworkException::forInvalidFile('/myloginadmin.p...')
#1 C:\xampp\htdocs\webci_kulinernew\system\Common.php(1089): CodeIgniter\View\View->render('/myloginadmin', Array, true)
#2 C:\xampp\htdocs\webci_kulinernew\app\Controllers\Admin.php(59): view('/myloginadmin')
#3 C:\xampp\htdocs\webci_kulinernew\system\CodeIgniter.php(825): App\Controllers\Admin->logout()
#4 C:\xampp\htdocs\webci_kulinernew\system\CodeIgniter.php(412): CodeIgniter\CodeIgniter->runController(Object(App\Controllers\Admin))
#5 C:\xampp\htdocs\webci_kulinernew\system\CodeIgniter.php(320): CodeIgniter\CodeIgniter->handleRequest(NULL, Object(Config\Cache), false)
#6 C:\xampp\htdocs\webci_kulinernew\index.php(44): CodeIgniter\CodeIgniter->run()
#7 {main}
CRITICAL - 2022-07-13 03:49:29 --> Invalid file: /myloginadmin.php
#0 C:\xampp\htdocs\webci_kulinernew\system\View\View.php(198): CodeIgniter\Exceptions\FrameworkException::forInvalidFile('/myloginadmin.p...')
#1 C:\xampp\htdocs\webci_kulinernew\system\Common.php(1089): CodeIgniter\View\View->render('/myloginadmin', Array, true)
#2 C:\xampp\htdocs\webci_kulinernew\app\Controllers\Admin.php(59): view('/myloginadmin')
#3 C:\xampp\htdocs\webci_kulinernew\system\CodeIgniter.php(825): App\Controllers\Admin->logout()
#4 C:\xampp\htdocs\webci_kulinernew\system\CodeIgniter.php(412): CodeIgniter\CodeIgniter->runController(Object(App\Controllers\Admin))
#5 C:\xampp\htdocs\webci_kulinernew\system\CodeIgniter.php(320): CodeIgniter\CodeIgniter->handleRequest(NULL, Object(Config\Cache), false)
#6 C:\xampp\htdocs\webci_kulinernew\index.php(44): CodeIgniter\CodeIgniter->run()
#7 {main}
CRITICAL - 2022-07-13 03:49:51 --> Invalid file: /loginadmin.php
#0 C:\xampp\htdocs\webci_kulinernew\system\View\View.php(198): CodeIgniter\Exceptions\FrameworkException::forInvalidFile('/loginadmin.php')
#1 C:\xampp\htdocs\webci_kulinernew\system\Common.php(1089): CodeIgniter\View\View->render('/loginadmin', Array, true)
#2 C:\xampp\htdocs\webci_kulinernew\app\Controllers\Admin.php(59): view('/loginadmin')
#3 C:\xampp\htdocs\webci_kulinernew\system\CodeIgniter.php(825): App\Controllers\Admin->logout()
#4 C:\xampp\htdocs\webci_kulinernew\system\CodeIgniter.php(412): CodeIgniter\CodeIgniter->runController(Object(App\Controllers\Admin))
#5 C:\xampp\htdocs\webci_kulinernew\system\CodeIgniter.php(320): CodeIgniter\CodeIgniter->handleRequest(NULL, Object(Config\Cache), false)
#6 C:\xampp\htdocs\webci_kulinernew\index.php(44): CodeIgniter\CodeIgniter->run()
#7 {main}
CRITICAL - 2022-07-13 03:49:52 --> Invalid file: /loginadmin.php
#0 C:\xampp\htdocs\webci_kulinernew\system\View\View.php(198): CodeIgniter\Exceptions\FrameworkException::forInvalidFile('/loginadmin.php')
#1 C:\xampp\htdocs\webci_kulinernew\system\Common.php(1089): CodeIgniter\View\View->render('/loginadmin', Array, true)
#2 C:\xampp\htdocs\webci_kulinernew\app\Controllers\Admin.php(59): view('/loginadmin')
#3 C:\xampp\htdocs\webci_kulinernew\system\CodeIgniter.php(825): App\Controllers\Admin->logout()
#4 C:\xampp\htdocs\webci_kulinernew\system\CodeIgniter.php(412): CodeIgniter\CodeIgniter->runController(Object(App\Controllers\Admin))
#5 C:\xampp\htdocs\webci_kulinernew\system\CodeIgniter.php(320): CodeIgniter\CodeIgniter->handleRequest(NULL, Object(Config\Cache), false)
#6 C:\xampp\htdocs\webci_kulinernew\index.php(44): CodeIgniter\CodeIgniter->run()
#7 {main}
CRITICAL - 2022-07-13 03:50:04 --> Invalid file: /loginadmin.php
#0 C:\xampp\htdocs\webci_kulinernew\system\View\View.php(198): CodeIgniter\Exceptions\FrameworkException::forInvalidFile('/loginadmin.php')
#1 C:\xampp\htdocs\webci_kulinernew\system\Common.php(1089): CodeIgniter\View\View->render('/loginadmin', Array, true)
#2 C:\xampp\htdocs\webci_kulinernew\app\Controllers\Admin.php(59): view('/loginadmin')
#3 C:\xampp\htdocs\webci_kulinernew\system\CodeIgniter.php(825): App\Controllers\Admin->logout()
#4 C:\xampp\htdocs\webci_kulinernew\system\CodeIgniter.php(412): CodeIgniter\CodeIgniter->runController(Object(App\Controllers\Admin))
#5 C:\xampp\htdocs\webci_kulinernew\system\CodeIgniter.php(320): CodeIgniter\CodeIgniter->handleRequest(NULL, Object(Config\Cache), false)
#6 C:\xampp\htdocs\webci_kulinernew\index.php(44): CodeIgniter\CodeIgniter->run()
#7 {main}
CRITICAL - 2022-07-13 03:50:27 --> Invalid file: /loginadmin.php
#0 C:\xampp\htdocs\webci_kulinernew\system\View\View.php(198): CodeIgniter\Exceptions\FrameworkException::forInvalidFile('/loginadmin.php')
#1 C:\xampp\htdocs\webci_kulinernew\system\Common.php(1089): CodeIgniter\View\View->render('/loginadmin', Array, true)
#2 C:\xampp\htdocs\webci_kulinernew\app\Controllers\Admin.php(59): view('/loginadmin')
#3 C:\xampp\htdocs\webci_kulinernew\system\CodeIgniter.php(825): App\Controllers\Admin->logout()
#4 C:\xampp\htdocs\webci_kulinernew\system\CodeIgniter.php(412): CodeIgniter\CodeIgniter->runController(Object(App\Controllers\Admin))
#5 C:\xampp\htdocs\webci_kulinernew\system\CodeIgniter.php(320): CodeIgniter\CodeIgniter->handleRequest(NULL, Object(Config\Cache), false)
#6 C:\xampp\htdocs\webci_kulinernew\index.php(44): CodeIgniter\CodeIgniter->run()
#7 {main}
CRITICAL - 2022-07-13 03:52:53 --> Invalid file: /.php
#0 C:\xampp\htdocs\webci_kulinernew\system\View\View.php(198): CodeIgniter\Exceptions\FrameworkException::forInvalidFile('/.php')
#1 C:\xampp\htdocs\webci_kulinernew\system\Common.php(1089): CodeIgniter\View\View->render('/', Array, true)
#2 C:\xampp\htdocs\webci_kulinernew\app\Controllers\Admin.php(59): view('/')
#3 C:\xampp\htdocs\webci_kulinernew\system\CodeIgniter.php(825): App\Controllers\Admin->logout()
#4 C:\xampp\htdocs\webci_kulinernew\system\CodeIgniter.php(412): CodeIgniter\CodeIgniter->runController(Object(App\Controllers\Admin))
#5 C:\xampp\htdocs\webci_kulinernew\system\CodeIgniter.php(320): CodeIgniter\CodeIgniter->handleRequest(NULL, Object(Config\Cache), false)
#6 C:\xampp\htdocs\webci_kulinernew\index.php(44): CodeIgniter\CodeIgniter->run()
#7 {main}
CRITICAL - 2022-07-13 03:53:08 --> Invalid file: /.php
#0 C:\xampp\htdocs\webci_kulinernew\system\View\View.php(198): CodeIgniter\Exceptions\FrameworkException::forInvalidFile('/.php')
#1 C:\xampp\htdocs\webci_kulinernew\system\Common.php(1089): CodeIgniter\View\View->render('/', Array, true)
#2 C:\xampp\htdocs\webci_kulinernew\app\Controllers\Admin.php(59): view('/')
#3 C:\xampp\htdocs\webci_kulinernew\system\CodeIgniter.php(825): App\Controllers\Admin->logout()
#4 C:\xampp\htdocs\webci_kulinernew\system\CodeIgniter.php(412): CodeIgniter\CodeIgniter->runController(Object(App\Controllers\Admin))
#5 C:\xampp\htdocs\webci_kulinernew\system\CodeIgniter.php(320): CodeIgniter\CodeIgniter->handleRequest(NULL, Object(Config\Cache), false)
#6 C:\xampp\htdocs\webci_kulinernew\index.php(44): CodeIgniter\CodeIgniter->run()
#7 {main}
CRITICAL - 2022-07-13 03:54:24 --> Invalid file: /.php
#0 C:\xampp\htdocs\webci_kulinernew\system\View\View.php(198): CodeIgniter\Exceptions\FrameworkException::forInvalidFile('/.php')
#1 C:\xampp\htdocs\webci_kulinernew\system\Common.php(1089): CodeIgniter\View\View->render('/', Array, true)
#2 C:\xampp\htdocs\webci_kulinernew\app\Controllers\Admin.php(59): view('/')
#3 C:\xampp\htdocs\webci_kulinernew\system\CodeIgniter.php(825): App\Controllers\Admin->logout()
#4 C:\xampp\htdocs\webci_kulinernew\system\CodeIgniter.php(412): CodeIgniter\CodeIgniter->runController(Object(App\Controllers\Admin))
#5 C:\xampp\htdocs\webci_kulinernew\system\CodeIgniter.php(320): CodeIgniter\CodeIgniter->handleRequest(NULL, Object(Config\Cache), false)
#6 C:\xampp\htdocs\webci_kulinernew\index.php(44): CodeIgniter\CodeIgniter->run()
#7 {main}
CRITICAL - 2022-07-13 03:54:31 --> Invalid file: /.php
#0 C:\xampp\htdocs\webci_kulinernew\system\View\View.php(198): CodeIgniter\Exceptions\FrameworkException::forInvalidFile('/.php')
#1 C:\xampp\htdocs\webci_kulinernew\system\Common.php(1089): CodeIgniter\View\View->render('/', Array, true)
#2 C:\xampp\htdocs\webci_kulinernew\app\Controllers\Admin.php(59): view('/')
#3 C:\xampp\htdocs\webci_kulinernew\system\CodeIgniter.php(825): App\Controllers\Admin->logout()
#4 C:\xampp\htdocs\webci_kulinernew\system\CodeIgniter.php(412): CodeIgniter\CodeIgniter->runController(Object(App\Controllers\Admin))
#5 C:\xampp\htdocs\webci_kulinernew\system\CodeIgniter.php(320): CodeIgniter\CodeIgniter->handleRequest(NULL, Object(Config\Cache), false)
#6 C:\xampp\htdocs\webci_kulinernew\index.php(44): CodeIgniter\CodeIgniter->run()
#7 {main}
CRITICAL - 2022-07-13 03:56:29 -->  route cannot be found while reverse-routing.
#0 C:\xampp\htdocs\webci_kulinernew\system\HTTP\RedirectResponse.php(56): CodeIgniter\HTTP\Exceptions\HTTPException::forInvalidRedirectRoute('')
#1 C:\xampp\htdocs\webci_kulinernew\system\Common.php(832): CodeIgniter\HTTP\RedirectResponse->route(false)
#2 C:\xampp\htdocs\webci_kulinernew\app\Controllers\Admin.php(59): redirect('/loginadmin')
#3 C:\xampp\htdocs\webci_kulinernew\system\CodeIgniter.php(825): App\Controllers\Admin->logout()
#4 C:\xampp\htdocs\webci_kulinernew\system\CodeIgniter.php(412): CodeIgniter\CodeIgniter->runController(Object(App\Controllers\Admin))
#5 C:\xampp\htdocs\webci_kulinernew\system\CodeIgniter.php(320): CodeIgniter\CodeIgniter->handleRequest(NULL, Object(Config\Cache), false)
#6 C:\xampp\htdocs\webci_kulinernew\index.php(44): CodeIgniter\CodeIgniter->run()
#7 {main}
CRITICAL - 2022-07-13 04:41:56 --> Invalid argument supplied for foreach()
#0 C:\xampp\htdocs\webci_kulinernew\app\Views\frontend.php(182): CodeIgniter\Debug\Exceptions->errorHandler(2, 'Invalid argumen...', 'C:\\xampp\\htdocs...', 182, Array)
#1 C:\xampp\htdocs\webci_kulinernew\system\View\View.php(210): include('C:\\xampp\\htdocs...')
#2 C:\xampp\htdocs\webci_kulinernew\system\View\View.php(213): CodeIgniter\View\View->CodeIgniter\View\{closure}()
#3 C:\xampp\htdocs\webci_kulinernew\system\Common.php(1089): CodeIgniter\View\View->render('frontend', Array, true)
#4 C:\xampp\htdocs\webci_kulinernew\app\Controllers\Pengguna.php(116): view('frontend')
#5 C:\xampp\htdocs\webci_kulinernew\system\CodeIgniter.php(825): App\Controllers\Pengguna->process()
#6 C:\xampp\htdocs\webci_kulinernew\system\CodeIgniter.php(412): CodeIgniter\CodeIgniter->runController(Object(App\Controllers\Pengguna))
#7 C:\xampp\htdocs\webci_kulinernew\system\CodeIgniter.php(320): CodeIgniter\CodeIgniter->handleRequest(NULL, Object(Config\Cache), false)
#8 C:\xampp\htdocs\webci_kulinernew\index.php(44): CodeIgniter\CodeIgniter->run()
#9 {main}
CRITICAL - 2022-07-13 04:49:16 --> syntax error, unexpected '}', expecting end of file
#0 C:\xampp\htdocs\webci_kulinernew\system\View\View.php(213): CodeIgniter\View\View->CodeIgniter\View\{closure}()
#1 C:\xampp\htdocs\webci_kulinernew\system\Common.php(1089): CodeIgniter\View\View->render('frontend', Array, true)
#2 C:\xampp\htdocs\webci_kulinernew\app\Controllers\Pengguna.php(116): view('frontend')
#3 C:\xampp\htdocs\webci_kulinernew\system\CodeIgniter.php(825): App\Controllers\Pengguna->process()
#4 C:\xampp\htdocs\webci_kulinernew\system\CodeIgniter.php(412): CodeIgniter\CodeIgniter->runController(Object(App\Controllers\Pengguna))
#5 C:\xampp\htdocs\webci_kulinernew\system\CodeIgniter.php(320): CodeIgniter\CodeIgniter->handleRequest(NULL, Object(Config\Cache), false)
#6 C:\xampp\htdocs\webci_kulinernew\index.php(44): CodeIgniter\CodeIgniter->run()
#7 {main}
CRITICAL - 2022-07-13 04:49:29 --> Invalid argument supplied for foreach()
#0 C:\xampp\htdocs\webci_kulinernew\app\Views\frontend.php(268): CodeIgniter\Debug\Exceptions->errorHandler(2, 'Invalid argumen...', 'C:\\xampp\\htdocs...', 268, Array)
#1 C:\xampp\htdocs\webci_kulinernew\system\View\View.php(210): include('C:\\xampp\\htdocs...')
#2 C:\xampp\htdocs\webci_kulinernew\system\View\View.php(213): CodeIgniter\View\View->CodeIgniter\View\{closure}()
#3 C:\xampp\htdocs\webci_kulinernew\system\Common.php(1089): CodeIgniter\View\View->render('frontend', Array, true)
#4 C:\xampp\htdocs\webci_kulinernew\app\Controllers\Pengguna.php(116): view('frontend')
#5 C:\xampp\htdocs\webci_kulinernew\system\CodeIgniter.php(825): App\Controllers\Pengguna->process()
#6 C:\xampp\htdocs\webci_kulinernew\system\CodeIgniter.php(412): CodeIgniter\CodeIgniter->runController(Object(App\Controllers\Pengguna))
#7 C:\xampp\htdocs\webci_kulinernew\system\CodeIgniter.php(320): CodeIgniter\CodeIgniter->handleRequest(NULL, Object(Config\Cache), false)
#8 C:\xampp\htdocs\webci_kulinernew\index.php(44): CodeIgniter\CodeIgniter->run()
#9 {main}
CRITICAL - 2022-07-13 04:49:54 --> Invalid argument supplied for foreach()
#0 C:\xampp\htdocs\webci_kulinernew\app\Views\frontend.php(176): CodeIgniter\Debug\Exceptions->errorHandler(2, 'Invalid argumen...', 'C:\\xampp\\htdocs...', 176, Array)
#1 C:\xampp\htdocs\webci_kulinernew\system\View\View.php(210): include('C:\\xampp\\htdocs...')
#2 C:\xampp\htdocs\webci_kulinernew\system\View\View.php(213): CodeIgniter\View\View->CodeIgniter\View\{closure}()
#3 C:\xampp\htdocs\webci_kulinernew\system\Common.php(1089): CodeIgniter\View\View->render('frontend', Array, true)
#4 C:\xampp\htdocs\webci_kulinernew\app\Controllers\Pengguna.php(116): view('frontend')
#5 C:\xampp\htdocs\webci_kulinernew\system\CodeIgniter.php(825): App\Controllers\Pengguna->process()
#6 C:\xampp\htdocs\webci_kulinernew\system\CodeIgniter.php(412): CodeIgniter\CodeIgniter->runController(Object(App\Controllers\Pengguna))
#7 C:\xampp\htdocs\webci_kulinernew\system\CodeIgniter.php(320): CodeIgniter\CodeIgniter->handleRequest(NULL, Object(Config\Cache), false)
#8 C:\xampp\htdocs\webci_kulinernew\index.php(44): CodeIgniter\CodeIgniter->run()
#9 {main}
ERROR - 2022-07-13 06:03:27 --> Column 'alamat' cannot be null
ERROR - 2022-07-13 06:07:02 --> Column 'alamat' cannot be null
CRITICAL - 2022-07-13 06:47:51 --> Call to a member function get() on null
#0 C:\xampp\htdocs\webci_kulinernew\system\View\View.php(210): include()
#1 C:\xampp\htdocs\webci_kulinernew\system\View\View.php(213): CodeIgniter\View\View->CodeIgniter\View\{closure}()
#2 C:\xampp\htdocs\webci_kulinernew\system\Common.php(1089): CodeIgniter\View\View->render('header.php', Array, true)
#3 C:\xampp\htdocs\webci_kulinernew\app\Views\frontend.php(10): view('header.php')
#4 C:\xampp\htdocs\webci_kulinernew\system\View\View.php(210): include('C:\\xampp\\htdocs...')
#5 C:\xampp\htdocs\webci_kulinernew\system\View\View.php(213): CodeIgniter\View\View->CodeIgniter\View\{closure}()
#6 C:\xampp\htdocs\webci_kulinernew\system\Common.php(1089): CodeIgniter\View\View->render('frontend', Array, true)
#7 C:\xampp\htdocs\webci_kulinernew\app\Controllers\Frontend.php(22): view('frontend', Array)
#8 C:\xampp\htdocs\webci_kulinernew\system\CodeIgniter.php(825): App\Controllers\Frontend->index()
#9 C:\xampp\htdocs\webci_kulinernew\system\CodeIgniter.php(412): CodeIgniter\CodeIgniter->runController(Object(App\Controllers\Frontend))
#10 C:\xampp\htdocs\webci_kulinernew\system\CodeIgniter.php(320): CodeIgniter\CodeIgniter->handleRequest(NULL, Object(Config\Cache), false)
#11 C:\xampp\htdocs\webci_kulinernew\index.php(44): CodeIgniter\CodeIgniter->run()
#12 {main}
CRITICAL - 2022-07-13 06:49:30 --> Call to undefined function getHitung()
#0 C:\xampp\htdocs\webci_kulinernew\system\View\View.php(210): include()
#1 C:\xampp\htdocs\webci_kulinernew\system\View\View.php(213): CodeIgniter\View\View->CodeIgniter\View\{closure}()
#2 C:\xampp\htdocs\webci_kulinernew\system\Common.php(1089): CodeIgniter\View\View->render('frontend', Array, true)
#3 C:\xampp\htdocs\webci_kulinernew\app\Controllers\Pengguna.php(144): view('frontend', Array)
#4 C:\xampp\htdocs\webci_kulinernew\system\CodeIgniter.php(825): App\Controllers\Pengguna->process()
#5 C:\xampp\htdocs\webci_kulinernew\system\CodeIgniter.php(412): CodeIgniter\CodeIgniter->runController(Object(App\Controllers\Pengguna))
#6 C:\xampp\htdocs\webci_kulinernew\system\CodeIgniter.php(320): CodeIgniter\CodeIgniter->handleRequest(NULL, Object(Config\Cache), false)
#7 C:\xampp\htdocs\webci_kulinernew\index.php(44): CodeIgniter\CodeIgniter->run()
#8 {main}
CRITICAL - 2022-07-13 06:51:20 --> Call to undefined function getHitung()
#0 C:\xampp\htdocs\webci_kulinernew\system\View\View.php(210): include()
#1 C:\xampp\htdocs\webci_kulinernew\system\View\View.php(213): CodeIgniter\View\View->CodeIgniter\View\{closure}()
#2 C:\xampp\htdocs\webci_kulinernew\system\Common.php(1089): CodeIgniter\View\View->render('frontend', Array, true)
#3 C:\xampp\htdocs\webci_kulinernew\app\Controllers\Pengguna.php(144): view('frontend', Array)
#4 C:\xampp\htdocs\webci_kulinernew\system\CodeIgniter.php(825): App\Controllers\Pengguna->process()
#5 C:\xampp\htdocs\webci_kulinernew\system\CodeIgniter.php(412): CodeIgniter\CodeIgniter->runController(Object(App\Controllers\Pengguna))
#6 C:\xampp\htdocs\webci_kulinernew\system\CodeIgniter.php(320): CodeIgniter\CodeIgniter->handleRequest(NULL, Object(Config\Cache), false)
#7 C:\xampp\htdocs\webci_kulinernew\index.php(44): CodeIgniter\CodeIgniter->run()
#8 {main}
CRITICAL - 2022-07-13 06:51:27 --> Call to undefined function getHitung()
#0 C:\xampp\htdocs\webci_kulinernew\system\View\View.php(210): include()
#1 C:\xampp\htdocs\webci_kulinernew\system\View\View.php(213): CodeIgniter\View\View->CodeIgniter\View\{closure}()
#2 C:\xampp\htdocs\webci_kulinernew\system\Common.php(1089): CodeIgniter\View\View->render('frontend', Array, true)
#3 C:\xampp\htdocs\webci_kulinernew\app\Controllers\Pengguna.php(144): view('frontend', Array)
#4 C:\xampp\htdocs\webci_kulinernew\system\CodeIgniter.php(825): App\Controllers\Pengguna->process()
#5 C:\xampp\htdocs\webci_kulinernew\system\CodeIgniter.php(412): CodeIgniter\CodeIgniter->runController(Object(App\Controllers\Pengguna))
#6 C:\xampp\htdocs\webci_kulinernew\system\CodeIgniter.php(320): CodeIgniter\CodeIgniter->handleRequest(NULL, Object(Config\Cache), false)
#7 C:\xampp\htdocs\webci_kulinernew\index.php(44): CodeIgniter\CodeIgniter->run()
#8 {main}
CRITICAL - 2022-07-13 07:00:41 --> Call to undefined function getHitung()
#0 C:\xampp\htdocs\webci_kulinernew\system\View\View.php(210): include()
#1 C:\xampp\htdocs\webci_kulinernew\system\View\View.php(213): CodeIgniter\View\View->CodeIgniter\View\{closure}()
#2 C:\xampp\htdocs\webci_kulinernew\system\Common.php(1089): CodeIgniter\View\View->render('frontend', Array, true)
#3 C:\xampp\htdocs\webci_kulinernew\app\Controllers\Pengguna.php(144): view('frontend', Array)
#4 C:\xampp\htdocs\webci_kulinernew\system\CodeIgniter.php(825): App\Controllers\Pengguna->process()
#5 C:\xampp\htdocs\webci_kulinernew\system\CodeIgniter.php(412): CodeIgniter\CodeIgniter->runController(Object(App\Controllers\Pengguna))
#6 C:\xampp\htdocs\webci_kulinernew\system\CodeIgniter.php(320): CodeIgniter\CodeIgniter->handleRequest(NULL, Object(Config\Cache), false)
#7 C:\xampp\htdocs\webci_kulinernew\index.php(44): CodeIgniter\CodeIgniter->run()
#8 {main}
CRITICAL - 2022-07-13 07:03:09 --> Call to undefined function getHitung()
#0 C:\xampp\htdocs\webci_kulinernew\system\View\View.php(210): include()
#1 C:\xampp\htdocs\webci_kulinernew\system\View\View.php(213): CodeIgniter\View\View->CodeIgniter\View\{closure}()
#2 C:\xampp\htdocs\webci_kulinernew\system\Common.php(1089): CodeIgniter\View\View->render('frontend', Array, true)
#3 C:\xampp\htdocs\webci_kulinernew\app\Controllers\Pengguna.php(144): view('frontend', Array)
#4 C:\xampp\htdocs\webci_kulinernew\system\CodeIgniter.php(825): App\Controllers\Pengguna->process()
#5 C:\xampp\htdocs\webci_kulinernew\system\CodeIgniter.php(412): CodeIgniter\CodeIgniter->runController(Object(App\Controllers\Pengguna))
#6 C:\xampp\htdocs\webci_kulinernew\system\CodeIgniter.php(320): CodeIgniter\CodeIgniter->handleRequest(NULL, Object(Config\Cache), false)
#7 C:\xampp\htdocs\webci_kulinernew\index.php(44): CodeIgniter\CodeIgniter->run()
#8 {main}
CRITICAL - 2022-07-13 07:25:39 --> Call to undefined function getHitung()
#0 C:\xampp\htdocs\webci_kulinernew\system\View\View.php(210): include()
#1 C:\xampp\htdocs\webci_kulinernew\system\View\View.php(213): CodeIgniter\View\View->CodeIgniter\View\{closure}()
#2 C:\xampp\htdocs\webci_kulinernew\system\Common.php(1089): CodeIgniter\View\View->render('frontend', Array, true)
#3 C:\xampp\htdocs\webci_kulinernew\app\Controllers\Pengguna.php(144): view('frontend', Array)
#4 C:\xampp\htdocs\webci_kulinernew\system\CodeIgniter.php(825): App\Controllers\Pengguna->process()
#5 C:\xampp\htdocs\webci_kulinernew\system\CodeIgniter.php(412): CodeIgniter\CodeIgniter->runController(Object(App\Controllers\Pengguna))
#6 C:\xampp\htdocs\webci_kulinernew\system\CodeIgniter.php(320): CodeIgniter\CodeIgniter->handleRequest(NULL, Object(Config\Cache), false)
#7 C:\xampp\htdocs\webci_kulinernew\index.php(44): CodeIgniter\CodeIgniter->run()
#8 {main}
CRITICAL - 2022-07-13 07:28:48 --> Call to undefined function getHitung()
#0 C:\xampp\htdocs\webci_kulinernew\system\View\View.php(210): include()
#1 C:\xampp\htdocs\webci_kulinernew\system\View\View.php(213): CodeIgniter\View\View->CodeIgniter\View\{closure}()
#2 C:\xampp\htdocs\webci_kulinernew\system\Common.php(1089): CodeIgniter\View\View->render('frontend', Array, true)
#3 C:\xampp\htdocs\webci_kulinernew\app\Controllers\Pengguna.php(144): view('frontend', Array)
#4 C:\xampp\htdocs\webci_kulinernew\system\CodeIgniter.php(825): App\Controllers\Pengguna->process()
#5 C:\xampp\htdocs\webci_kulinernew\system\CodeIgniter.php(412): CodeIgniter\CodeIgniter->runController(Object(App\Controllers\Pengguna))
#6 C:\xampp\htdocs\webci_kulinernew\system\CodeIgniter.php(320): CodeIgniter\CodeIgniter->handleRequest(NULL, Object(Config\Cache), false)
#7 C:\xampp\htdocs\webci_kulinernew\index.php(44): CodeIgniter\CodeIgniter->run()
#8 {main}
CRITICAL - 2022-07-13 07:46:44 --> Call to undefined function getHitung()
#0 C:\xampp\htdocs\webci_kulinernew\system\View\View.php(210): include()
#1 C:\xampp\htdocs\webci_kulinernew\system\View\View.php(213): CodeIgniter\View\View->CodeIgniter\View\{closure}()
#2 C:\xampp\htdocs\webci_kulinernew\system\Common.php(1089): CodeIgniter\View\View->render('frontend', Array, true)
#3 C:\xampp\htdocs\webci_kulinernew\app\Controllers\Pengguna.php(144): view('frontend', Array)
#4 C:\xampp\htdocs\webci_kulinernew\system\CodeIgniter.php(825): App\Controllers\Pengguna->process()
#5 C:\xampp\htdocs\webci_kulinernew\system\CodeIgniter.php(412): CodeIgniter\CodeIgniter->runController(Object(App\Controllers\Pengguna))
#6 C:\xampp\htdocs\webci_kulinernew\system\CodeIgniter.php(320): CodeIgniter\CodeIgniter->handleRequest(NULL, Object(Config\Cache), false)
#7 C:\xampp\htdocs\webci_kulinernew\index.php(44): CodeIgniter\CodeIgniter->run()
#8 {main}
ERROR - 2022-07-13 08:17:55 --> Table 'db_kulinercrowdsourching.users' doesn't exist
CRITICAL - 2022-07-13 08:17:55 --> Call to a member function getRow() on bool
#0 C:\xampp\htdocs\webci_kulinernew\system\Validation\Validation.php(292): CodeIgniter\Validation\Rules->is_unique('admin@mail.com', 'user_email', Array, NULL)
#1 C:\xampp\htdocs\webci_kulinernew\system\Validation\Validation.php(157): CodeIgniter\Validation\Validation->processRules('email', 'email', 'admin@mail.com', Array, Array)
#2 C:\xampp\htdocs\webci_kulinernew\system\Controller.php(160): CodeIgniter\Validation\Validation->run()
#3 C:\xampp\htdocs\webci_kulinernew\app\Controllers\Pengguna.php(110): CodeIgniter\Controller->validate(Array)
#4 C:\xampp\htdocs\webci_kulinernew\system\CodeIgniter.php(825): App\Controllers\Pengguna->daftar()
#5 C:\xampp\htdocs\webci_kulinernew\system\CodeIgniter.php(412): CodeIgniter\CodeIgniter->runController(Object(App\Controllers\Pengguna))
#6 C:\xampp\htdocs\webci_kulinernew\system\CodeIgniter.php(320): CodeIgniter\CodeIgniter->handleRequest(NULL, Object(Config\Cache), false)
#7 C:\xampp\htdocs\webci_kulinernew\index.php(44): CodeIgniter\CodeIgniter->run()
#8 {main}
CRITICAL - 2022-07-13 08:50:07 --> Cannot use object of type App\Models\Pengguna_model as array
#0 C:\xampp\htdocs\webci_kulinernew\system\CodeIgniter.php(825): App\Controllers\Pengguna->daftar()
#1 C:\xampp\htdocs\webci_kulinernew\system\CodeIgniter.php(412): CodeIgniter\CodeIgniter->runController(Object(App\Controllers\Pengguna))
#2 C:\xampp\htdocs\webci_kulinernew\system\CodeIgniter.php(320): CodeIgniter\CodeIgniter->handleRequest(NULL, Object(Config\Cache), false)
#3 C:\xampp\htdocs\webci_kulinernew\index.php(44): CodeIgniter\CodeIgniter->run()
#4 {main}
CRITICAL - 2022-07-13 09:05:24 --> Call to a member function userdata() on null
#0 C:\xampp\htdocs\webci_kulinernew\system\View\View.php(210): include()
#1 C:\xampp\htdocs\webci_kulinernew\system\View\View.php(213): CodeIgniter\View\View->CodeIgniter\View\{closure}()
#2 C:\xampp\htdocs\webci_kulinernew\system\Common.php(1089): CodeIgniter\View\View->render('header.php', Array, true)
#3 C:\xampp\htdocs\webci_kulinernew\app\Views\frontend.php(8): view('header.php')
#4 C:\xampp\htdocs\webci_kulinernew\system\View\View.php(210): include('C:\\xampp\\htdocs...')
#5 C:\xampp\htdocs\webci_kulinernew\system\View\View.php(213): CodeIgniter\View\View->CodeIgniter\View\{closure}()
#6 C:\xampp\htdocs\webci_kulinernew\system\Common.php(1089): CodeIgniter\View\View->render('frontend', Array, true)
#7 C:\xampp\htdocs\webci_kulinernew\app\Controllers\Pengguna.php(139): view('frontend', Array)
#8 C:\xampp\htdocs\webci_kulinernew\system\CodeIgniter.php(825): App\Controllers\Pengguna->process()
#9 C:\xampp\htdocs\webci_kulinernew\system\CodeIgniter.php(412): CodeIgniter\CodeIgniter->runController(Object(App\Controllers\Pengguna))
#10 C:\xampp\htdocs\webci_kulinernew\system\CodeIgniter.php(320): CodeIgniter\CodeIgniter->handleRequest(NULL, Object(Config\Cache), false)
#11 C:\xampp\htdocs\webci_kulinernew\index.php(44): CodeIgniter\CodeIgniter->run()
#12 {main}
CRITICAL - 2022-07-13 09:07:32 --> Cannot call constructor
#0 C:\xampp\htdocs\webci_kulinernew\system\CodeIgniter.php(802): App\Controllers\Pengguna->__construct()
#1 C:\xampp\htdocs\webci_kulinernew\system\CodeIgniter.php(403): CodeIgniter\CodeIgniter->createController()
#2 C:\xampp\htdocs\webci_kulinernew\system\CodeIgniter.php(320): CodeIgniter\CodeIgniter->handleRequest(NULL, Object(Config\Cache), false)
#3 C:\xampp\htdocs\webci_kulinernew\index.php(44): CodeIgniter\CodeIgniter->run()
#4 {main}
CRITICAL - 2022-07-13 09:09:17 --> Cannot call constructor
#0 C:\xampp\htdocs\webci_kulinernew\system\CodeIgniter.php(802): App\Controllers\Pengguna->__construct()
#1 C:\xampp\htdocs\webci_kulinernew\system\CodeIgniter.php(403): CodeIgniter\CodeIgniter->createController()
#2 C:\xampp\htdocs\webci_kulinernew\system\CodeIgniter.php(320): CodeIgniter\CodeIgniter->handleRequest(NULL, Object(Config\Cache), false)
#3 C:\xampp\htdocs\webci_kulinernew\index.php(44): CodeIgniter\CodeIgniter->run()
#4 {main}
CRITICAL - 2022-07-13 09:09:35 --> Call to a member function userdata() on null
#0 C:\xampp\htdocs\webci_kulinernew\system\View\View.php(210): include()
#1 C:\xampp\htdocs\webci_kulinernew\system\View\View.php(213): CodeIgniter\View\View->CodeIgniter\View\{closure}()
#2 C:\xampp\htdocs\webci_kulinernew\system\Common.php(1089): CodeIgniter\View\View->render('header.php', Array, true)
#3 C:\xampp\htdocs\webci_kulinernew\app\Views\frontend.php(8): view('header.php')
#4 C:\xampp\htdocs\webci_kulinernew\system\View\View.php(210): include('C:\\xampp\\htdocs...')
#5 C:\xampp\htdocs\webci_kulinernew\system\View\View.php(213): CodeIgniter\View\View->CodeIgniter\View\{closure}()
#6 C:\xampp\htdocs\webci_kulinernew\system\Common.php(1089): CodeIgniter\View\View->render('frontend', Array, true)
#7 C:\xampp\htdocs\webci_kulinernew\app\Controllers\Pengguna.php(142): view('frontend', Array)
#8 C:\xampp\htdocs\webci_kulinernew\system\CodeIgniter.php(825): App\Controllers\Pengguna->process()
#9 C:\xampp\htdocs\webci_kulinernew\system\CodeIgniter.php(412): CodeIgniter\CodeIgniter->runController(Object(App\Controllers\Pengguna))
#10 C:\xampp\htdocs\webci_kulinernew\system\CodeIgniter.php(320): CodeIgniter\CodeIgniter->handleRequest(NULL, Object(Config\Cache), false)
#11 C:\xampp\htdocs\webci_kulinernew\index.php(44): CodeIgniter\CodeIgniter->run()
#12 {main}
CRITICAL - 2022-07-13 09:10:33 --> Call to a member function userdata() on null
#0 C:\xampp\htdocs\webci_kulinernew\system\View\View.php(210): include()
#1 C:\xampp\htdocs\webci_kulinernew\system\View\View.php(213): CodeIgniter\View\View->CodeIgniter\View\{closure}()
#2 C:\xampp\htdocs\webci_kulinernew\system\Common.php(1089): CodeIgniter\View\View->render('header.php', Array, true)
#3 C:\xampp\htdocs\webci_kulinernew\app\Views\frontend.php(8): view('header.php')
#4 C:\xampp\htdocs\webci_kulinernew\system\View\View.php(210): include('C:\\xampp\\htdocs...')
#5 C:\xampp\htdocs\webci_kulinernew\system\View\View.php(213): CodeIgniter\View\View->CodeIgniter\View\{closure}()
#6 C:\xampp\htdocs\webci_kulinernew\system\Common.php(1089): CodeIgniter\View\View->render('frontend', Array, true)
#7 C:\xampp\htdocs\webci_kulinernew\app\Controllers\Pengguna.php(142): view('frontend', Array)
#8 C:\xampp\htdocs\webci_kulinernew\system\CodeIgniter.php(825): App\Controllers\Pengguna->process()
#9 C:\xampp\htdocs\webci_kulinernew\system\CodeIgniter.php(412): CodeIgniter\CodeIgniter->runController(Object(App\Controllers\Pengguna))
#10 C:\xampp\htdocs\webci_kulinernew\system\CodeIgniter.php(320): CodeIgniter\CodeIgniter->handleRequest(NULL, Object(Config\Cache), false)
#11 C:\xampp\htdocs\webci_kulinernew\index.php(44): CodeIgniter\CodeIgniter->run()
#12 {main}
CRITICAL - 2022-07-13 09:19:04 --> Call to a member function get() on null
#0 C:\xampp\htdocs\webci_kulinernew\system\View\View.php(210): include()
#1 C:\xampp\htdocs\webci_kulinernew\system\View\View.php(213): CodeIgniter\View\View->CodeIgniter\View\{closure}()
#2 C:\xampp\htdocs\webci_kulinernew\system\Common.php(1089): CodeIgniter\View\View->render('frontend', Array, true)
#3 C:\xampp\htdocs\webci_kulinernew\app\Controllers\Pengguna.php(142): view('frontend', Array)
#4 C:\xampp\htdocs\webci_kulinernew\system\CodeIgniter.php(825): App\Controllers\Pengguna->process()
#5 C:\xampp\htdocs\webci_kulinernew\system\CodeIgniter.php(412): CodeIgniter\CodeIgniter->runController(Object(App\Controllers\Pengguna))
#6 C:\xampp\htdocs\webci_kulinernew\system\CodeIgniter.php(320): CodeIgniter\CodeIgniter->handleRequest(NULL, Object(Config\Cache), false)
#7 C:\xampp\htdocs\webci_kulinernew\index.php(44): CodeIgniter\CodeIgniter->run()
#8 {main}
CRITICAL - 2022-07-13 09:21:16 --> Call to a member function get() on null
#0 C:\xampp\htdocs\webci_kulinernew\system\View\View.php(210): include()
#1 C:\xampp\htdocs\webci_kulinernew\system\View\View.php(213): CodeIgniter\View\View->CodeIgniter\View\{closure}()
#2 C:\xampp\htdocs\webci_kulinernew\system\Common.php(1089): CodeIgniter\View\View->render('frontend', Array, true)
#3 C:\xampp\htdocs\webci_kulinernew\app\Controllers\Pengguna.php(142): view('frontend', Array)
#4 C:\xampp\htdocs\webci_kulinernew\system\CodeIgniter.php(825): App\Controllers\Pengguna->process()
#5 C:\xampp\htdocs\webci_kulinernew\system\CodeIgniter.php(412): CodeIgniter\CodeIgniter->runController(Object(App\Controllers\Pengguna))
#6 C:\xampp\htdocs\webci_kulinernew\system\CodeIgniter.php(320): CodeIgniter\CodeIgniter->handleRequest(NULL, Object(Config\Cache), false)
#7 C:\xampp\htdocs\webci_kulinernew\index.php(44): CodeIgniter\CodeIgniter->run()
#8 {main}
CRITICAL - 2022-07-13 09:26:41 --> Cannot call constructor
#0 C:\xampp\htdocs\webci_kulinernew\system\CodeIgniter.php(802): App\Controllers\Pengguna->__construct()
#1 C:\xampp\htdocs\webci_kulinernew\system\CodeIgniter.php(403): CodeIgniter\CodeIgniter->createController()
#2 C:\xampp\htdocs\webci_kulinernew\system\CodeIgniter.php(320): CodeIgniter\CodeIgniter->handleRequest(NULL, Object(Config\Cache), false)
#3 C:\xampp\htdocs\webci_kulinernew\index.php(44): CodeIgniter\CodeIgniter->run()
#4 {main}
CRITICAL - 2022-07-13 09:27:02 --> Call to a member function get() on null
#0 C:\xampp\htdocs\webci_kulinernew\system\View\View.php(210): include()
#1 C:\xampp\htdocs\webci_kulinernew\system\View\View.php(213): CodeIgniter\View\View->CodeIgniter\View\{closure}()
#2 C:\xampp\htdocs\webci_kulinernew\system\Common.php(1089): CodeIgniter\View\View->render('frontend', Array, true)
#3 C:\xampp\htdocs\webci_kulinernew\app\Controllers\Pengguna.php(141): view('frontend', Array)
#4 C:\xampp\htdocs\webci_kulinernew\system\CodeIgniter.php(825): App\Controllers\Pengguna->process()
#5 C:\xampp\htdocs\webci_kulinernew\system\CodeIgniter.php(412): CodeIgniter\CodeIgniter->runController(Object(App\Controllers\Pengguna))
#6 C:\xampp\htdocs\webci_kulinernew\system\CodeIgniter.php(320): CodeIgniter\CodeIgniter->handleRequest(NULL, Object(Config\Cache), false)
#7 C:\xampp\htdocs\webci_kulinernew\index.php(44): CodeIgniter\CodeIgniter->run()
#8 {main}
CRITICAL - 2022-07-13 09:28:48 --> Call to a member function get() on null
#0 C:\xampp\htdocs\webci_kulinernew\system\View\View.php(210): include()
#1 C:\xampp\htdocs\webci_kulinernew\system\View\View.php(213): CodeIgniter\View\View->CodeIgniter\View\{closure}()
#2 C:\xampp\htdocs\webci_kulinernew\system\Common.php(1089): CodeIgniter\View\View->render('frontend', Array, true)
#3 C:\xampp\htdocs\webci_kulinernew\app\Controllers\Pengguna.php(141): view('frontend', Array)
#4 C:\xampp\htdocs\webci_kulinernew\system\CodeIgniter.php(825): App\Controllers\Pengguna->process()
#5 C:\xampp\htdocs\webci_kulinernew\system\CodeIgniter.php(412): CodeIgniter\CodeIgniter->runController(Object(App\Controllers\Pengguna))
#6 C:\xampp\htdocs\webci_kulinernew\system\CodeIgniter.php(320): CodeIgniter\CodeIgniter->handleRequest(NULL, Object(Config\Cache), false)
#7 C:\xampp\htdocs\webci_kulinernew\index.php(44): CodeIgniter\CodeIgniter->run()
#8 {main}
CRITICAL - 2022-07-13 09:28:52 --> Call to a member function get() on null
#0 C:\xampp\htdocs\webci_kulinernew\system\View\View.php(210): include()
#1 C:\xampp\htdocs\webci_kulinernew\system\View\View.php(213): CodeIgniter\View\View->CodeIgniter\View\{closure}()
#2 C:\xampp\htdocs\webci_kulinernew\system\Common.php(1089): CodeIgniter\View\View->render('frontend', Array, true)
#3 C:\xampp\htdocs\webci_kulinernew\app\Controllers\Pengguna.php(141): view('frontend', Array)
#4 C:\xampp\htdocs\webci_kulinernew\system\CodeIgniter.php(825): App\Controllers\Pengguna->process()
#5 C:\xampp\htdocs\webci_kulinernew\system\CodeIgniter.php(412): CodeIgniter\CodeIgniter->runController(Object(App\Controllers\Pengguna))
#6 C:\xampp\htdocs\webci_kulinernew\system\CodeIgniter.php(320): CodeIgniter\CodeIgniter->handleRequest(NULL, Object(Config\Cache), false)
#7 C:\xampp\htdocs\webci_kulinernew\index.php(44): CodeIgniter\CodeIgniter->run()
#8 {main}
CRITICAL - 2022-07-13 09:29:14 --> Call to a member function get() on null
#0 C:\xampp\htdocs\webci_kulinernew\system\View\View.php(210): include()
#1 C:\xampp\htdocs\webci_kulinernew\system\View\View.php(213): CodeIgniter\View\View->CodeIgniter\View\{closure}()
#2 C:\xampp\htdocs\webci_kulinernew\system\Common.php(1089): CodeIgniter\View\View->render('frontend', Array, true)
#3 C:\xampp\htdocs\webci_kulinernew\app\Controllers\Pengguna.php(141): view('frontend', Array)
#4 C:\xampp\htdocs\webci_kulinernew\system\CodeIgniter.php(825): App\Controllers\Pengguna->process()
#5 C:\xampp\htdocs\webci_kulinernew\system\CodeIgniter.php(412): CodeIgniter\CodeIgniter->runController(Object(App\Controllers\Pengguna))
#6 C:\xampp\htdocs\webci_kulinernew\system\CodeIgniter.php(320): CodeIgniter\CodeIgniter->handleRequest(NULL, Object(Config\Cache), false)
#7 C:\xampp\htdocs\webci_kulinernew\index.php(44): CodeIgniter\CodeIgniter->run()
#8 {main}
CRITICAL - 2022-07-13 09:29:29 --> Call to a member function get() on null
#0 C:\xampp\htdocs\webci_kulinernew\system\View\View.php(210): include()
#1 C:\xampp\htdocs\webci_kulinernew\system\View\View.php(213): CodeIgniter\View\View->CodeIgniter\View\{closure}()
#2 C:\xampp\htdocs\webci_kulinernew\system\Common.php(1089): CodeIgniter\View\View->render('frontend', Array, true)
#3 C:\xampp\htdocs\webci_kulinernew\app\Controllers\Pengguna.php(141): view('frontend', Array)
#4 C:\xampp\htdocs\webci_kulinernew\system\CodeIgniter.php(825): App\Controllers\Pengguna->process()
#5 C:\xampp\htdocs\webci_kulinernew\system\CodeIgniter.php(412): CodeIgniter\CodeIgniter->runController(Object(App\Controllers\Pengguna))
#6 C:\xampp\htdocs\webci_kulinernew\system\CodeIgniter.php(320): CodeIgniter\CodeIgniter->handleRequest(NULL, Object(Config\Cache), false)
#7 C:\xampp\htdocs\webci_kulinernew\index.php(44): CodeIgniter\CodeIgniter->run()
#8 {main}
CRITICAL - 2022-07-13 09:29:34 --> Call to a member function get() on null
#0 C:\xampp\htdocs\webci_kulinernew\system\View\View.php(210): include()
#1 C:\xampp\htdocs\webci_kulinernew\system\View\View.php(213): CodeIgniter\View\View->CodeIgniter\View\{closure}()
#2 C:\xampp\htdocs\webci_kulinernew\system\Common.php(1089): CodeIgniter\View\View->render('frontend', Array, true)
#3 C:\xampp\htdocs\webci_kulinernew\app\Controllers\Frontend.php(22): view('frontend', Array)
#4 C:\xampp\htdocs\webci_kulinernew\system\CodeIgniter.php(825): App\Controllers\Frontend->index()
#5 C:\xampp\htdocs\webci_kulinernew\system\CodeIgniter.php(412): CodeIgniter\CodeIgniter->runController(Object(App\Controllers\Frontend))
#6 C:\xampp\htdocs\webci_kulinernew\system\CodeIgniter.php(320): CodeIgniter\CodeIgniter->handleRequest(NULL, Object(Config\Cache), false)
#7 C:\xampp\htdocs\webci_kulinernew\index.php(44): CodeIgniter\CodeIgniter->run()
#8 {main}
CRITICAL - 2022-07-13 09:31:00 --> Call to a member function get() on null
#0 C:\xampp\htdocs\webci_kulinernew\system\View\View.php(210): include()
#1 C:\xampp\htdocs\webci_kulinernew\system\View\View.php(213): CodeIgniter\View\View->CodeIgniter\View\{closure}()
#2 C:\xampp\htdocs\webci_kulinernew\system\Common.php(1089): CodeIgniter\View\View->render('frontend', Array, true)
#3 C:\xampp\htdocs\webci_kulinernew\app\Controllers\Frontend.php(22): view('frontend', Array)
#4 C:\xampp\htdocs\webci_kulinernew\system\CodeIgniter.php(825): App\Controllers\Frontend->index()
#5 C:\xampp\htdocs\webci_kulinernew\system\CodeIgniter.php(412): CodeIgniter\CodeIgniter->runController(Object(App\Controllers\Frontend))
#6 C:\xampp\htdocs\webci_kulinernew\system\CodeIgniter.php(320): CodeIgniter\CodeIgniter->handleRequest(NULL, Object(Config\Cache), false)
#7 C:\xampp\htdocs\webci_kulinernew\index.php(44): CodeIgniter\CodeIgniter->run()
#8 {main}
CRITICAL - 2022-07-13 09:31:03 --> Call to a member function get() on null
#0 C:\xampp\htdocs\webci_kulinernew\system\View\View.php(210): include()
#1 C:\xampp\htdocs\webci_kulinernew\system\View\View.php(213): CodeIgniter\View\View->CodeIgniter\View\{closure}()
#2 C:\xampp\htdocs\webci_kulinernew\system\Common.php(1089): CodeIgniter\View\View->render('frontend', Array, true)
#3 C:\xampp\htdocs\webci_kulinernew\app\Controllers\Frontend.php(22): view('frontend', Array)
#4 C:\xampp\htdocs\webci_kulinernew\system\CodeIgniter.php(825): App\Controllers\Frontend->index()
#5 C:\xampp\htdocs\webci_kulinernew\system\CodeIgniter.php(412): CodeIgniter\CodeIgniter->runController(Object(App\Controllers\Frontend))
#6 C:\xampp\htdocs\webci_kulinernew\system\CodeIgniter.php(320): CodeIgniter\CodeIgniter->handleRequest(NULL, Object(Config\Cache), false)
#7 C:\xampp\htdocs\webci_kulinernew\index.php(44): CodeIgniter\CodeIgniter->run()
#8 {main}
CRITICAL - 2022-07-13 09:31:25 --> Call to a member function get() on null
#0 C:\xampp\htdocs\webci_kulinernew\system\View\View.php(210): include()
#1 C:\xampp\htdocs\webci_kulinernew\system\View\View.php(213): CodeIgniter\View\View->CodeIgniter\View\{closure}()
#2 C:\xampp\htdocs\webci_kulinernew\system\Common.php(1089): CodeIgniter\View\View->render('frontend', Array, true)
#3 C:\xampp\htdocs\webci_kulinernew\app\Controllers\Frontend.php(22): view('frontend', Array)
#4 C:\xampp\htdocs\webci_kulinernew\system\CodeIgniter.php(825): App\Controllers\Frontend->index()
#5 C:\xampp\htdocs\webci_kulinernew\system\CodeIgniter.php(412): CodeIgniter\CodeIgniter->runController(Object(App\Controllers\Frontend))
#6 C:\xampp\htdocs\webci_kulinernew\system\CodeIgniter.php(320): CodeIgniter\CodeIgniter->handleRequest(NULL, Object(Config\Cache), false)
#7 C:\xampp\htdocs\webci_kulinernew\index.php(44): CodeIgniter\CodeIgniter->run()
#8 {main}
CRITICAL - 2022-07-13 09:31:40 --> Call to a member function get() on null
#0 C:\xampp\htdocs\webci_kulinernew\system\View\View.php(210): include()
#1 C:\xampp\htdocs\webci_kulinernew\system\View\View.php(213): CodeIgniter\View\View->CodeIgniter\View\{closure}()
#2 C:\xampp\htdocs\webci_kulinernew\system\Common.php(1089): CodeIgniter\View\View->render('frontend', Array, true)
#3 C:\xampp\htdocs\webci_kulinernew\app\Controllers\Frontend.php(22): view('frontend', Array)
#4 C:\xampp\htdocs\webci_kulinernew\system\CodeIgniter.php(825): App\Controllers\Frontend->index()
#5 C:\xampp\htdocs\webci_kulinernew\system\CodeIgniter.php(412): CodeIgniter\CodeIgniter->runController(Object(App\Controllers\Frontend))
#6 C:\xampp\htdocs\webci_kulinernew\system\CodeIgniter.php(320): CodeIgniter\CodeIgniter->handleRequest(NULL, Object(Config\Cache), false)
#7 C:\xampp\htdocs\webci_kulinernew\index.php(44): CodeIgniter\CodeIgniter->run()
#8 {main}
CRITICAL - 2022-07-13 09:33:18 --> Call to a member function get() on null
#0 C:\xampp\htdocs\webci_kulinernew\system\View\View.php(210): include()
#1 C:\xampp\htdocs\webci_kulinernew\system\View\View.php(213): CodeIgniter\View\View->CodeIgniter\View\{closure}()
#2 C:\xampp\htdocs\webci_kulinernew\system\Common.php(1089): CodeIgniter\View\View->render('frontend', Array, true)
#3 C:\xampp\htdocs\webci_kulinernew\app\Controllers\Frontend.php(22): view('frontend', Array)
#4 C:\xampp\htdocs\webci_kulinernew\system\CodeIgniter.php(825): App\Controllers\Frontend->index()
#5 C:\xampp\htdocs\webci_kulinernew\system\CodeIgniter.php(412): CodeIgniter\CodeIgniter->runController(Object(App\Controllers\Frontend))
#6 C:\xampp\htdocs\webci_kulinernew\system\CodeIgniter.php(320): CodeIgniter\CodeIgniter->handleRequest(NULL, Object(Config\Cache), false)
#7 C:\xampp\htdocs\webci_kulinernew\index.php(44): CodeIgniter\CodeIgniter->run()
#8 {main}
CRITICAL - 2022-07-13 09:33:19 --> Call to a member function get() on null
#0 C:\xampp\htdocs\webci_kulinernew\system\View\View.php(210): include()
#1 C:\xampp\htdocs\webci_kulinernew\system\View\View.php(213): CodeIgniter\View\View->CodeIgniter\View\{closure}()
#2 C:\xampp\htdocs\webci_kulinernew\system\Common.php(1089): CodeIgniter\View\View->render('frontend', Array, true)
#3 C:\xampp\htdocs\webci_kulinernew\app\Controllers\Frontend.php(22): view('frontend', Array)
#4 C:\xampp\htdocs\webci_kulinernew\system\CodeIgniter.php(825): App\Controllers\Frontend->index()
#5 C:\xampp\htdocs\webci_kulinernew\system\CodeIgniter.php(412): CodeIgniter\CodeIgniter->runController(Object(App\Controllers\Frontend))
#6 C:\xampp\htdocs\webci_kulinernew\system\CodeIgniter.php(320): CodeIgniter\CodeIgniter->handleRequest(NULL, Object(Config\Cache), false)
#7 C:\xampp\htdocs\webci_kulinernew\index.php(44): CodeIgniter\CodeIgniter->run()
#8 {main}
CRITICAL - 2022-07-13 09:33:19 --> Call to a member function get() on null
#0 C:\xampp\htdocs\webci_kulinernew\system\View\View.php(210): include()
#1 C:\xampp\htdocs\webci_kulinernew\system\View\View.php(213): CodeIgniter\View\View->CodeIgniter\View\{closure}()
#2 C:\xampp\htdocs\webci_kulinernew\system\Common.php(1089): CodeIgniter\View\View->render('frontend', Array, true)
#3 C:\xampp\htdocs\webci_kulinernew\app\Controllers\Frontend.php(22): view('frontend', Array)
#4 C:\xampp\htdocs\webci_kulinernew\system\CodeIgniter.php(825): App\Controllers\Frontend->index()
#5 C:\xampp\htdocs\webci_kulinernew\system\CodeIgniter.php(412): CodeIgniter\CodeIgniter->runController(Object(App\Controllers\Frontend))
#6 C:\xampp\htdocs\webci_kulinernew\system\CodeIgniter.php(320): CodeIgniter\CodeIgniter->handleRequest(NULL, Object(Config\Cache), false)
#7 C:\xampp\htdocs\webci_kulinernew\index.php(44): CodeIgniter\CodeIgniter->run()
#8 {main}
CRITICAL - 2022-07-13 09:33:19 --> Call to a member function get() on null
#0 C:\xampp\htdocs\webci_kulinernew\system\View\View.php(210): include()
#1 C:\xampp\htdocs\webci_kulinernew\system\View\View.php(213): CodeIgniter\View\View->CodeIgniter\View\{closure}()
#2 C:\xampp\htdocs\webci_kulinernew\system\Common.php(1089): CodeIgniter\View\View->render('frontend', Array, true)
#3 C:\xampp\htdocs\webci_kulinernew\app\Controllers\Frontend.php(22): view('frontend', Array)
#4 C:\xampp\htdocs\webci_kulinernew\system\CodeIgniter.php(825): App\Controllers\Frontend->index()
#5 C:\xampp\htdocs\webci_kulinernew\system\CodeIgniter.php(412): CodeIgniter\CodeIgniter->runController(Object(App\Controllers\Frontend))
#6 C:\xampp\htdocs\webci_kulinernew\system\CodeIgniter.php(320): CodeIgniter\CodeIgniter->handleRequest(NULL, Object(Config\Cache), false)
#7 C:\xampp\htdocs\webci_kulinernew\index.php(44): CodeIgniter\CodeIgniter->run()
#8 {main}
CRITICAL - 2022-07-13 09:53:49 --> syntax error, unexpected 'if' (T_IF)
#0 C:\xampp\htdocs\webci_kulinernew\system\Autoloader\Autoloader.php(241): CodeIgniter\Autoloader\Autoloader->includeFile('C:\\xampp\\htdocs...')
#1 C:\xampp\htdocs\webci_kulinernew\system\Autoloader\Autoloader.php(219): CodeIgniter\Autoloader\Autoloader->loadInNamespace('App\\Controllers...')
#2 [internal function]: CodeIgniter\Autoloader\Autoloader->loadClass('App\\Controllers...')
#3 [internal function]: spl_autoload_call('App\\Controllers...')
#4 C:\xampp\htdocs\webci_kulinernew\system\CodeIgniter.php(790): class_exists('\\App\\Controller...', true)
#5 C:\xampp\htdocs\webci_kulinernew\system\CodeIgniter.php(399): CodeIgniter\CodeIgniter->startController()
#6 C:\xampp\htdocs\webci_kulinernew\system\CodeIgniter.php(320): CodeIgniter\CodeIgniter->handleRequest(NULL, Object(Config\Cache), false)
#7 C:\xampp\htdocs\webci_kulinernew\index.php(44): CodeIgniter\CodeIgniter->run()
#8 {main}
ERROR - 2022-07-13 09:59:59 --> Unknown column 'id_kuliner' in 'order clause'
CRITICAL - 2022-07-13 09:59:59 --> Call to a member function getResult() on bool
#0 C:\xampp\htdocs\webci_kulinernew\system\BaseModel.php(523): CodeIgniter\Model->doFind(false, NULL)
#1 C:\xampp\htdocs\webci_kulinernew\app\Controllers\Pengguna.php(122): CodeIgniter\BaseModel->find()
#2 C:\xampp\htdocs\webci_kulinernew\system\CodeIgniter.php(825): App\Controllers\Pengguna->process()
#3 C:\xampp\htdocs\webci_kulinernew\system\CodeIgniter.php(412): CodeIgniter\CodeIgniter->runController(Object(App\Controllers\Pengguna))
#4 C:\xampp\htdocs\webci_kulinernew\system\CodeIgniter.php(320): CodeIgniter\CodeIgniter->handleRequest(NULL, Object(Config\Cache), false)
#5 C:\xampp\htdocs\webci_kulinernew\index.php(44): CodeIgniter\CodeIgniter->run()
#6 {main}
CRITICAL - 2022-07-13 10:06:44 --> Call to a member function userdata() on null
#0 C:\xampp\htdocs\webci_kulinernew\system\View\View.php(210): include()
#1 C:\xampp\htdocs\webci_kulinernew\system\View\View.php(213): CodeIgniter\View\View->CodeIgniter\View\{closure}()
#2 C:\xampp\htdocs\webci_kulinernew\system\Common.php(1089): CodeIgniter\View\View->render('header.php', Array, true)
#3 C:\xampp\htdocs\webci_kulinernew\app\Views\frontend.php(20): view('header.php')
#4 C:\xampp\htdocs\webci_kulinernew\system\View\View.php(210): include('C:\\xampp\\htdocs...')
#5 C:\xampp\htdocs\webci_kulinernew\system\View\View.php(213): CodeIgniter\View\View->CodeIgniter\View\{closure}()
#6 C:\xampp\htdocs\webci_kulinernew\system\Common.php(1089): CodeIgniter\View\View->render('frontend', Array, true)
#7 C:\xampp\htdocs\webci_kulinernew\app\Controllers\Frontend.php(22): view('frontend', Array)
#8 C:\xampp\htdocs\webci_kulinernew\system\CodeIgniter.php(825): App\Controllers\Frontend->index()
#9 C:\xampp\htdocs\webci_kulinernew\system\CodeIgniter.php(412): CodeIgniter\CodeIgniter->runController(Object(App\Controllers\Frontend))
#10 C:\xampp\htdocs\webci_kulinernew\system\CodeIgniter.php(320): CodeIgniter\CodeIgniter->handleRequest(NULL, Object(Config\Cache), false)
#11 C:\xampp\htdocs\webci_kulinernew\index.php(44): CodeIgniter\CodeIgniter->run()
#12 {main}
CRITICAL - 2022-07-13 10:08:13 --> Call to undefined function getHitung()
#0 C:\xampp\htdocs\webci_kulinernew\system\View\View.php(210): include()
#1 C:\xampp\htdocs\webci_kulinernew\system\View\View.php(213): CodeIgniter\View\View->CodeIgniter\View\{closure}()
#2 C:\xampp\htdocs\webci_kulinernew\system\Common.php(1089): CodeIgniter\View\View->render('frontend', Array, true)
#3 C:\xampp\htdocs\webci_kulinernew\app\Controllers\Pengguna.php(152): view('frontend', Array)
#4 C:\xampp\htdocs\webci_kulinernew\system\CodeIgniter.php(825): App\Controllers\Pengguna->process()
#5 C:\xampp\htdocs\webci_kulinernew\system\CodeIgniter.php(412): CodeIgniter\CodeIgniter->runController(Object(App\Controllers\Pengguna))
#6 C:\xampp\htdocs\webci_kulinernew\system\CodeIgniter.php(320): CodeIgniter\CodeIgniter->handleRequest(NULL, Object(Config\Cache), false)
#7 C:\xampp\htdocs\webci_kulinernew\index.php(44): CodeIgniter\CodeIgniter->run()
#8 {main}
CRITICAL - 2022-07-13 10:10:04 --> Call to a member function get() on null
#0 C:\xampp\htdocs\webci_kulinernew\system\View\View.php(210): include()
#1 C:\xampp\htdocs\webci_kulinernew\system\View\View.php(213): CodeIgniter\View\View->CodeIgniter\View\{closure}()
#2 C:\xampp\htdocs\webci_kulinernew\system\Common.php(1089): CodeIgniter\View\View->render('detail', Array, true)
#3 C:\xampp\htdocs\webci_kulinernew\app\Controllers\Detail.php(32): view('detail', Array)
#4 C:\xampp\htdocs\webci_kulinernew\system\CodeIgniter.php(825): App\Controllers\Detail->index('2')
#5 C:\xampp\htdocs\webci_kulinernew\system\CodeIgniter.php(412): CodeIgniter\CodeIgniter->runController(Object(App\Controllers\Detail))
#6 C:\xampp\htdocs\webci_kulinernew\system\CodeIgniter.php(320): CodeIgniter\CodeIgniter->handleRequest(NULL, Object(Config\Cache), false)
#7 C:\xampp\htdocs\webci_kulinernew\index.php(44): CodeIgniter\CodeIgniter->run()
#8 {main}
CRITICAL - 2022-07-13 10:19:30 --> Call to a member function unset_userdata() on null
#0 C:\xampp\htdocs\webci_kulinernew\system\CodeIgniter.php(825): App\Controllers\Pengguna->logout()
#1 C:\xampp\htdocs\webci_kulinernew\system\CodeIgniter.php(412): CodeIgniter\CodeIgniter->runController(Object(App\Controllers\Pengguna))
#2 C:\xampp\htdocs\webci_kulinernew\system\CodeIgniter.php(320): CodeIgniter\CodeIgniter->handleRequest(NULL, Object(Config\Cache), false)
#3 C:\xampp\htdocs\webci_kulinernew\index.php(44): CodeIgniter\CodeIgniter->run()
#4 {main}
CRITICAL - 2022-07-13 10:23:03 --> Call to a member function unset_userdata() on null
#0 C:\xampp\htdocs\webci_kulinernew\system\CodeIgniter.php(825): App\Controllers\Logout->index()
#1 C:\xampp\htdocs\webci_kulinernew\system\CodeIgniter.php(412): CodeIgniter\CodeIgniter->runController(Object(App\Controllers\Logout))
#2 C:\xampp\htdocs\webci_kulinernew\system\CodeIgniter.php(320): CodeIgniter\CodeIgniter->handleRequest(NULL, Object(Config\Cache), false)
#3 C:\xampp\htdocs\webci_kulinernew\index.php(44): CodeIgniter\CodeIgniter->run()
#4 {main}
CRITICAL - 2022-07-13 10:23:12 --> Call to a member function unset_userdata() on null
#0 C:\xampp\htdocs\webci_kulinernew\system\CodeIgniter.php(825): App\Controllers\Logout->index()
#1 C:\xampp\htdocs\webci_kulinernew\system\CodeIgniter.php(412): CodeIgniter\CodeIgniter->runController(Object(App\Controllers\Logout))
#2 C:\xampp\htdocs\webci_kulinernew\system\CodeIgniter.php(320): CodeIgniter\CodeIgniter->handleRequest(NULL, Object(Config\Cache), false)
#3 C:\xampp\htdocs\webci_kulinernew\index.php(44): CodeIgniter\CodeIgniter->run()
#4 {main}
CRITICAL - 2022-07-13 10:23:32 --> Call to a member function unset_userdata() on null
#0 C:\xampp\htdocs\webci_kulinernew\system\CodeIgniter.php(825): App\Controllers\Logout->index()
#1 C:\xampp\htdocs\webci_kulinernew\system\CodeIgniter.php(412): CodeIgniter\CodeIgniter->runController(Object(App\Controllers\Logout))
#2 C:\xampp\htdocs\webci_kulinernew\system\CodeIgniter.php(320): CodeIgniter\CodeIgniter->handleRequest(NULL, Object(Config\Cache), false)
#3 C:\xampp\htdocs\webci_kulinernew\index.php(44): CodeIgniter\CodeIgniter->run()
#4 {main}
CRITICAL - 2022-07-13 10:23:34 --> Call to a member function unset_userdata() on null
#0 C:\xampp\htdocs\webci_kulinernew\system\CodeIgniter.php(825): App\Controllers\Logout->index()
#1 C:\xampp\htdocs\webci_kulinernew\system\CodeIgniter.php(412): CodeIgniter\CodeIgniter->runController(Object(App\Controllers\Logout))
#2 C:\xampp\htdocs\webci_kulinernew\system\CodeIgniter.php(320): CodeIgniter\CodeIgniter->handleRequest(NULL, Object(Config\Cache), false)
#3 C:\xampp\htdocs\webci_kulinernew\index.php(44): CodeIgniter\CodeIgniter->run()
#4 {main}
CRITICAL - 2022-07-13 10:23:35 --> Call to a member function unset_userdata() on null
#0 C:\xampp\htdocs\webci_kulinernew\system\CodeIgniter.php(825): App\Controllers\Logout->index()
#1 C:\xampp\htdocs\webci_kulinernew\system\CodeIgniter.php(412): CodeIgniter\CodeIgniter->runController(Object(App\Controllers\Logout))
#2 C:\xampp\htdocs\webci_kulinernew\system\CodeIgniter.php(320): CodeIgniter\CodeIgniter->handleRequest(NULL, Object(Config\Cache), false)
#3 C:\xampp\htdocs\webci_kulinernew\index.php(44): CodeIgniter\CodeIgniter->run()
#4 {main}
CRITICAL - 2022-07-13 10:23:46 --> Call to a member function unset_userdata() on null
#0 C:\xampp\htdocs\webci_kulinernew\system\CodeIgniter.php(825): App\Controllers\Logout->index()
#1 C:\xampp\htdocs\webci_kulinernew\system\CodeIgniter.php(412): CodeIgniter\CodeIgniter->runController(Object(App\Controllers\Logout))
#2 C:\xampp\htdocs\webci_kulinernew\system\CodeIgniter.php(320): CodeIgniter\CodeIgniter->handleRequest(NULL, Object(Config\Cache), false)
#3 C:\xampp\htdocs\webci_kulinernew\index.php(44): CodeIgniter\CodeIgniter->run()
#4 {main}
CRITICAL - 2022-07-13 10:24:19 --> Call to a member function unset_userdata() on null
#0 C:\xampp\htdocs\webci_kulinernew\system\CodeIgniter.php(825): App\Controllers\Logout->index()
#1 C:\xampp\htdocs\webci_kulinernew\system\CodeIgniter.php(412): CodeIgniter\CodeIgniter->runController(Object(App\Controllers\Logout))
#2 C:\xampp\htdocs\webci_kulinernew\system\CodeIgniter.php(320): CodeIgniter\CodeIgniter->handleRequest(NULL, Object(Config\Cache), false)
#3 C:\xampp\htdocs\webci_kulinernew\index.php(44): CodeIgniter\CodeIgniter->run()
#4 {main}
CRITICAL - 2022-07-13 10:24:58 --> Call to a member function unset_userdata() on null
#0 C:\xampp\htdocs\webci_kulinernew\system\CodeIgniter.php(825): App\Controllers\Logout->index()
#1 C:\xampp\htdocs\webci_kulinernew\system\CodeIgniter.php(412): CodeIgniter\CodeIgniter->runController(Object(App\Controllers\Logout))
#2 C:\xampp\htdocs\webci_kulinernew\system\CodeIgniter.php(320): CodeIgniter\CodeIgniter->handleRequest(NULL, Object(Config\Cache), false)
#3 C:\xampp\htdocs\webci_kulinernew\index.php(44): CodeIgniter\CodeIgniter->run()
#4 {main}
CRITICAL - 2022-07-13 10:33:36 --> Call to undefined function getHitung()
#0 C:\xampp\htdocs\webci_kulinernew\system\View\View.php(210): include()
#1 C:\xampp\htdocs\webci_kulinernew\system\View\View.php(213): CodeIgniter\View\View->CodeIgniter\View\{closure}()
#2 C:\xampp\htdocs\webci_kulinernew\system\Common.php(1089): CodeIgniter\View\View->render('frontend', Array, true)
#3 C:\xampp\htdocs\webci_kulinernew\app\Controllers\Pengguna.php(152): view('frontend', Array)
#4 C:\xampp\htdocs\webci_kulinernew\system\CodeIgniter.php(825): App\Controllers\Pengguna->process()
#5 C:\xampp\htdocs\webci_kulinernew\system\CodeIgniter.php(412): CodeIgniter\CodeIgniter->runController(Object(App\Controllers\Pengguna))
#6 C:\xampp\htdocs\webci_kulinernew\system\CodeIgniter.php(320): CodeIgniter\CodeIgniter->handleRequest(NULL, Object(Config\Cache), false)
#7 C:\xampp\htdocs\webci_kulinernew\index.php(44): CodeIgniter\CodeIgniter->run()
#8 {main}
