CRITICAL - 2022-04-13 06:41:40 --> The framework needs the following extension(s) installed and loaded: intl.
#0 D:\xampp\htdocs\CI\apps_crudsci4\system\CodeIgniter.php(219): CodeIgniter\Exceptions\FrameworkException::forMissingExtension('intl')
#1 D:\xampp\htdocs\CI\apps_crudsci4\system\CodeIgniter.php(177): CodeIgniter\CodeIgniter->resolvePlatformExtensions()
#2 D:\xampp\htdocs\CI\apps_crudsci4\system\bootstrap.php(146): CodeIgniter\CodeIgniter->initialize()
#3 D:\xampp\htdocs\CI\apps_crudsci4\index.php(35): require('D:\\xampp\\htdocs...')
#4 {main}
CRITICAL - 2022-04-13 06:41:51 --> The framework needs the following extension(s) installed and loaded: intl.
#0 D:\xampp\htdocs\CI\apps_crudsci4\system\CodeIgniter.php(219): CodeIgniter\Exceptions\FrameworkException::forMissingExtension('intl')
#1 D:\xampp\htdocs\CI\apps_crudsci4\system\CodeIgniter.php(177): CodeIgniter\CodeIgniter->resolvePlatformExtensions()
#2 D:\xampp\htdocs\CI\apps_crudsci4\system\bootstrap.php(146): CodeIgniter\CodeIgniter->initialize()
#3 D:\xampp\htdocs\CI\apps_crudsci4\index.php(35): require('D:\\xampp\\htdocs...')
#4 {main}
CRITICAL - 2022-04-13 06:51:00 --> The framework needs the following extension(s) installed and loaded: intl.
#0 D:\xampp\htdocs\CI\apps_crudsci4\system\CodeIgniter.php(219): CodeIgniter\Exceptions\FrameworkException::forMissingExtension('intl')
#1 D:\xampp\htdocs\CI\apps_crudsci4\system\CodeIgniter.php(177): CodeIgniter\CodeIgniter->resolvePlatformExtensions()
#2 D:\xampp\htdocs\CI\apps_crudsci4\system\bootstrap.php(146): CodeIgniter\CodeIgniter->initialize()
#3 D:\xampp\htdocs\CI\apps_crudsci4\index.php(35): require('D:\\xampp\\htdocs...')
#4 {main}
CRITICAL - 2022-04-13 07:15:52 --> The framework needs the following extension(s) installed and loaded: intl.
#0 D:\xampp81\htdocs\CI\apps_crudsci4\system\CodeIgniter.php(219): CodeIgniter\Exceptions\FrameworkException::forMissingExtension('intl')
#1 D:\xampp81\htdocs\CI\apps_crudsci4\system\CodeIgniter.php(177): CodeIgniter\CodeIgniter->resolvePlatformExtensions()
#2 D:\xampp81\htdocs\CI\apps_crudsci4\system\bootstrap.php(146): CodeIgniter\CodeIgniter->initialize()
#3 D:\xampp81\htdocs\CI\apps_crudsci4\index.php(35): require('D:\\xampp81\\htdo...')
#4 {main}
CRITICAL - 2022-04-13 07:17:35 --> The framework needs the following extension(s) installed and loaded: intl.
#0 D:\xampp81\htdocs\CI\apps_crudsci4\system\CodeIgniter.php(219): CodeIgniter\Exceptions\FrameworkException::forMissingExtension('intl')
#1 D:\xampp81\htdocs\CI\apps_crudsci4\system\CodeIgniter.php(177): CodeIgniter\CodeIgniter->resolvePlatformExtensions()
#2 D:\xampp81\htdocs\CI\apps_crudsci4\system\bootstrap.php(146): CodeIgniter\CodeIgniter->initialize()
#3 D:\xampp81\htdocs\CI\apps_crudsci4\index.php(35): require('D:\\xampp81\\htdo...')
#4 {main}
CRITICAL - 2022-04-13 07:20:45 --> The framework needs the following extension(s) installed and loaded: intl.
#0 D:\xampp81\htdocs\CI\apps_crudsci4\system\CodeIgniter.php(219): CodeIgniter\Exceptions\FrameworkException::forMissingExtension('intl')
#1 D:\xampp81\htdocs\CI\apps_crudsci4\system\CodeIgniter.php(177): CodeIgniter\CodeIgniter->resolvePlatformExtensions()
#2 D:\xampp81\htdocs\CI\apps_crudsci4\system\bootstrap.php(146): CodeIgniter\CodeIgniter->initialize()
#3 D:\xampp81\htdocs\CI\apps_crudsci4\index.php(35): require('D:\\xampp81\\htdo...')
#4 {main}
CRITICAL - 2022-04-13 07:25:17 --> The framework needs the following extension(s) installed and loaded: intl.
#0 D:\xampp81\htdocs\CI\apps_crudsci4\system\CodeIgniter.php(219): CodeIgniter\Exceptions\FrameworkException::forMissingExtension('intl')
#1 D:\xampp81\htdocs\CI\apps_crudsci4\system\CodeIgniter.php(177): CodeIgniter\CodeIgniter->resolvePlatformExtensions()
#2 D:\xampp81\htdocs\CI\apps_crudsci4\system\bootstrap.php(146): CodeIgniter\CodeIgniter->initialize()
#3 D:\xampp81\htdocs\CI\apps_crudsci4\index.php(35): require('D:\\xampp81\\htdo...')
#4 {main}
CRITICAL - 2022-04-13 07:25:19 --> The framework needs the following extension(s) installed and loaded: intl.
#0 D:\xampp81\htdocs\CI\apps_crudsci4\system\CodeIgniter.php(219): CodeIgniter\Exceptions\FrameworkException::forMissingExtension('intl')
#1 D:\xampp81\htdocs\CI\apps_crudsci4\system\CodeIgniter.php(177): CodeIgniter\CodeIgniter->resolvePlatformExtensions()
#2 D:\xampp81\htdocs\CI\apps_crudsci4\system\bootstrap.php(146): CodeIgniter\CodeIgniter->initialize()
#3 D:\xampp81\htdocs\CI\apps_crudsci4\index.php(35): require('D:\\xampp81\\htdo...')
#4 {main}
CRITICAL - 2022-04-13 08:26:52 --> The framework needs the following extension(s) installed and loaded: intl.
#0 D:\xampp81\htdocs\CI\apps_crudsci4\system\CodeIgniter.php(219): CodeIgniter\Exceptions\FrameworkException::forMissingExtension('intl')
#1 D:\xampp81\htdocs\CI\apps_crudsci4\system\CodeIgniter.php(177): CodeIgniter\CodeIgniter->resolvePlatformExtensions()
#2 D:\xampp81\htdocs\CI\apps_crudsci4\system\bootstrap.php(146): CodeIgniter\CodeIgniter->initialize()
#3 D:\xampp81\htdocs\CI\apps_crudsci4\index.php(35): require('D:\\xampp81\\htdo...')
#4 {main}
CRITICAL - 2022-04-13 08:26:53 --> The framework needs the following extension(s) installed and loaded: intl.
#0 D:\xampp81\htdocs\CI\apps_crudsci4\system\CodeIgniter.php(219): CodeIgniter\Exceptions\FrameworkException::forMissingExtension('intl')
#1 D:\xampp81\htdocs\CI\apps_crudsci4\system\CodeIgniter.php(177): CodeIgniter\CodeIgniter->resolvePlatformExtensions()
#2 D:\xampp81\htdocs\CI\apps_crudsci4\system\bootstrap.php(146): CodeIgniter\CodeIgniter->initialize()
#3 D:\xampp81\htdocs\CI\apps_crudsci4\index.php(35): require('D:\\xampp81\\htdo...')
#4 {main}
CRITICAL - 2022-04-13 08:27:16 --> The framework needs the following extension(s) installed and loaded: intl.
#0 D:\xampp81\htdocs\CI\apps_crudsci4\system\CodeIgniter.php(219): CodeIgniter\Exceptions\FrameworkException::forMissingExtension('intl')
#1 D:\xampp81\htdocs\CI\apps_crudsci4\system\CodeIgniter.php(177): CodeIgniter\CodeIgniter->resolvePlatformExtensions()
#2 D:\xampp81\htdocs\CI\apps_crudsci4\system\bootstrap.php(146): CodeIgniter\CodeIgniter->initialize()
#3 D:\xampp81\htdocs\CI\apps_crudsci4\index.php(35): require('D:\\xampp81\\htdo...')
#4 {main}
CRITICAL - 2022-04-13 08:33:35 --> The framework needs the following extension(s) installed and loaded: intl.
#0 D:\xampp81\htdocs\CI\apps_crudsci4\system\CodeIgniter.php(219): CodeIgniter\Exceptions\FrameworkException::forMissingExtension('intl')
#1 D:\xampp81\htdocs\CI\apps_crudsci4\system\CodeIgniter.php(177): CodeIgniter\CodeIgniter->resolvePlatformExtensions()
#2 D:\xampp81\htdocs\CI\apps_crudsci4\system\bootstrap.php(146): CodeIgniter\CodeIgniter->initialize()
#3 D:\xampp81\htdocs\CI\apps_crudsci4\index.php(35): require('D:\\xampp81\\htdo...')
#4 {main}
CRITICAL - 2022-04-13 08:33:36 --> The framework needs the following extension(s) installed and loaded: intl.
#0 D:\xampp81\htdocs\CI\apps_crudsci4\system\CodeIgniter.php(219): CodeIgniter\Exceptions\FrameworkException::forMissingExtension('intl')
#1 D:\xampp81\htdocs\CI\apps_crudsci4\system\CodeIgniter.php(177): CodeIgniter\CodeIgniter->resolvePlatformExtensions()
#2 D:\xampp81\htdocs\CI\apps_crudsci4\system\bootstrap.php(146): CodeIgniter\CodeIgniter->initialize()
#3 D:\xampp81\htdocs\CI\apps_crudsci4\index.php(35): require('D:\\xampp81\\htdo...')
#4 {main}
CRITICAL - 2022-04-13 08:33:36 --> The framework needs the following extension(s) installed and loaded: intl.
#0 D:\xampp81\htdocs\CI\apps_crudsci4\system\CodeIgniter.php(219): CodeIgniter\Exceptions\FrameworkException::forMissingExtension('intl')
#1 D:\xampp81\htdocs\CI\apps_crudsci4\system\CodeIgniter.php(177): CodeIgniter\CodeIgniter->resolvePlatformExtensions()
#2 D:\xampp81\htdocs\CI\apps_crudsci4\system\bootstrap.php(146): CodeIgniter\CodeIgniter->initialize()
#3 D:\xampp81\htdocs\CI\apps_crudsci4\index.php(35): require('D:\\xampp81\\htdo...')
#4 {main}
CRITICAL - 2022-04-13 08:33:37 --> The framework needs the following extension(s) installed and loaded: intl.
#0 D:\xampp81\htdocs\CI\apps_crudsci4\system\CodeIgniter.php(219): CodeIgniter\Exceptions\FrameworkException::forMissingExtension('intl')
#1 D:\xampp81\htdocs\CI\apps_crudsci4\system\CodeIgniter.php(177): CodeIgniter\CodeIgniter->resolvePlatformExtensions()
#2 D:\xampp81\htdocs\CI\apps_crudsci4\system\bootstrap.php(146): CodeIgniter\CodeIgniter->initialize()
#3 D:\xampp81\htdocs\CI\apps_crudsci4\index.php(35): require('D:\\xampp81\\htdo...')
#4 {main}
CRITICAL - 2022-04-13 08:34:17 --> The framework needs the following extension(s) installed and loaded: intl.
#0 D:\xampp81\htdocs\CI\apps_crudsci4\system\CodeIgniter.php(219): CodeIgniter\Exceptions\FrameworkException::forMissingExtension('intl')
#1 D:\xampp81\htdocs\CI\apps_crudsci4\system\CodeIgniter.php(177): CodeIgniter\CodeIgniter->resolvePlatformExtensions()
#2 D:\xampp81\htdocs\CI\apps_crudsci4\system\bootstrap.php(146): CodeIgniter\CodeIgniter->initialize()
#3 D:\xampp81\htdocs\CI\apps_crudsci4\index.php(35): require('D:\\xampp81\\htdo...')
#4 {main}
CRITICAL - 2022-04-13 08:34:17 --> The framework needs the following extension(s) installed and loaded: intl.
#0 D:\xampp81\htdocs\CI\apps_crudsci4\system\CodeIgniter.php(219): CodeIgniter\Exceptions\FrameworkException::forMissingExtension('intl')
#1 D:\xampp81\htdocs\CI\apps_crudsci4\system\CodeIgniter.php(177): CodeIgniter\CodeIgniter->resolvePlatformExtensions()
#2 D:\xampp81\htdocs\CI\apps_crudsci4\system\bootstrap.php(146): CodeIgniter\CodeIgniter->initialize()
#3 D:\xampp81\htdocs\CI\apps_crudsci4\index.php(35): require('D:\\xampp81\\htdo...')
#4 {main}
CRITICAL - 2022-04-13 08:34:18 --> The framework needs the following extension(s) installed and loaded: intl.
#0 D:\xampp81\htdocs\CI\apps_crudsci4\system\CodeIgniter.php(219): CodeIgniter\Exceptions\FrameworkException::forMissingExtension('intl')
#1 D:\xampp81\htdocs\CI\apps_crudsci4\system\CodeIgniter.php(177): CodeIgniter\CodeIgniter->resolvePlatformExtensions()
#2 D:\xampp81\htdocs\CI\apps_crudsci4\system\bootstrap.php(146): CodeIgniter\CodeIgniter->initialize()
#3 D:\xampp81\htdocs\CI\apps_crudsci4\index.php(35): require('D:\\xampp81\\htdo...')
#4 {main}
CRITICAL - 2022-04-13 08:34:18 --> The framework needs the following extension(s) installed and loaded: intl.
#0 D:\xampp81\htdocs\CI\apps_crudsci4\system\CodeIgniter.php(219): CodeIgniter\Exceptions\FrameworkException::forMissingExtension('intl')
#1 D:\xampp81\htdocs\CI\apps_crudsci4\system\CodeIgniter.php(177): CodeIgniter\CodeIgniter->resolvePlatformExtensions()
#2 D:\xampp81\htdocs\CI\apps_crudsci4\system\bootstrap.php(146): CodeIgniter\CodeIgniter->initialize()
#3 D:\xampp81\htdocs\CI\apps_crudsci4\index.php(35): require('D:\\xampp81\\htdo...')
#4 {main}
CRITICAL - 2022-04-13 08:34:21 --> The framework needs the following extension(s) installed and loaded: intl.
#0 D:\xampp81\htdocs\CI\apps_crudsci4\system\CodeIgniter.php(219): CodeIgniter\Exceptions\FrameworkException::forMissingExtension('intl')
#1 D:\xampp81\htdocs\CI\apps_crudsci4\system\CodeIgniter.php(177): CodeIgniter\CodeIgniter->resolvePlatformExtensions()
#2 D:\xampp81\htdocs\CI\apps_crudsci4\system\bootstrap.php(146): CodeIgniter\CodeIgniter->initialize()
#3 D:\xampp81\htdocs\CI\apps_crudsci4\index.php(35): require('D:\\xampp81\\htdo...')
#4 {main}
CRITICAL - 2022-04-13 08:38:15 --> The framework needs the following extension(s) installed and loaded: intl.
#0 D:\xampp81\htdocs\CI\apps_crudsci4\system\CodeIgniter.php(219): CodeIgniter\Exceptions\FrameworkException::forMissingExtension('intl')
#1 D:\xampp81\htdocs\CI\apps_crudsci4\system\CodeIgniter.php(177): CodeIgniter\CodeIgniter->resolvePlatformExtensions()
#2 D:\xampp81\htdocs\CI\apps_crudsci4\system\bootstrap.php(146): CodeIgniter\CodeIgniter->initialize()
#3 D:\xampp81\htdocs\CI\apps_crudsci4\index.php(35): require('D:\\xampp81\\htdo...')
#4 {main}
CRITICAL - 2022-04-13 08:38:16 --> The framework needs the following extension(s) installed and loaded: intl.
#0 D:\xampp81\htdocs\CI\apps_crudsci4\system\CodeIgniter.php(219): CodeIgniter\Exceptions\FrameworkException::forMissingExtension('intl')
#1 D:\xampp81\htdocs\CI\apps_crudsci4\system\CodeIgniter.php(177): CodeIgniter\CodeIgniter->resolvePlatformExtensions()
#2 D:\xampp81\htdocs\CI\apps_crudsci4\system\bootstrap.php(146): CodeIgniter\CodeIgniter->initialize()
#3 D:\xampp81\htdocs\CI\apps_crudsci4\index.php(35): require('D:\\xampp81\\htdo...')
#4 {main}
