CRITICAL - 2022-07-12 19:35:06 --> Class 'App\Controllers\PageNotFoundException' not found
#0 C:\xampp\htdocs\webci_kulinernew\system\CodeIgniter.php(825): App\Controllers\Komentar->index()
#1 C:\xampp\htdocs\webci_kulinernew\system\CodeIgniter.php(412): CodeIgniter\CodeIgniter->runController(Object(App\Controllers\Komentar))
#2 C:\xampp\htdocs\webci_kulinernew\system\CodeIgniter.php(320): CodeIgniter\CodeIgniter->handleRequest(NULL, Object(Config\Cache), false)
#3 C:\xampp\htdocs\webci_kulinernew\index.php(44): CodeIgniter\CodeIgniter->run()
#4 {main}
CRITICAL - 2022-07-12 19:35:11 --> Class 'App\Controllers\PageNotFoundException' not found
#0 C:\xampp\htdocs\webci_kulinernew\system\CodeIgniter.php(825): App\Controllers\Komentar->index()
#1 C:\xampp\htdocs\webci_kulinernew\system\CodeIgniter.php(412): CodeIgniter\CodeIgniter->runController(Object(App\Controllers\Komentar))
#2 C:\xampp\htdocs\webci_kulinernew\system\CodeIgniter.php(320): CodeIgniter\CodeIgniter->handleRequest(NULL, Object(Config\Cache), false)
#3 C:\xampp\htdocs\webci_kulinernew\index.php(44): CodeIgniter\CodeIgniter->run()
#4 {main}
CRITICAL - 2022-07-12 19:36:20 --> Class 'App\Controllers\PageNotFoundException' not found
#0 C:\xampp\htdocs\webci_kulinernew\system\CodeIgniter.php(825): App\Controllers\Komentar->index()
#1 C:\xampp\htdocs\webci_kulinernew\system\CodeIgniter.php(412): CodeIgniter\CodeIgniter->runController(Object(App\Controllers\Komentar))
#2 C:\xampp\htdocs\webci_kulinernew\system\CodeIgniter.php(320): CodeIgniter\CodeIgniter->handleRequest(NULL, Object(Config\Cache), false)
#3 C:\xampp\htdocs\webci_kulinernew\index.php(44): CodeIgniter\CodeIgniter->run()
#4 {main}
CRITICAL - 2022-07-12 19:36:24 --> Class 'App\Controllers\PageNotFoundException' not found
#0 C:\xampp\htdocs\webci_kulinernew\system\CodeIgniter.php(825): App\Controllers\Komentar->index()
#1 C:\xampp\htdocs\webci_kulinernew\system\CodeIgniter.php(412): CodeIgniter\CodeIgniter->runController(Object(App\Controllers\Komentar))
#2 C:\xampp\htdocs\webci_kulinernew\system\CodeIgniter.php(320): CodeIgniter\CodeIgniter->handleRequest(NULL, Object(Config\Cache), false)
#3 C:\xampp\htdocs\webci_kulinernew\index.php(44): CodeIgniter\CodeIgniter->run()
#4 {main}
CRITICAL - 2022-07-12 19:36:34 --> Class 'App\Controllers\PageNotFoundException' not found
#0 C:\xampp\htdocs\webci_kulinernew\system\CodeIgniter.php(825): App\Controllers\Komentar->index()
#1 C:\xampp\htdocs\webci_kulinernew\system\CodeIgniter.php(412): CodeIgniter\CodeIgniter->runController(Object(App\Controllers\Komentar))
#2 C:\xampp\htdocs\webci_kulinernew\system\CodeIgniter.php(320): CodeIgniter\CodeIgniter->handleRequest(NULL, Object(Config\Cache), false)
#3 C:\xampp\htdocs\webci_kulinernew\index.php(44): CodeIgniter\CodeIgniter->run()
#4 {main}
