CRITICAL - 2022-04-26 09:13:25 --> The framework needs the following extension(s) installed and loaded: intl.
#0 D:\xampp\htdocs\bimbel\CodeIgniter\webci_kuliner\system\CodeIgniter.php(219): CodeIgniter\Exceptions\FrameworkException::forMissingExtension('intl')
#1 D:\xampp\htdocs\bimbel\CodeIgniter\webci_kuliner\system\CodeIgniter.php(177): CodeIgniter\CodeIgniter->resolvePlatformExtensions()
#2 D:\xampp\htdocs\bimbel\CodeIgniter\webci_kuliner\system\bootstrap.php(146): CodeIgniter\CodeIgniter->initialize()
#3 D:\xampp\htdocs\bimbel\CodeIgniter\webci_kuliner\index.php(35): require('D:\\xampp\\htdocs...')
#4 {main}
CRITICAL - 2022-04-26 09:17:31 --> The framework needs the following extension(s) installed and loaded: intl.
#0 D:\xampp\htdocs\bimbel\CodeIgniter\webci_kuliner\system\CodeIgniter.php(219): CodeIgniter\Exceptions\FrameworkException::forMissingExtension('intl')
#1 D:\xampp\htdocs\bimbel\CodeIgniter\webci_kuliner\system\CodeIgniter.php(177): CodeIgniter\CodeIgniter->resolvePlatformExtensions()
#2 D:\xampp\htdocs\bimbel\CodeIgniter\webci_kuliner\system\bootstrap.php(146): CodeIgniter\CodeIgniter->initialize()
#3 D:\xampp\htdocs\bimbel\CodeIgniter\webci_kuliner\index.php(35): require('D:\\xampp\\htdocs...')
#4 {main}
CRITICAL - 2022-04-26 09:18:41 --> The framework needs the following extension(s) installed and loaded: intl.
#0 D:\xampp\htdocs\bimbel\CodeIgniter\webci_kuliner\system\CodeIgniter.php(219): CodeIgniter\Exceptions\FrameworkException::forMissingExtension('intl')
#1 D:\xampp\htdocs\bimbel\CodeIgniter\webci_kuliner\system\CodeIgniter.php(177): CodeIgniter\CodeIgniter->resolvePlatformExtensions()
#2 D:\xampp\htdocs\bimbel\CodeIgniter\webci_kuliner\system\bootstrap.php(146): CodeIgniter\CodeIgniter->initialize()
#3 D:\xampp\htdocs\bimbel\CodeIgniter\webci_kuliner\index.php(35): require('D:\\xampp\\htdocs...')
#4 {main}
CRITICAL - 2022-04-26 09:18:42 --> The framework needs the following extension(s) installed and loaded: intl.
#0 D:\xampp\htdocs\bimbel\CodeIgniter\webci_kuliner\system\CodeIgniter.php(219): CodeIgniter\Exceptions\FrameworkException::forMissingExtension('intl')
#1 D:\xampp\htdocs\bimbel\CodeIgniter\webci_kuliner\system\CodeIgniter.php(177): CodeIgniter\CodeIgniter->resolvePlatformExtensions()
#2 D:\xampp\htdocs\bimbel\CodeIgniter\webci_kuliner\system\bootstrap.php(146): CodeIgniter\CodeIgniter->initialize()
#3 D:\xampp\htdocs\bimbel\CodeIgniter\webci_kuliner\index.php(35): require('D:\\xampp\\htdocs...')
#4 {main}
