CRITICAL - 2022-07-27 02:16:24 --> Class 'App\Controllers\PageNotFoundException' not found
#0 C:\xampp\htdocs\webci_kulinernew\system\CodeIgniter.php(825): App\Controllers\Komentar->index()
#1 C:\xampp\htdocs\webci_kulinernew\system\CodeIgniter.php(412): CodeIgniter\CodeIgniter->runController(Object(App\Controllers\Komentar))
#2 C:\xampp\htdocs\webci_kulinernew\system\CodeIgniter.php(320): CodeIgniter\CodeIgniter->handleRequest(NULL, Object(Config\Cache), false)
#3 C:\xampp\htdocs\webci_kulinernew\index.php(44): CodeIgniter\CodeIgniter->run()
#4 {main}
CRITICAL - 2022-07-27 02:16:26 --> Class 'App\Controllers\PageNotFoundException' not found
#0 C:\xampp\htdocs\webci_kulinernew\system\CodeIgniter.php(825): App\Controllers\Komentar->index()
#1 C:\xampp\htdocs\webci_kulinernew\system\CodeIgniter.php(412): CodeIgniter\CodeIgniter->runController(Object(App\Controllers\Komentar))
#2 C:\xampp\htdocs\webci_kulinernew\system\CodeIgniter.php(320): CodeIgniter\CodeIgniter->handleRequest(NULL, Object(Config\Cache), false)
#3 C:\xampp\htdocs\webci_kulinernew\index.php(44): CodeIgniter\CodeIgniter->run()
#4 {main}
CRITICAL - 2022-07-27 02:41:58 --> Class 'App\Controllers\PageNotFoundException' not found
#0 C:\xampp\htdocs\webci_kulinernew\system\CodeIgniter.php(825): App\Controllers\Komentar->index()
#1 C:\xampp\htdocs\webci_kulinernew\system\CodeIgniter.php(412): CodeIgniter\CodeIgniter->runController(Object(App\Controllers\Komentar))
#2 C:\xampp\htdocs\webci_kulinernew\system\CodeIgniter.php(320): CodeIgniter\CodeIgniter->handleRequest(NULL, Object(Config\Cache), false)
#3 C:\xampp\htdocs\webci_kulinernew\index.php(44): CodeIgniter\CodeIgniter->run()
#4 {main}
CRITICAL - 2022-07-27 04:01:59 --> Call to undefined function form_open_multipart()
#0 C:\xampp\htdocs\webci_kulinernew\system\View\View.php(210): include()
#1 C:\xampp\htdocs\webci_kulinernew\system\View\View.php(213): CodeIgniter\View\View->CodeIgniter\View\{closure}()
#2 C:\xampp\htdocs\webci_kulinernew\system\Common.php(1089): CodeIgniter\View\View->render('formpengguna', Array, true)
#3 C:\xampp\htdocs\webci_kulinernew\app\Controllers\Formpengguna.php(16): view('formpengguna')
#4 C:\xampp\htdocs\webci_kulinernew\system\CodeIgniter.php(825): App\Controllers\Formpengguna->index()
#5 C:\xampp\htdocs\webci_kulinernew\system\CodeIgniter.php(412): CodeIgniter\CodeIgniter->runController(Object(App\Controllers\Formpengguna))
#6 C:\xampp\htdocs\webci_kulinernew\system\CodeIgniter.php(320): CodeIgniter\CodeIgniter->handleRequest(NULL, Object(Config\Cache), false)
#7 C:\xampp\htdocs\webci_kulinernew\index.php(44): CodeIgniter\CodeIgniter->run()
#8 {main}
CRITICAL - 2022-07-27 04:03:11 --> Call to undefined function form_input()
#0 C:\xampp\htdocs\webci_kulinernew\system\View\View.php(210): include()
#1 C:\xampp\htdocs\webci_kulinernew\system\View\View.php(213): CodeIgniter\View\View->CodeIgniter\View\{closure}()
#2 C:\xampp\htdocs\webci_kulinernew\system\Common.php(1089): CodeIgniter\View\View->render('formpengguna', Array, true)
#3 C:\xampp\htdocs\webci_kulinernew\app\Controllers\Formpengguna.php(16): view('formpengguna')
#4 C:\xampp\htdocs\webci_kulinernew\system\CodeIgniter.php(825): App\Controllers\Formpengguna->index()
#5 C:\xampp\htdocs\webci_kulinernew\system\CodeIgniter.php(412): CodeIgniter\CodeIgniter->runController(Object(App\Controllers\Formpengguna))
#6 C:\xampp\htdocs\webci_kulinernew\system\CodeIgniter.php(320): CodeIgniter\CodeIgniter->handleRequest(NULL, Object(Config\Cache), false)
#7 C:\xampp\htdocs\webci_kulinernew\index.php(44): CodeIgniter\CodeIgniter->run()
#8 {main}
CRITICAL - 2022-07-27 04:03:13 --> Call to undefined function form_input()
#0 C:\xampp\htdocs\webci_kulinernew\system\View\View.php(210): include()
#1 C:\xampp\htdocs\webci_kulinernew\system\View\View.php(213): CodeIgniter\View\View->CodeIgniter\View\{closure}()
#2 C:\xampp\htdocs\webci_kulinernew\system\Common.php(1089): CodeIgniter\View\View->render('formpengguna', Array, true)
#3 C:\xampp\htdocs\webci_kulinernew\app\Controllers\Formpengguna.php(16): view('formpengguna')
#4 C:\xampp\htdocs\webci_kulinernew\system\CodeIgniter.php(825): App\Controllers\Formpengguna->index()
#5 C:\xampp\htdocs\webci_kulinernew\system\CodeIgniter.php(412): CodeIgniter\CodeIgniter->runController(Object(App\Controllers\Formpengguna))
#6 C:\xampp\htdocs\webci_kulinernew\system\CodeIgniter.php(320): CodeIgniter\CodeIgniter->handleRequest(NULL, Object(Config\Cache), false)
#7 C:\xampp\htdocs\webci_kulinernew\index.php(44): CodeIgniter\CodeIgniter->run()
#8 {main}
CRITICAL - 2022-07-27 04:03:14 --> Call to undefined function form_input()
#0 C:\xampp\htdocs\webci_kulinernew\system\View\View.php(210): include()
#1 C:\xampp\htdocs\webci_kulinernew\system\View\View.php(213): CodeIgniter\View\View->CodeIgniter\View\{closure}()
#2 C:\xampp\htdocs\webci_kulinernew\system\Common.php(1089): CodeIgniter\View\View->render('formpengguna', Array, true)
#3 C:\xampp\htdocs\webci_kulinernew\app\Controllers\Formpengguna.php(16): view('formpengguna')
#4 C:\xampp\htdocs\webci_kulinernew\system\CodeIgniter.php(825): App\Controllers\Formpengguna->index()
#5 C:\xampp\htdocs\webci_kulinernew\system\CodeIgniter.php(412): CodeIgniter\CodeIgniter->runController(Object(App\Controllers\Formpengguna))
#6 C:\xampp\htdocs\webci_kulinernew\system\CodeIgniter.php(320): CodeIgniter\CodeIgniter->handleRequest(NULL, Object(Config\Cache), false)
#7 C:\xampp\htdocs\webci_kulinernew\index.php(44): CodeIgniter\CodeIgniter->run()
#8 {main}
CRITICAL - 2022-07-27 04:31:12 --> Call to undefined function form_open_multipart()
#0 C:\xampp\htdocs\webci_kulinernew\system\View\View.php(210): include()
#1 C:\xampp\htdocs\webci_kulinernew\system\View\View.php(213): CodeIgniter\View\View->CodeIgniter\View\{closure}()
#2 C:\xampp\htdocs\webci_kulinernew\system\Common.php(1089): CodeIgniter\View\View->render('formpengguna', Array, true)
#3 C:\xampp\htdocs\webci_kulinernew\app\Controllers\Formpengguna.php(16): view('formpengguna')
#4 C:\xampp\htdocs\webci_kulinernew\system\CodeIgniter.php(825): App\Controllers\Formpengguna->index()
#5 C:\xampp\htdocs\webci_kulinernew\system\CodeIgniter.php(412): CodeIgniter\CodeIgniter->runController(Object(App\Controllers\Formpengguna))
#6 C:\xampp\htdocs\webci_kulinernew\system\CodeIgniter.php(320): CodeIgniter\CodeIgniter->handleRequest(NULL, Object(Config\Cache), false)
#7 C:\xampp\htdocs\webci_kulinernew\index.php(44): CodeIgniter\CodeIgniter->run()
#8 {main}
CRITICAL - 2022-07-27 04:31:13 --> Call to undefined function form_open_multipart()
#0 C:\xampp\htdocs\webci_kulinernew\system\View\View.php(210): include()
#1 C:\xampp\htdocs\webci_kulinernew\system\View\View.php(213): CodeIgniter\View\View->CodeIgniter\View\{closure}()
#2 C:\xampp\htdocs\webci_kulinernew\system\Common.php(1089): CodeIgniter\View\View->render('formpengguna', Array, true)
#3 C:\xampp\htdocs\webci_kulinernew\app\Controllers\Formpengguna.php(16): view('formpengguna')
#4 C:\xampp\htdocs\webci_kulinernew\system\CodeIgniter.php(825): App\Controllers\Formpengguna->index()
#5 C:\xampp\htdocs\webci_kulinernew\system\CodeIgniter.php(412): CodeIgniter\CodeIgniter->runController(Object(App\Controllers\Formpengguna))
#6 C:\xampp\htdocs\webci_kulinernew\system\CodeIgniter.php(320): CodeIgniter\CodeIgniter->handleRequest(NULL, Object(Config\Cache), false)
#7 C:\xampp\htdocs\webci_kulinernew\index.php(44): CodeIgniter\CodeIgniter->run()
#8 {main}
CRITICAL - 2022-07-27 04:34:22 --> Call to undefined function form_open_multipart()
#0 C:\xampp\htdocs\webci_kulinernew\system\View\View.php(210): include()
#1 C:\xampp\htdocs\webci_kulinernew\system\View\View.php(213): CodeIgniter\View\View->CodeIgniter\View\{closure}()
#2 C:\xampp\htdocs\webci_kulinernew\system\Common.php(1089): CodeIgniter\View\View->render('formpengguna', Array, true)
#3 C:\xampp\htdocs\webci_kulinernew\app\Controllers\Formpengguna.php(16): view('formpengguna')
#4 C:\xampp\htdocs\webci_kulinernew\system\CodeIgniter.php(825): App\Controllers\Formpengguna->index()
#5 C:\xampp\htdocs\webci_kulinernew\system\CodeIgniter.php(412): CodeIgniter\CodeIgniter->runController(Object(App\Controllers\Formpengguna))
#6 C:\xampp\htdocs\webci_kulinernew\system\CodeIgniter.php(320): CodeIgniter\CodeIgniter->handleRequest(NULL, Object(Config\Cache), false)
#7 C:\xampp\htdocs\webci_kulinernew\index.php(44): CodeIgniter\CodeIgniter->run()
#8 {main}
CRITICAL - 2022-07-27 04:34:51 --> Call to undefined function form_open_multipart()
#0 C:\xampp\htdocs\webci_kulinernew\system\View\View.php(210): include()
#1 C:\xampp\htdocs\webci_kulinernew\system\View\View.php(213): CodeIgniter\View\View->CodeIgniter\View\{closure}()
#2 C:\xampp\htdocs\webci_kulinernew\system\Common.php(1089): CodeIgniter\View\View->render('formpengguna', Array, true)
#3 C:\xampp\htdocs\webci_kulinernew\app\Controllers\Formpengguna.php(16): view('formpengguna')
#4 C:\xampp\htdocs\webci_kulinernew\system\CodeIgniter.php(825): App\Controllers\Formpengguna->index()
#5 C:\xampp\htdocs\webci_kulinernew\system\CodeIgniter.php(412): CodeIgniter\CodeIgniter->runController(Object(App\Controllers\Formpengguna))
#6 C:\xampp\htdocs\webci_kulinernew\system\CodeIgniter.php(320): CodeIgniter\CodeIgniter->handleRequest(NULL, Object(Config\Cache), false)
#7 C:\xampp\htdocs\webci_kulinernew\index.php(44): CodeIgniter\CodeIgniter->run()
#8 {main}
CRITICAL - 2022-07-27 04:34:52 --> Call to undefined function form_open_multipart()
#0 C:\xampp\htdocs\webci_kulinernew\system\View\View.php(210): include()
#1 C:\xampp\htdocs\webci_kulinernew\system\View\View.php(213): CodeIgniter\View\View->CodeIgniter\View\{closure}()
#2 C:\xampp\htdocs\webci_kulinernew\system\Common.php(1089): CodeIgniter\View\View->render('formpengguna', Array, true)
#3 C:\xampp\htdocs\webci_kulinernew\app\Controllers\Formpengguna.php(16): view('formpengguna')
#4 C:\xampp\htdocs\webci_kulinernew\system\CodeIgniter.php(825): App\Controllers\Formpengguna->index()
#5 C:\xampp\htdocs\webci_kulinernew\system\CodeIgniter.php(412): CodeIgniter\CodeIgniter->runController(Object(App\Controllers\Formpengguna))
#6 C:\xampp\htdocs\webci_kulinernew\system\CodeIgniter.php(320): CodeIgniter\CodeIgniter->handleRequest(NULL, Object(Config\Cache), false)
#7 C:\xampp\htdocs\webci_kulinernew\index.php(44): CodeIgniter\CodeIgniter->run()
#8 {main}
